2025-08-14 12:10:33,351 - Logging started - Log file: logs\debug_20250814_121033.log
2025-08-14 12:10:37,035 - STREAM b'IHDR' 16 13
2025-08-14 12:10:37,035 - STREAM b'sRGB' 41 1
2025-08-14 12:10:37,035 - STREAM b'gAMA' 54 4
2025-08-14 12:10:37,035 - STREAM b'pHYs' 70 9
2025-08-14 12:10:37,035 - STREAM b'IDAT' 91 65445
2025-08-14 12:10:37,070 - STREAM b'IHDR' 16 13
2025-08-14 12:10:37,070 - STREAM b'sRGB' 41 1
2025-08-14 12:10:37,070 - STREAM b'gAMA' 54 4
2025-08-14 12:10:37,070 - STREAM b'pHYs' 70 9
2025-08-14 12:10:37,070 - STREAM b'IDAT' 91 19474
2025-08-14 12:10:37,084 - STREAM b'IHDR' 16 13
2025-08-14 12:10:37,085 - STREAM b'sRGB' 41 1
2025-08-14 12:10:37,085 - STREAM b'gAMA' 54 4
2025-08-14 12:10:37,085 - STREAM b'pHYs' 70 9
2025-08-14 12:10:37,085 - STREAM b'IDAT' 91 65445
2025-08-14 12:10:37,103 - STREAM b'IHDR' 16 13
2025-08-14 12:10:37,103 - STREAM b'sRGB' 41 1
2025-08-14 12:10:37,103 - STREAM b'gAMA' 54 4
2025-08-14 12:10:37,104 - STREAM b'pHYs' 70 9
2025-08-14 12:10:37,104 - STREAM b'IDAT' 91 19474
2025-08-14 12:10:37,111 - STREAM b'IHDR' 16 13
2025-08-14 12:10:37,111 - STREAM b'sRGB' 41 1
2025-08-14 12:10:37,111 - STREAM b'gAMA' 54 4
2025-08-14 12:10:37,111 - STREAM b'pHYs' 70 9
2025-08-14 12:10:37,111 - STREAM b'IDAT' 91 65445
2025-08-14 12:10:37,132 - STREAM b'IHDR' 16 13
2025-08-14 12:10:37,132 - STREAM b'sRGB' 41 1
2025-08-14 12:10:37,132 - STREAM b'gAMA' 54 4
2025-08-14 12:10:37,132 - STREAM b'pHYs' 70 9
2025-08-14 12:10:37,132 - STREAM b'IDAT' 91 19474
2025-08-14 12:10:54,261 - Fade logic - postcards: 2, fade_out_enabled: True
2025-08-14 12:10:54,261 - will_create_manual_transition: True, apply_fade_out: False
2025-08-14 12:10:54,287 - STREAM b'IHDR' 16 13
2025-08-14 12:10:54,287 - STREAM b'sRGB' 41 1
2025-08-14 12:10:54,287 - STREAM b'gAMA' 54 4
2025-08-14 12:10:54,287 - STREAM b'pHYs' 70 9
2025-08-14 12:10:54,287 - STREAM b'IDAT' 91 19474
2025-08-14 12:10:54,293 - Skipping fade out effect (manual transition will be used)
2025-08-14 12:10:54,307 - Creating manual fade transition from start to first postcard
2025-08-14 12:10:54,307 - Creating fade transition: clip1 duration=3.0, transition duration=1.0
2025-08-14 12:10:54,331 - STREAM b'IHDR' 16 13
2025-08-14 12:10:54,331 - STREAM b'sRGB' 41 1
2025-08-14 12:10:54,331 - STREAM b'gAMA' 54 4
2025-08-14 12:10:54,331 - STREAM b'pHYs' 70 9
2025-08-14 12:10:54,331 - STREAM b'IDAT' 91 19474
2025-08-14 12:10:54,339 - Fade transition created with duration=3.0
2025-08-14 12:10:54,339 - Manual transition created, clips now: 3
2025-08-14 12:10:54,481 - STREAM b'IHDR' 16 13
2025-08-14 12:10:54,481 - STREAM b'sRGB' 41 1
2025-08-14 12:10:54,481 - STREAM b'gAMA' 54 4
2025-08-14 12:10:54,481 - STREAM b'pHYs' 70 9
2025-08-14 12:10:54,481 - STREAM b'IDAT' 91 19474
2025-08-14 12:10:54,513 - STREAM b'IHDR' 16 13
2025-08-14 12:10:54,513 - STREAM b'sRGB' 41 1
2025-08-14 12:10:54,513 - STREAM b'gAMA' 54 4
2025-08-14 12:10:54,513 - STREAM b'pHYs' 70 9
2025-08-14 12:10:54,513 - STREAM b'IDAT' 91 19474
2025-08-14 12:10:54,563 - STREAM b'IHDR' 16 13
2025-08-14 12:10:54,563 - STREAM b'sRGB' 41 1
2025-08-14 12:10:54,563 - STREAM b'gAMA' 54 4
2025-08-14 12:10:54,563 - STREAM b'pHYs' 70 9
2025-08-14 12:10:54,563 - STREAM b'IDAT' 91 19474
2025-08-14 12:10:54,593 - STREAM b'IHDR' 16 13
2025-08-14 12:10:54,593 - STREAM b'sRGB' 41 1
2025-08-14 12:10:54,593 - STREAM b'gAMA' 54 4
2025-08-14 12:10:54,593 - STREAM b'pHYs' 70 9
2025-08-14 12:10:54,593 - STREAM b'IDAT' 91 19474
2025-08-14 12:10:54,624 - STREAM b'IHDR' 16 13
2025-08-14 12:10:54,624 - STREAM b'sRGB' 41 1
2025-08-14 12:10:54,624 - STREAM b'gAMA' 54 4
2025-08-14 12:10:54,624 - STREAM b'pHYs' 70 9
2025-08-14 12:10:54,624 - STREAM b'IDAT' 91 19474
2025-08-14 12:10:54,663 - STREAM b'IHDR' 16 13
2025-08-14 12:10:54,663 - STREAM b'sRGB' 41 1
2025-08-14 12:10:54,663 - STREAM b'gAMA' 54 4
2025-08-14 12:10:54,663 - STREAM b'pHYs' 70 9
2025-08-14 12:10:54,663 - STREAM b'IDAT' 91 19474
2025-08-14 12:10:54,696 - STREAM b'IHDR' 16 13
2025-08-14 12:10:54,696 - STREAM b'sRGB' 41 1
2025-08-14 12:10:54,696 - STREAM b'gAMA' 54 4
2025-08-14 12:10:54,696 - STREAM b'pHYs' 70 9
2025-08-14 12:10:54,696 - STREAM b'IDAT' 91 19474
2025-08-14 12:10:54,722 - STREAM b'IHDR' 16 13
2025-08-14 12:10:54,722 - STREAM b'sRGB' 41 1
2025-08-14 12:10:54,722 - STREAM b'gAMA' 54 4
2025-08-14 12:10:54,722 - STREAM b'pHYs' 70 9
2025-08-14 12:10:54,722 - STREAM b'IDAT' 91 19474
2025-08-14 12:10:54,758 - STREAM b'IHDR' 16 13
2025-08-14 12:10:54,758 - STREAM b'sRGB' 41 1
2025-08-14 12:10:54,758 - STREAM b'gAMA' 54 4
2025-08-14 12:10:54,758 - STREAM b'pHYs' 70 9
2025-08-14 12:10:54,758 - STREAM b'IDAT' 91 19474
2025-08-14 12:10:54,795 - STREAM b'IHDR' 16 13
2025-08-14 12:10:54,795 - STREAM b'sRGB' 41 1
2025-08-14 12:10:54,795 - STREAM b'gAMA' 54 4
2025-08-14 12:10:54,795 - STREAM b'pHYs' 70 9
2025-08-14 12:10:54,795 - STREAM b'IDAT' 91 19474
2025-08-14 12:10:54,824 - STREAM b'IHDR' 16 13
2025-08-14 12:10:54,824 - STREAM b'sRGB' 41 1
2025-08-14 12:10:54,824 - STREAM b'gAMA' 54 4
2025-08-14 12:10:54,829 - STREAM b'pHYs' 70 9
2025-08-14 12:10:54,829 - STREAM b'IDAT' 91 19474
2025-08-14 12:10:54,862 - STREAM b'IHDR' 16 13
2025-08-14 12:10:54,862 - STREAM b'sRGB' 41 1
2025-08-14 12:10:54,862 - STREAM b'gAMA' 54 4
2025-08-14 12:10:54,862 - STREAM b'pHYs' 70 9
2025-08-14 12:10:54,862 - STREAM b'IDAT' 91 19474
2025-08-14 12:10:54,895 - STREAM b'IHDR' 16 13
2025-08-14 12:10:54,895 - STREAM b'sRGB' 41 1
2025-08-14 12:10:54,895 - STREAM b'gAMA' 54 4
2025-08-14 12:10:54,897 - STREAM b'pHYs' 70 9
2025-08-14 12:10:54,897 - STREAM b'IDAT' 91 19474
2025-08-14 12:10:54,929 - STREAM b'IHDR' 16 13
2025-08-14 12:10:54,929 - STREAM b'sRGB' 41 1
2025-08-14 12:10:54,929 - STREAM b'gAMA' 54 4
2025-08-14 12:10:54,929 - STREAM b'pHYs' 70 9
2025-08-14 12:10:54,929 - STREAM b'IDAT' 91 19474
2025-08-14 12:10:54,959 - STREAM b'IHDR' 16 13
2025-08-14 12:10:54,959 - STREAM b'sRGB' 41 1
2025-08-14 12:10:54,959 - STREAM b'gAMA' 54 4
2025-08-14 12:10:54,959 - STREAM b'pHYs' 70 9
2025-08-14 12:10:54,959 - STREAM b'IDAT' 91 19474
2025-08-14 12:10:55,000 - STREAM b'IHDR' 16 13
2025-08-14 12:10:55,000 - STREAM b'sRGB' 41 1
2025-08-14 12:10:55,000 - STREAM b'gAMA' 54 4
2025-08-14 12:10:55,000 - STREAM b'pHYs' 70 9
2025-08-14 12:10:55,001 - STREAM b'IDAT' 91 19474
2025-08-14 12:10:55,033 - STREAM b'IHDR' 16 13
2025-08-14 12:10:55,033 - STREAM b'sRGB' 41 1
2025-08-14 12:10:55,033 - STREAM b'gAMA' 54 4
2025-08-14 12:10:55,033 - STREAM b'pHYs' 70 9
2025-08-14 12:10:55,033 - STREAM b'IDAT' 91 19474
2025-08-14 12:10:55,062 - STREAM b'IHDR' 16 13
2025-08-14 12:10:55,062 - STREAM b'sRGB' 41 1
2025-08-14 12:10:55,062 - STREAM b'gAMA' 54 4
2025-08-14 12:10:55,062 - STREAM b'pHYs' 70 9
2025-08-14 12:10:55,062 - STREAM b'IDAT' 91 19474
2025-08-14 12:10:55,092 - STREAM b'IHDR' 16 13
2025-08-14 12:10:55,092 - STREAM b'sRGB' 41 1
2025-08-14 12:10:55,092 - STREAM b'gAMA' 54 4
2025-08-14 12:10:55,092 - STREAM b'pHYs' 70 9
2025-08-14 12:10:55,092 - STREAM b'IDAT' 91 19474
2025-08-14 12:10:55,132 - STREAM b'IHDR' 16 13
2025-08-14 12:10:55,132 - STREAM b'sRGB' 41 1
2025-08-14 12:10:55,132 - STREAM b'gAMA' 54 4
2025-08-14 12:10:55,132 - STREAM b'pHYs' 70 9
2025-08-14 12:10:55,132 - STREAM b'IDAT' 91 19474
2025-08-14 12:10:55,164 - STREAM b'IHDR' 16 13
2025-08-14 12:10:55,164 - STREAM b'sRGB' 41 1
2025-08-14 12:10:55,164 - STREAM b'gAMA' 54 4
2025-08-14 12:10:55,164 - STREAM b'pHYs' 70 9
2025-08-14 12:10:55,164 - STREAM b'IDAT' 91 19474
2025-08-14 12:10:55,200 - STREAM b'IHDR' 16 13
2025-08-14 12:10:55,200 - STREAM b'sRGB' 41 1
2025-08-14 12:10:55,200 - STREAM b'gAMA' 54 4
2025-08-14 12:10:55,200 - STREAM b'pHYs' 70 9
2025-08-14 12:10:55,200 - STREAM b'IDAT' 91 19474
2025-08-14 12:10:55,233 - STREAM b'IHDR' 16 13
2025-08-14 12:10:55,233 - STREAM b'sRGB' 41 1
2025-08-14 12:10:55,233 - STREAM b'gAMA' 54 4
2025-08-14 12:10:55,234 - STREAM b'pHYs' 70 9
2025-08-14 12:10:55,234 - STREAM b'IDAT' 91 19474
2025-08-14 12:10:55,265 - STREAM b'IHDR' 16 13
2025-08-14 12:10:55,265 - STREAM b'sRGB' 41 1
2025-08-14 12:10:55,265 - STREAM b'gAMA' 54 4
2025-08-14 12:10:55,265 - STREAM b'pHYs' 70 9
2025-08-14 12:10:55,265 - STREAM b'IDAT' 91 19474
2025-08-14 12:10:55,295 - STREAM b'IHDR' 16 13
2025-08-14 12:10:55,295 - STREAM b'sRGB' 41 1
2025-08-14 12:10:55,295 - STREAM b'gAMA' 54 4
2025-08-14 12:10:55,295 - STREAM b'pHYs' 70 9
2025-08-14 12:10:55,295 - STREAM b'IDAT' 91 19474
2025-08-14 12:10:55,336 - STREAM b'IHDR' 16 13
2025-08-14 12:10:55,336 - STREAM b'sRGB' 41 1
2025-08-14 12:10:55,336 - STREAM b'gAMA' 54 4
2025-08-14 12:10:55,336 - STREAM b'pHYs' 70 9
2025-08-14 12:10:55,336 - STREAM b'IDAT' 91 19474
2025-08-14 12:10:55,368 - STREAM b'IHDR' 16 13
2025-08-14 12:10:55,368 - STREAM b'sRGB' 41 1
2025-08-14 12:10:55,368 - STREAM b'gAMA' 54 4
2025-08-14 12:10:55,368 - STREAM b'pHYs' 70 9
2025-08-14 12:10:55,368 - STREAM b'IDAT' 91 19474
2025-08-14 12:10:55,439 - STREAM b'IHDR' 16 13
2025-08-14 12:10:55,439 - STREAM b'sRGB' 41 1
2025-08-14 12:10:55,439 - STREAM b'gAMA' 54 4
2025-08-14 12:10:55,439 - STREAM b'pHYs' 70 9
2025-08-14 12:10:55,439 - STREAM b'IDAT' 91 19474
2025-08-14 12:10:55,509 - STREAM b'IHDR' 16 13
2025-08-14 12:10:55,509 - STREAM b'sRGB' 41 1
2025-08-14 12:10:55,509 - STREAM b'gAMA' 54 4
2025-08-14 12:10:55,509 - STREAM b'pHYs' 70 9
2025-08-14 12:10:55,509 - STREAM b'IDAT' 91 19474
2025-08-14 12:10:55,581 - STREAM b'IHDR' 16 13
2025-08-14 12:10:55,581 - STREAM b'sRGB' 41 1
2025-08-14 12:10:55,581 - STREAM b'gAMA' 54 4
2025-08-14 12:10:55,581 - STREAM b'pHYs' 70 9
2025-08-14 12:10:55,581 - STREAM b'IDAT' 91 19474
2025-08-14 12:10:55,650 - STREAM b'IHDR' 16 13
2025-08-14 12:10:55,652 - STREAM b'sRGB' 41 1
2025-08-14 12:10:55,652 - STREAM b'gAMA' 54 4
2025-08-14 12:10:55,652 - STREAM b'pHYs' 70 9
2025-08-14 12:10:55,652 - STREAM b'IDAT' 91 19474
2025-08-14 12:10:55,684 - STREAM b'IHDR' 16 13
2025-08-14 12:10:55,688 - STREAM b'sRGB' 41 1
2025-08-14 12:10:55,688 - STREAM b'gAMA' 54 4
2025-08-14 12:10:55,688 - STREAM b'pHYs' 70 9
2025-08-14 12:10:55,688 - STREAM b'IDAT' 91 19474
2025-08-14 12:10:55,721 - STREAM b'IHDR' 16 13
2025-08-14 12:10:55,721 - STREAM b'sRGB' 41 1
2025-08-14 12:10:55,721 - STREAM b'gAMA' 54 4
2025-08-14 12:10:55,721 - STREAM b'pHYs' 70 9
2025-08-14 12:10:55,721 - STREAM b'IDAT' 91 19474
2025-08-14 12:10:55,753 - STREAM b'IHDR' 16 13
2025-08-14 12:10:55,753 - STREAM b'sRGB' 41 1
2025-08-14 12:10:55,753 - STREAM b'gAMA' 54 4
2025-08-14 12:10:55,753 - STREAM b'pHYs' 70 9
2025-08-14 12:10:55,753 - STREAM b'IDAT' 91 19474
2025-08-14 12:10:55,784 - STREAM b'IHDR' 16 13
2025-08-14 12:10:55,784 - STREAM b'sRGB' 41 1
2025-08-14 12:10:55,784 - STREAM b'gAMA' 54 4
2025-08-14 12:10:55,784 - STREAM b'pHYs' 70 9
2025-08-14 12:10:55,784 - STREAM b'IDAT' 91 19474
2025-08-14 12:10:55,822 - STREAM b'IHDR' 16 13
2025-08-14 12:10:55,822 - STREAM b'sRGB' 41 1
2025-08-14 12:10:55,822 - STREAM b'gAMA' 54 4
2025-08-14 12:10:55,822 - STREAM b'pHYs' 70 9
2025-08-14 12:10:55,822 - STREAM b'IDAT' 91 19474
2025-08-14 12:10:55,852 - STREAM b'IHDR' 16 13
2025-08-14 12:10:55,852 - STREAM b'sRGB' 41 1
2025-08-14 12:10:55,852 - STREAM b'gAMA' 54 4
2025-08-14 12:10:55,852 - STREAM b'pHYs' 70 9
2025-08-14 12:10:55,852 - STREAM b'IDAT' 91 19474
2025-08-14 12:10:55,887 - STREAM b'IHDR' 16 13
2025-08-14 12:10:55,887 - STREAM b'sRGB' 41 1
2025-08-14 12:10:55,887 - STREAM b'gAMA' 54 4
2025-08-14 12:10:55,887 - STREAM b'pHYs' 70 9
2025-08-14 12:10:55,887 - STREAM b'IDAT' 91 19474
2025-08-14 12:10:55,918 - STREAM b'IHDR' 16 13
2025-08-14 12:10:55,918 - STREAM b'sRGB' 41 1
2025-08-14 12:10:55,918 - STREAM b'gAMA' 54 4
2025-08-14 12:10:55,918 - STREAM b'pHYs' 70 9
2025-08-14 12:10:55,918 - STREAM b'IDAT' 91 19474
2025-08-14 12:10:55,952 - STREAM b'IHDR' 16 13
2025-08-14 12:10:55,952 - STREAM b'sRGB' 41 1
2025-08-14 12:10:55,952 - STREAM b'gAMA' 54 4
2025-08-14 12:10:55,952 - STREAM b'pHYs' 70 9
2025-08-14 12:10:55,952 - STREAM b'IDAT' 91 19474
2025-08-14 12:10:55,989 - STREAM b'IHDR' 16 13
2025-08-14 12:10:55,989 - STREAM b'sRGB' 41 1
2025-08-14 12:10:55,989 - STREAM b'gAMA' 54 4
2025-08-14 12:10:55,989 - STREAM b'pHYs' 70 9
2025-08-14 12:10:55,989 - STREAM b'IDAT' 91 19474
2025-08-14 12:10:56,020 - STREAM b'IHDR' 16 13
2025-08-14 12:10:56,020 - STREAM b'sRGB' 41 1
2025-08-14 12:10:56,023 - STREAM b'gAMA' 54 4
2025-08-14 12:10:56,023 - STREAM b'pHYs' 70 9
2025-08-14 12:10:56,023 - STREAM b'IDAT' 91 19474
2025-08-14 12:10:56,055 - STREAM b'IHDR' 16 13
2025-08-14 12:10:56,055 - STREAM b'sRGB' 41 1
2025-08-14 12:10:56,055 - STREAM b'gAMA' 54 4
2025-08-14 12:10:56,055 - STREAM b'pHYs' 70 9
2025-08-14 12:10:56,055 - STREAM b'IDAT' 91 19474
2025-08-14 12:10:56,081 - STREAM b'IHDR' 16 13
2025-08-14 12:10:56,081 - STREAM b'sRGB' 41 1
2025-08-14 12:10:56,081 - STREAM b'gAMA' 54 4
2025-08-14 12:10:56,081 - STREAM b'pHYs' 70 9
2025-08-14 12:10:56,081 - STREAM b'IDAT' 91 19474
2025-08-14 12:10:56,121 - STREAM b'IHDR' 16 13
2025-08-14 12:10:56,121 - STREAM b'sRGB' 41 1
2025-08-14 12:10:56,121 - STREAM b'gAMA' 54 4
2025-08-14 12:10:56,121 - STREAM b'pHYs' 70 9
2025-08-14 12:10:56,121 - STREAM b'IDAT' 91 19474
2025-08-14 12:10:56,152 - STREAM b'IHDR' 16 13
2025-08-14 12:10:56,152 - STREAM b'sRGB' 41 1
2025-08-14 12:10:56,152 - STREAM b'gAMA' 54 4
2025-08-14 12:10:56,152 - STREAM b'pHYs' 70 9
2025-08-14 12:10:56,152 - STREAM b'IDAT' 91 19474
2025-08-14 12:10:56,188 - STREAM b'IHDR' 16 13
2025-08-14 12:10:56,188 - STREAM b'sRGB' 41 1
2025-08-14 12:10:56,188 - STREAM b'gAMA' 54 4
2025-08-14 12:10:56,188 - STREAM b'pHYs' 70 9
2025-08-14 12:10:56,188 - STREAM b'IDAT' 91 19474
2025-08-14 12:10:56,219 - STREAM b'IHDR' 16 13
2025-08-14 12:10:56,219 - STREAM b'sRGB' 41 1
2025-08-14 12:10:56,219 - STREAM b'gAMA' 54 4
2025-08-14 12:10:56,219 - STREAM b'pHYs' 70 9
2025-08-14 12:10:56,219 - STREAM b'IDAT' 91 19474
2025-08-14 12:10:56,254 - STREAM b'IHDR' 16 13
2025-08-14 12:10:56,254 - STREAM b'sRGB' 41 1
2025-08-14 12:10:56,254 - STREAM b'gAMA' 54 4
2025-08-14 12:10:56,254 - STREAM b'pHYs' 70 9
2025-08-14 12:10:56,254 - STREAM b'IDAT' 91 19474
2025-08-14 12:10:56,284 - STREAM b'IHDR' 16 13
2025-08-14 12:10:56,284 - STREAM b'sRGB' 41 1
2025-08-14 12:10:56,284 - STREAM b'gAMA' 54 4
2025-08-14 12:10:56,284 - STREAM b'pHYs' 70 9
2025-08-14 12:10:56,284 - STREAM b'IDAT' 91 19474
2025-08-14 12:10:56,324 - STREAM b'IHDR' 16 13
2025-08-14 12:10:56,324 - STREAM b'sRGB' 41 1
2025-08-14 12:10:56,324 - STREAM b'gAMA' 54 4
2025-08-14 12:10:56,324 - STREAM b'pHYs' 70 9
2025-08-14 12:10:56,324 - STREAM b'IDAT' 91 19474
2025-08-14 12:10:56,386 - STREAM b'IHDR' 16 13
2025-08-14 12:10:56,386 - STREAM b'sRGB' 41 1
2025-08-14 12:10:56,386 - STREAM b'gAMA' 54 4
2025-08-14 12:10:56,386 - STREAM b'pHYs' 70 9
2025-08-14 12:10:56,386 - STREAM b'IDAT' 91 19474
2025-08-14 12:10:56,467 - STREAM b'IHDR' 16 13
2025-08-14 12:10:56,468 - STREAM b'sRGB' 41 1
2025-08-14 12:10:56,468 - STREAM b'gAMA' 54 4
2025-08-14 12:10:56,468 - STREAM b'pHYs' 70 9
2025-08-14 12:10:56,468 - STREAM b'IDAT' 91 19474
2025-08-14 12:10:56,544 - STREAM b'IHDR' 16 13
2025-08-14 12:10:56,544 - STREAM b'sRGB' 41 1
2025-08-14 12:10:56,544 - STREAM b'gAMA' 54 4
2025-08-14 12:10:56,544 - STREAM b'pHYs' 70 9
2025-08-14 12:10:56,544 - STREAM b'IDAT' 91 19474
2025-08-14 12:10:56,618 - STREAM b'IHDR' 16 13
2025-08-14 12:10:56,618 - STREAM b'sRGB' 41 1
2025-08-14 12:10:56,618 - STREAM b'gAMA' 54 4
2025-08-14 12:10:56,618 - STREAM b'pHYs' 70 9
2025-08-14 12:10:56,618 - STREAM b'IDAT' 91 19474
2025-08-14 12:10:56,702 - STREAM b'IHDR' 16 13
2025-08-14 12:10:56,702 - STREAM b'sRGB' 41 1
2025-08-14 12:10:56,702 - STREAM b'gAMA' 54 4
2025-08-14 12:10:56,702 - STREAM b'pHYs' 70 9
2025-08-14 12:10:56,702 - STREAM b'IDAT' 91 19474
2025-08-14 12:10:56,779 - STREAM b'IHDR' 16 13
2025-08-14 12:10:56,779 - STREAM b'sRGB' 41 1
2025-08-14 12:10:56,779 - STREAM b'gAMA' 54 4
2025-08-14 12:10:56,779 - STREAM b'pHYs' 70 9
2025-08-14 12:10:56,779 - STREAM b'IDAT' 91 19474
2025-08-14 12:10:56,856 - STREAM b'IHDR' 16 13
2025-08-14 12:10:56,856 - STREAM b'sRGB' 41 1
2025-08-14 12:10:56,856 - STREAM b'gAMA' 54 4
2025-08-14 12:10:56,860 - STREAM b'pHYs' 70 9
2025-08-14 12:10:56,860 - STREAM b'IDAT' 91 19474
2025-08-14 12:10:56,935 - STREAM b'IHDR' 16 13
2025-08-14 12:10:56,935 - STREAM b'sRGB' 41 1
2025-08-14 12:10:56,935 - STREAM b'gAMA' 54 4
2025-08-14 12:10:56,935 - STREAM b'pHYs' 70 9
2025-08-14 12:10:56,935 - STREAM b'IDAT' 91 19474
2025-08-14 12:10:57,014 - STREAM b'IHDR' 16 13
2025-08-14 12:10:57,014 - STREAM b'sRGB' 41 1
2025-08-14 12:10:57,014 - STREAM b'gAMA' 54 4
2025-08-14 12:10:57,014 - STREAM b'pHYs' 70 9
2025-08-14 12:10:57,014 - STREAM b'IDAT' 91 19474
2025-08-14 12:11:17,568 - STREAM b'IHDR' 16 13
2025-08-14 12:11:17,568 - STREAM b'sRGB' 41 1
2025-08-14 12:11:17,568 - STREAM b'gAMA' 54 4
2025-08-14 12:11:17,568 - STREAM b'pHYs' 70 9
2025-08-14 12:11:17,568 - STREAM b'IDAT' 91 65445
2025-08-14 12:11:17,584 - STREAM b'IHDR' 16 13
2025-08-14 12:11:17,584 - STREAM b'sRGB' 41 1
2025-08-14 12:11:17,584 - STREAM b'gAMA' 54 4
2025-08-14 12:11:17,584 - STREAM b'pHYs' 70 9
2025-08-14 12:11:17,584 - STREAM b'IDAT' 91 19474
2025-08-14 12:11:17,593 - STREAM b'IHDR' 16 13
2025-08-14 12:11:17,593 - STREAM b'sRGB' 41 1
2025-08-14 12:11:17,593 - STREAM b'gAMA' 54 4
2025-08-14 12:11:17,593 - STREAM b'pHYs' 70 9
2025-08-14 12:11:17,593 - STREAM b'IDAT' 91 65445
2025-08-14 12:11:17,600 - STREAM b'IHDR' 16 13
2025-08-14 12:11:17,614 - STREAM b'sRGB' 41 1
2025-08-14 12:11:17,614 - STREAM b'gAMA' 54 4
2025-08-14 12:11:17,614 - STREAM b'pHYs' 70 9
2025-08-14 12:11:17,614 - STREAM b'IDAT' 91 19474
2025-08-14 12:11:17,622 - STREAM b'IHDR' 16 13
2025-08-14 12:11:17,622 - STREAM b'sRGB' 41 1
2025-08-14 12:11:17,622 - STREAM b'gAMA' 54 4
2025-08-14 12:11:17,622 - STREAM b'pHYs' 70 9
2025-08-14 12:11:17,622 - STREAM b'IDAT' 91 65445
2025-08-14 12:11:17,638 - STREAM b'IHDR' 16 13
2025-08-14 12:11:17,638 - STREAM b'sRGB' 41 1
2025-08-14 12:11:17,638 - STREAM b'gAMA' 54 4
2025-08-14 12:11:17,638 - STREAM b'pHYs' 70 9
2025-08-14 12:11:17,638 - STREAM b'IDAT' 91 19474
2025-08-14 12:11:27,047 - Fade logic - postcards: 2, fade_out_enabled: False
2025-08-14 12:11:27,047 - will_create_manual_transition: False, apply_fade_out: False
2025-08-14 12:11:27,070 - STREAM b'IHDR' 16 13
2025-08-14 12:11:27,070 - STREAM b'sRGB' 41 1
2025-08-14 12:11:27,070 - STREAM b'gAMA' 54 4
2025-08-14 12:11:27,070 - STREAM b'pHYs' 70 9
2025-08-14 12:11:27,070 - STREAM b'IDAT' 91 19474
2025-08-14 12:11:27,077 - Skipping fade out effect (manual transition will be used)
2025-08-14 12:11:27,088 - No manual transition, adding front clip directly
2025-08-14 12:11:27,219 - STREAM b'IHDR' 16 13
2025-08-14 12:11:27,219 - STREAM b'sRGB' 41 1
2025-08-14 12:11:27,219 - STREAM b'gAMA' 54 4
2025-08-14 12:11:27,219 - STREAM b'pHYs' 70 9
2025-08-14 12:11:27,219 - STREAM b'IDAT' 91 19474
2025-08-14 12:11:27,250 - STREAM b'IHDR' 16 13
2025-08-14 12:11:27,250 - STREAM b'sRGB' 41 1
2025-08-14 12:11:27,250 - STREAM b'gAMA' 54 4
2025-08-14 12:11:27,250 - STREAM b'pHYs' 70 9
2025-08-14 12:11:27,250 - STREAM b'IDAT' 91 19474
2025-08-14 12:11:27,283 - STREAM b'IHDR' 16 13
2025-08-14 12:11:27,283 - STREAM b'sRGB' 41 1
2025-08-14 12:11:27,283 - STREAM b'gAMA' 54 4
2025-08-14 12:11:27,283 - STREAM b'pHYs' 70 9
2025-08-14 12:11:27,283 - STREAM b'IDAT' 91 19474
2025-08-14 12:11:27,315 - STREAM b'IHDR' 16 13
2025-08-14 12:11:27,315 - STREAM b'sRGB' 41 1
2025-08-14 12:11:27,315 - STREAM b'gAMA' 54 4
2025-08-14 12:11:27,315 - STREAM b'pHYs' 70 9
2025-08-14 12:11:27,315 - STREAM b'IDAT' 91 19474
2025-08-14 12:11:27,358 - STREAM b'IHDR' 16 13
2025-08-14 12:11:27,358 - STREAM b'sRGB' 41 1
2025-08-14 12:11:27,358 - STREAM b'gAMA' 54 4
2025-08-14 12:11:27,358 - STREAM b'pHYs' 70 9
2025-08-14 12:11:27,358 - STREAM b'IDAT' 91 19474
2025-08-14 12:11:27,392 - STREAM b'IHDR' 16 13
2025-08-14 12:11:27,393 - STREAM b'sRGB' 41 1
2025-08-14 12:11:27,393 - STREAM b'gAMA' 54 4
2025-08-14 12:11:27,393 - STREAM b'pHYs' 70 9
2025-08-14 12:11:27,393 - STREAM b'IDAT' 91 19474
2025-08-14 12:11:27,424 - STREAM b'IHDR' 16 13
2025-08-14 12:11:27,425 - STREAM b'sRGB' 41 1
2025-08-14 12:11:27,425 - STREAM b'gAMA' 54 4
2025-08-14 12:11:27,425 - STREAM b'pHYs' 70 9
2025-08-14 12:11:27,425 - STREAM b'IDAT' 91 19474
2025-08-14 12:11:27,456 - STREAM b'IHDR' 16 13
2025-08-14 12:11:27,456 - STREAM b'sRGB' 41 1
2025-08-14 12:11:27,456 - STREAM b'gAMA' 54 4
2025-08-14 12:11:27,456 - STREAM b'pHYs' 70 9
2025-08-14 12:11:27,456 - STREAM b'IDAT' 91 19474
2025-08-14 12:11:27,489 - STREAM b'IHDR' 16 13
2025-08-14 12:11:27,489 - STREAM b'sRGB' 41 1
2025-08-14 12:11:27,489 - STREAM b'gAMA' 54 4
2025-08-14 12:11:27,489 - STREAM b'pHYs' 70 9
2025-08-14 12:11:27,489 - STREAM b'IDAT' 91 19474
2025-08-14 12:11:27,519 - STREAM b'IHDR' 16 13
2025-08-14 12:11:27,519 - STREAM b'sRGB' 41 1
2025-08-14 12:11:27,519 - STREAM b'gAMA' 54 4
2025-08-14 12:11:27,519 - STREAM b'pHYs' 70 9
2025-08-14 12:11:27,519 - STREAM b'IDAT' 91 19474
2025-08-14 12:11:27,555 - STREAM b'IHDR' 16 13
2025-08-14 12:11:27,555 - STREAM b'sRGB' 41 1
2025-08-14 12:11:27,555 - STREAM b'gAMA' 54 4
2025-08-14 12:11:27,555 - STREAM b'pHYs' 70 9
2025-08-14 12:11:27,555 - STREAM b'IDAT' 91 19474
2025-08-14 12:11:27,584 - STREAM b'IHDR' 16 13
2025-08-14 12:11:27,584 - STREAM b'sRGB' 41 1
2025-08-14 12:11:27,584 - STREAM b'gAMA' 54 4
2025-08-14 12:11:27,584 - STREAM b'pHYs' 70 9
2025-08-14 12:11:27,584 - STREAM b'IDAT' 91 19474
2025-08-14 12:11:27,614 - STREAM b'IHDR' 16 13
2025-08-14 12:11:27,614 - STREAM b'sRGB' 41 1
2025-08-14 12:11:27,614 - STREAM b'gAMA' 54 4
2025-08-14 12:11:27,614 - STREAM b'pHYs' 70 9
2025-08-14 12:11:27,614 - STREAM b'IDAT' 91 19474
2025-08-14 12:11:27,658 - STREAM b'IHDR' 16 13
2025-08-14 12:11:27,658 - STREAM b'sRGB' 41 1
2025-08-14 12:11:27,658 - STREAM b'gAMA' 54 4
2025-08-14 12:11:27,658 - STREAM b'pHYs' 70 9
2025-08-14 12:11:27,658 - STREAM b'IDAT' 91 19474
2025-08-14 12:11:27,679 - STREAM b'IHDR' 16 13
2025-08-14 12:11:27,679 - STREAM b'sRGB' 41 1
2025-08-14 12:11:27,679 - STREAM b'gAMA' 54 4
2025-08-14 12:11:27,679 - STREAM b'pHYs' 70 9
2025-08-14 12:11:27,679 - STREAM b'IDAT' 91 19474
2025-08-14 12:11:27,710 - STREAM b'IHDR' 16 13
2025-08-14 12:11:27,710 - STREAM b'sRGB' 41 1
2025-08-14 12:11:27,710 - STREAM b'gAMA' 54 4
2025-08-14 12:11:27,710 - STREAM b'pHYs' 70 9
2025-08-14 12:11:27,710 - STREAM b'IDAT' 91 19474
2025-08-14 12:11:27,758 - STREAM b'IHDR' 16 13
2025-08-14 12:11:27,758 - STREAM b'sRGB' 41 1
2025-08-14 12:11:27,758 - STREAM b'gAMA' 54 4
2025-08-14 12:11:27,758 - STREAM b'pHYs' 70 9
2025-08-14 12:11:27,758 - STREAM b'IDAT' 91 19474
2025-08-14 12:11:27,790 - STREAM b'IHDR' 16 13
2025-08-14 12:11:27,790 - STREAM b'sRGB' 41 1
2025-08-14 12:11:27,790 - STREAM b'gAMA' 54 4
2025-08-14 12:11:27,791 - STREAM b'pHYs' 70 9
2025-08-14 12:11:27,791 - STREAM b'IDAT' 91 19474
2025-08-14 12:11:27,823 - STREAM b'IHDR' 16 13
2025-08-14 12:11:27,823 - STREAM b'sRGB' 41 1
2025-08-14 12:11:27,823 - STREAM b'gAMA' 54 4
2025-08-14 12:11:27,823 - STREAM b'pHYs' 70 9
2025-08-14 12:11:27,823 - STREAM b'IDAT' 91 19474
2025-08-14 12:11:27,855 - STREAM b'IHDR' 16 13
2025-08-14 12:11:27,855 - STREAM b'sRGB' 41 1
2025-08-14 12:11:27,855 - STREAM b'gAMA' 54 4
2025-08-14 12:11:27,855 - STREAM b'pHYs' 70 9
2025-08-14 12:11:27,855 - STREAM b'IDAT' 91 19474
2025-08-14 12:11:27,884 - STREAM b'IHDR' 16 13
2025-08-14 12:11:27,884 - STREAM b'sRGB' 41 1
2025-08-14 12:11:27,884 - STREAM b'gAMA' 54 4
2025-08-14 12:11:27,884 - STREAM b'pHYs' 70 9
2025-08-14 12:11:27,884 - STREAM b'IDAT' 91 19474
2025-08-14 12:11:27,914 - STREAM b'IHDR' 16 13
2025-08-14 12:11:27,923 - STREAM b'sRGB' 41 1
2025-08-14 12:11:27,923 - STREAM b'gAMA' 54 4
2025-08-14 12:11:27,923 - STREAM b'pHYs' 70 9
2025-08-14 12:11:27,923 - STREAM b'IDAT' 91 19474
2025-08-14 12:11:27,955 - STREAM b'IHDR' 16 13
2025-08-14 12:11:27,956 - STREAM b'sRGB' 41 1
2025-08-14 12:11:27,956 - STREAM b'gAMA' 54 4
2025-08-14 12:11:27,956 - STREAM b'pHYs' 70 9
2025-08-14 12:11:27,956 - STREAM b'IDAT' 91 19474
2025-08-14 12:11:27,986 - STREAM b'IHDR' 16 13
2025-08-14 12:11:27,986 - STREAM b'sRGB' 41 1
2025-08-14 12:11:27,986 - STREAM b'gAMA' 54 4
2025-08-14 12:11:27,986 - STREAM b'pHYs' 70 9
2025-08-14 12:11:27,986 - STREAM b'IDAT' 91 19474
2025-08-14 12:11:28,021 - STREAM b'IHDR' 16 13
2025-08-14 12:11:28,021 - STREAM b'sRGB' 41 1
2025-08-14 12:11:28,021 - STREAM b'gAMA' 54 4
2025-08-14 12:11:28,021 - STREAM b'pHYs' 70 9
2025-08-14 12:11:28,021 - STREAM b'IDAT' 91 19474
2025-08-14 12:11:28,057 - STREAM b'IHDR' 16 13
2025-08-14 12:11:28,058 - STREAM b'sRGB' 41 1
2025-08-14 12:11:28,058 - STREAM b'gAMA' 54 4
2025-08-14 12:11:28,058 - STREAM b'pHYs' 70 9
2025-08-14 12:11:28,058 - STREAM b'IDAT' 91 19474
2025-08-14 12:11:28,089 - STREAM b'IHDR' 16 13
2025-08-14 12:11:28,089 - STREAM b'sRGB' 41 1
2025-08-14 12:11:28,089 - STREAM b'gAMA' 54 4
2025-08-14 12:11:28,089 - STREAM b'pHYs' 70 9
2025-08-14 12:11:28,089 - STREAM b'IDAT' 91 19474
2025-08-14 12:11:28,119 - STREAM b'IHDR' 16 13
2025-08-14 12:11:28,119 - STREAM b'sRGB' 41 1
2025-08-14 12:11:28,119 - STREAM b'gAMA' 54 4
2025-08-14 12:11:28,119 - STREAM b'pHYs' 70 9
2025-08-14 12:11:28,119 - STREAM b'IDAT' 91 19474
2025-08-14 12:11:28,156 - STREAM b'IHDR' 16 13
2025-08-14 12:11:28,156 - STREAM b'sRGB' 41 1
2025-08-14 12:11:28,156 - STREAM b'gAMA' 54 4
2025-08-14 12:11:28,156 - STREAM b'pHYs' 70 9
2025-08-14 12:11:28,156 - STREAM b'IDAT' 91 19474
2025-08-14 12:11:28,186 - STREAM b'IHDR' 16 13
2025-08-14 12:11:28,186 - STREAM b'sRGB' 41 1
2025-08-14 12:11:28,186 - STREAM b'gAMA' 54 4
2025-08-14 12:11:28,186 - STREAM b'pHYs' 70 9
2025-08-14 12:11:28,186 - STREAM b'IDAT' 91 19474
