2025-08-14 12:44:16,962 - Logging started - Log file: logs\debug_20250814_124416.log
2025-08-14 12:44:26,760 - STREAM b'IHDR' 16 13
2025-08-14 12:44:26,760 - STREAM b'sRGB' 41 1
2025-08-14 12:44:26,760 - STREAM b'gAMA' 54 4
2025-08-14 12:44:26,760 - STREAM b'pHYs' 70 9
2025-08-14 12:44:26,760 - STREAM b'IDAT' 91 65445
2025-08-14 12:44:26,788 - STREAM b'IHDR' 16 13
2025-08-14 12:44:26,788 - STREAM b'sRGB' 41 1
2025-08-14 12:44:26,788 - STREAM b'gAMA' 54 4
2025-08-14 12:44:26,788 - STREAM b'pHYs' 70 9
2025-08-14 12:44:26,788 - STREAM b'IDAT' 91 19474
2025-08-14 12:44:26,816 - STREAM b'IHDR' 16 13
2025-08-14 12:44:26,816 - STREAM b'sRGB' 41 1
2025-08-14 12:44:26,816 - STREAM b'gAMA' 54 4
2025-08-14 12:44:26,816 - STREAM b'pHYs' 70 9
2025-08-14 12:44:26,816 - STREAM b'IDAT' 91 65445
2025-08-14 12:44:26,836 - STREAM b'IHDR' 16 13
2025-08-14 12:44:26,836 - STREAM b'sRGB' 41 1
2025-08-14 12:44:26,836 - STREAM b'gAMA' 54 4
2025-08-14 12:44:26,836 - STREAM b'pHYs' 70 9
2025-08-14 12:44:26,836 - STREAM b'IDAT' 91 19474
2025-08-14 12:44:26,844 - STREAM b'IHDR' 16 13
2025-08-14 12:44:26,844 - STREAM b'sRGB' 41 1
2025-08-14 12:44:26,844 - STREAM b'gAMA' 54 4
2025-08-14 12:44:26,844 - STREAM b'pHYs' 70 9
2025-08-14 12:44:26,844 - STREAM b'IDAT' 91 65445
2025-08-14 12:44:26,864 - STREAM b'IHDR' 16 13
2025-08-14 12:44:26,864 - STREAM b'sRGB' 41 1
2025-08-14 12:44:26,864 - STREAM b'gAMA' 54 4
2025-08-14 12:44:26,864 - STREAM b'pHYs' 70 9
2025-08-14 12:44:26,864 - STREAM b'IDAT' 91 19474
2025-08-14 12:44:32,067 - STREAM b'IHDR' 16 13
2025-08-14 12:44:32,067 - STREAM b'sRGB' 41 1
2025-08-14 12:44:32,067 - STREAM b'gAMA' 54 4
2025-08-14 12:44:32,067 - STREAM b'pHYs' 70 9
2025-08-14 12:44:32,067 - STREAM b'IDAT' 91 65445
2025-08-14 12:44:32,094 - STREAM b'IHDR' 16 13
2025-08-14 12:44:32,094 - STREAM b'sRGB' 41 1
2025-08-14 12:44:32,094 - STREAM b'gAMA' 54 4
2025-08-14 12:44:32,094 - STREAM b'pHYs' 70 9
2025-08-14 12:44:32,094 - STREAM b'IDAT' 91 65445
2025-08-14 12:44:32,114 - STREAM b'IHDR' 16 13
2025-08-14 12:44:32,114 - STREAM b'sRGB' 41 1
2025-08-14 12:44:32,114 - STREAM b'gAMA' 54 4
2025-08-14 12:44:32,114 - STREAM b'pHYs' 70 9
2025-08-14 12:44:32,114 - STREAM b'IDAT' 91 65445
2025-08-14 12:44:32,145 - STREAM b'IHDR' 16 13
2025-08-14 12:44:32,145 - STREAM b'sRGB' 41 1
2025-08-14 12:44:32,145 - STREAM b'gAMA' 54 4
2025-08-14 12:44:32,145 - STREAM b'pHYs' 70 9
2025-08-14 12:44:32,145 - STREAM b'IDAT' 91 65445
2025-08-14 12:44:32,173 - STREAM b'IHDR' 16 13
2025-08-14 12:44:32,173 - STREAM b'sRGB' 41 1
2025-08-14 12:44:32,173 - STREAM b'gAMA' 54 4
2025-08-14 12:44:32,173 - STREAM b'pHYs' 70 9
2025-08-14 12:44:32,173 - STREAM b'IDAT' 91 65445
2025-08-14 12:44:32,197 - STREAM b'IHDR' 16 13
2025-08-14 12:44:32,198 - STREAM b'sRGB' 41 1
2025-08-14 12:44:32,198 - STREAM b'gAMA' 54 4
2025-08-14 12:44:32,198 - STREAM b'pHYs' 70 9
2025-08-14 12:44:32,198 - STREAM b'IDAT' 91 65445
2025-08-14 12:44:32,219 - STREAM b'IHDR' 16 13
2025-08-14 12:44:32,219 - STREAM b'sRGB' 41 1
2025-08-14 12:44:32,219 - STREAM b'gAMA' 54 4
2025-08-14 12:44:32,219 - STREAM b'pHYs' 70 9
2025-08-14 12:44:32,219 - STREAM b'IDAT' 91 65445
2025-08-14 12:44:32,246 - STREAM b'IHDR' 16 13
2025-08-14 12:44:32,246 - STREAM b'sRGB' 41 1
2025-08-14 12:44:32,246 - STREAM b'gAMA' 54 4
2025-08-14 12:44:32,246 - STREAM b'pHYs' 70 9
2025-08-14 12:44:32,246 - STREAM b'IDAT' 91 65445
2025-08-14 12:44:32,259 - STREAM b'IHDR' 16 13
2025-08-14 12:44:32,259 - STREAM b'sRGB' 41 1
2025-08-14 12:44:32,259 - STREAM b'gAMA' 54 4
2025-08-14 12:44:32,259 - STREAM b'pHYs' 70 9
2025-08-14 12:44:32,259 - STREAM b'IDAT' 91 65445
2025-08-14 12:44:32,297 - STREAM b'IHDR' 16 13
2025-08-14 12:44:32,297 - STREAM b'sRGB' 41 1
2025-08-14 12:44:32,297 - STREAM b'gAMA' 54 4
2025-08-14 12:44:32,297 - STREAM b'pHYs' 70 9
2025-08-14 12:44:32,297 - STREAM b'IDAT' 91 65445
2025-08-14 12:44:32,322 - STREAM b'IHDR' 16 13
2025-08-14 12:44:32,322 - STREAM b'sRGB' 41 1
2025-08-14 12:44:32,322 - STREAM b'gAMA' 54 4
2025-08-14 12:44:32,322 - STREAM b'pHYs' 70 9
2025-08-14 12:44:32,322 - STREAM b'IDAT' 91 65445
2025-08-14 12:44:32,338 - STREAM b'IHDR' 16 13
2025-08-14 12:44:32,338 - STREAM b'sRGB' 41 1
2025-08-14 12:44:32,338 - STREAM b'gAMA' 54 4
2025-08-14 12:44:32,338 - STREAM b'pHYs' 70 9
2025-08-14 12:44:32,338 - STREAM b'IDAT' 91 65445
2025-08-14 12:44:32,370 - STREAM b'IHDR' 16 13
2025-08-14 12:44:32,370 - STREAM b'sRGB' 41 1
2025-08-14 12:44:32,371 - STREAM b'gAMA' 54 4
2025-08-14 12:44:32,371 - STREAM b'pHYs' 70 9
2025-08-14 12:44:32,371 - STREAM b'IDAT' 91 65445
2025-08-14 12:44:32,386 - STREAM b'IHDR' 16 13
2025-08-14 12:44:32,386 - STREAM b'sRGB' 41 1
2025-08-14 12:44:32,386 - STREAM b'gAMA' 54 4
2025-08-14 12:44:32,386 - STREAM b'pHYs' 70 9
2025-08-14 12:44:32,386 - STREAM b'IDAT' 91 65445
2025-08-14 12:44:32,402 - STREAM b'IHDR' 16 13
2025-08-14 12:44:32,402 - STREAM b'sRGB' 41 1
2025-08-14 12:44:32,402 - STREAM b'gAMA' 54 4
2025-08-14 12:44:32,402 - STREAM b'pHYs' 70 9
2025-08-14 12:44:32,402 - STREAM b'IDAT' 91 65445
2025-08-14 12:44:32,434 - STREAM b'IHDR' 16 13
2025-08-14 12:44:32,434 - STREAM b'sRGB' 41 1
2025-08-14 12:44:32,434 - STREAM b'gAMA' 54 4
2025-08-14 12:44:32,434 - STREAM b'pHYs' 70 9
2025-08-14 12:44:32,434 - STREAM b'IDAT' 91 65445
2025-08-14 12:44:32,449 - STREAM b'IHDR' 16 13
2025-08-14 12:44:32,449 - STREAM b'sRGB' 41 1
2025-08-14 12:44:32,449 - STREAM b'gAMA' 54 4
2025-08-14 12:44:32,449 - STREAM b'pHYs' 70 9
2025-08-14 12:44:32,449 - STREAM b'IDAT' 91 65445
2025-08-14 12:44:32,481 - STREAM b'IHDR' 16 13
2025-08-14 12:44:32,481 - STREAM b'sRGB' 41 1
2025-08-14 12:44:32,481 - STREAM b'gAMA' 54 4
2025-08-14 12:44:32,481 - STREAM b'pHYs' 70 9
2025-08-14 12:44:32,481 - STREAM b'IDAT' 91 65445
2025-08-14 12:44:32,497 - STREAM b'IHDR' 16 13
2025-08-14 12:44:32,497 - STREAM b'sRGB' 41 1
2025-08-14 12:44:32,497 - STREAM b'gAMA' 54 4
2025-08-14 12:44:32,497 - STREAM b'pHYs' 70 9
2025-08-14 12:44:32,497 - STREAM b'IDAT' 91 65445
2025-08-14 12:44:32,515 - STREAM b'IHDR' 16 13
2025-08-14 12:44:32,515 - STREAM b'sRGB' 41 1
2025-08-14 12:44:32,515 - STREAM b'gAMA' 54 4
2025-08-14 12:44:32,515 - STREAM b'pHYs' 70 9
2025-08-14 12:44:32,515 - STREAM b'IDAT' 91 65445
2025-08-14 12:44:32,545 - STREAM b'IHDR' 16 13
2025-08-14 12:44:32,545 - STREAM b'sRGB' 41 1
2025-08-14 12:44:32,545 - STREAM b'gAMA' 54 4
2025-08-14 12:44:32,545 - STREAM b'pHYs' 70 9
2025-08-14 12:44:32,545 - STREAM b'IDAT' 91 65445
2025-08-14 12:44:32,561 - STREAM b'IHDR' 16 13
2025-08-14 12:44:32,561 - STREAM b'sRGB' 41 1
2025-08-14 12:44:32,561 - STREAM b'gAMA' 54 4
2025-08-14 12:44:32,561 - STREAM b'pHYs' 70 9
2025-08-14 12:44:32,561 - STREAM b'IDAT' 91 65445
2025-08-14 12:44:32,584 - STREAM b'IHDR' 16 13
2025-08-14 12:44:32,584 - STREAM b'sRGB' 41 1
2025-08-14 12:44:32,584 - STREAM b'gAMA' 54 4
2025-08-14 12:44:32,584 - STREAM b'pHYs' 70 9
2025-08-14 12:44:32,584 - STREAM b'IDAT' 91 65445
2025-08-14 12:44:32,609 - STREAM b'IHDR' 16 13
2025-08-14 12:44:32,609 - STREAM b'sRGB' 41 1
2025-08-14 12:44:32,609 - STREAM b'gAMA' 54 4
2025-08-14 12:44:32,609 - STREAM b'pHYs' 70 9
2025-08-14 12:44:32,609 - STREAM b'IDAT' 91 65445
2025-08-14 12:44:32,627 - STREAM b'IHDR' 16 13
2025-08-14 12:44:32,627 - STREAM b'sRGB' 41 1
2025-08-14 12:44:32,627 - STREAM b'gAMA' 54 4
2025-08-14 12:44:32,627 - STREAM b'pHYs' 70 9
2025-08-14 12:44:32,627 - STREAM b'IDAT' 91 65445
2025-08-14 12:44:32,641 - STREAM b'IHDR' 16 13
2025-08-14 12:44:32,641 - STREAM b'sRGB' 41 1
2025-08-14 12:44:32,641 - STREAM b'gAMA' 54 4
2025-08-14 12:44:32,641 - STREAM b'pHYs' 70 9
2025-08-14 12:44:32,641 - STREAM b'IDAT' 91 65445
2025-08-14 12:44:32,673 - STREAM b'IHDR' 16 13
2025-08-14 12:44:32,673 - STREAM b'sRGB' 41 1
2025-08-14 12:44:32,673 - STREAM b'gAMA' 54 4
2025-08-14 12:44:32,673 - STREAM b'pHYs' 70 9
2025-08-14 12:44:32,673 - STREAM b'IDAT' 91 65445
2025-08-14 12:44:32,689 - STREAM b'IHDR' 16 13
2025-08-14 12:44:32,689 - STREAM b'sRGB' 41 1
2025-08-14 12:44:32,689 - STREAM b'gAMA' 54 4
2025-08-14 12:44:32,689 - STREAM b'pHYs' 70 9
2025-08-14 12:44:32,689 - STREAM b'IDAT' 91 65445
2025-08-14 12:44:32,705 - STREAM b'IHDR' 16 13
2025-08-14 12:44:32,705 - STREAM b'sRGB' 41 1
2025-08-14 12:44:32,705 - STREAM b'gAMA' 54 4
2025-08-14 12:44:32,705 - STREAM b'pHYs' 70 9
2025-08-14 12:44:32,705 - STREAM b'IDAT' 91 65445
2025-08-14 12:44:32,736 - STREAM b'IHDR' 16 13
2025-08-14 12:44:32,736 - STREAM b'sRGB' 41 1
2025-08-14 12:44:32,736 - STREAM b'gAMA' 54 4
2025-08-14 12:44:32,736 - STREAM b'pHYs' 70 9
2025-08-14 12:44:32,736 - STREAM b'IDAT' 91 65445
2025-08-14 12:44:32,752 - STREAM b'IHDR' 16 13
2025-08-14 12:44:32,752 - STREAM b'sRGB' 41 1
2025-08-14 12:44:32,752 - STREAM b'gAMA' 54 4
2025-08-14 12:44:32,752 - STREAM b'pHYs' 70 9
2025-08-14 12:44:32,752 - STREAM b'IDAT' 91 65445
2025-08-14 12:44:32,768 - STREAM b'IHDR' 16 13
2025-08-14 12:44:32,768 - STREAM b'sRGB' 41 1
2025-08-14 12:44:32,768 - STREAM b'gAMA' 54 4
2025-08-14 12:44:32,768 - STREAM b'pHYs' 70 9
2025-08-14 12:44:32,768 - STREAM b'IDAT' 91 65445
2025-08-14 12:44:32,800 - STREAM b'IHDR' 16 13
2025-08-14 12:44:32,800 - STREAM b'sRGB' 41 1
2025-08-14 12:44:32,800 - STREAM b'gAMA' 54 4
2025-08-14 12:44:32,800 - STREAM b'pHYs' 70 9
2025-08-14 12:44:32,800 - STREAM b'IDAT' 91 65445
2025-08-14 12:44:32,821 - STREAM b'IHDR' 16 13
2025-08-14 12:44:32,821 - STREAM b'sRGB' 41 1
2025-08-14 12:44:32,821 - STREAM b'gAMA' 54 4
2025-08-14 12:44:32,821 - STREAM b'pHYs' 70 9
2025-08-14 12:44:32,821 - STREAM b'IDAT' 91 65445
2025-08-14 12:44:32,831 - STREAM b'IHDR' 16 13
2025-08-14 12:44:32,831 - STREAM b'sRGB' 41 1
2025-08-14 12:44:32,831 - STREAM b'gAMA' 54 4
2025-08-14 12:44:32,831 - STREAM b'pHYs' 70 9
2025-08-14 12:44:32,831 - STREAM b'IDAT' 91 65445
2025-08-14 12:44:32,863 - STREAM b'IHDR' 16 13
2025-08-14 12:44:32,863 - STREAM b'sRGB' 41 1
2025-08-14 12:44:32,863 - STREAM b'gAMA' 54 4
2025-08-14 12:44:32,863 - STREAM b'pHYs' 70 9
2025-08-14 12:44:32,863 - STREAM b'IDAT' 91 65445
2025-08-14 12:44:32,879 - STREAM b'IHDR' 16 13
2025-08-14 12:44:32,879 - STREAM b'sRGB' 41 1
2025-08-14 12:44:32,879 - STREAM b'gAMA' 54 4
2025-08-14 12:44:32,879 - STREAM b'pHYs' 70 9
2025-08-14 12:44:32,879 - STREAM b'IDAT' 91 65445
2025-08-14 12:44:32,895 - STREAM b'IHDR' 16 13
2025-08-14 12:44:32,895 - STREAM b'sRGB' 41 1
2025-08-14 12:44:32,895 - STREAM b'gAMA' 54 4
2025-08-14 12:44:32,895 - STREAM b'pHYs' 70 9
2025-08-14 12:44:32,895 - STREAM b'IDAT' 91 65445
2025-08-14 12:44:32,927 - STREAM b'IHDR' 16 13
2025-08-14 12:44:32,927 - STREAM b'sRGB' 41 1
2025-08-14 12:44:32,927 - STREAM b'gAMA' 54 4
2025-08-14 12:44:32,927 - STREAM b'pHYs' 70 9
2025-08-14 12:44:32,927 - STREAM b'IDAT' 91 65445
2025-08-14 12:44:32,942 - STREAM b'IHDR' 16 13
2025-08-14 12:44:32,942 - STREAM b'sRGB' 41 1
2025-08-14 12:44:32,942 - STREAM b'gAMA' 54 4
2025-08-14 12:44:32,942 - STREAM b'pHYs' 70 9
2025-08-14 12:44:32,942 - STREAM b'IDAT' 91 65445
2025-08-14 12:44:32,958 - STREAM b'IHDR' 16 13
2025-08-14 12:44:32,958 - STREAM b'sRGB' 41 1
2025-08-14 12:44:32,958 - STREAM b'gAMA' 54 4
2025-08-14 12:44:32,958 - STREAM b'pHYs' 70 9
2025-08-14 12:44:32,958 - STREAM b'IDAT' 91 65445
2025-08-14 12:44:32,990 - STREAM b'IHDR' 16 13
2025-08-14 12:44:32,990 - STREAM b'sRGB' 41 1
2025-08-14 12:44:32,990 - STREAM b'gAMA' 54 4
2025-08-14 12:44:32,990 - STREAM b'pHYs' 70 9
2025-08-14 12:44:32,990 - STREAM b'IDAT' 91 65445
2025-08-14 12:44:33,006 - STREAM b'IHDR' 16 13
2025-08-14 12:44:33,006 - STREAM b'sRGB' 41 1
2025-08-14 12:44:33,006 - STREAM b'gAMA' 54 4
2025-08-14 12:44:33,006 - STREAM b'pHYs' 70 9
2025-08-14 12:44:33,006 - STREAM b'IDAT' 91 65445
2025-08-14 12:44:33,028 - STREAM b'IHDR' 16 13
2025-08-14 12:44:33,028 - STREAM b'sRGB' 41 1
2025-08-14 12:44:33,028 - STREAM b'gAMA' 54 4
2025-08-14 12:44:33,028 - STREAM b'pHYs' 70 9
2025-08-14 12:44:33,028 - STREAM b'IDAT' 91 65445
2025-08-14 12:44:33,054 - STREAM b'IHDR' 16 13
2025-08-14 12:44:33,054 - STREAM b'sRGB' 41 1
2025-08-14 12:44:33,054 - STREAM b'gAMA' 54 4
2025-08-14 12:44:33,054 - STREAM b'pHYs' 70 9
2025-08-14 12:44:33,054 - STREAM b'IDAT' 91 65445
2025-08-14 12:44:33,076 - STREAM b'IHDR' 16 13
2025-08-14 12:44:33,076 - STREAM b'sRGB' 41 1
2025-08-14 12:44:33,076 - STREAM b'gAMA' 54 4
2025-08-14 12:44:33,076 - STREAM b'pHYs' 70 9
2025-08-14 12:44:33,076 - STREAM b'IDAT' 91 65445
2025-08-14 12:44:33,086 - STREAM b'IHDR' 16 13
2025-08-14 12:44:33,086 - STREAM b'sRGB' 41 1
2025-08-14 12:44:33,086 - STREAM b'gAMA' 54 4
2025-08-14 12:44:33,086 - STREAM b'pHYs' 70 9
2025-08-14 12:44:33,086 - STREAM b'IDAT' 91 65445
2025-08-14 12:44:33,118 - STREAM b'IHDR' 16 13
2025-08-14 12:44:33,118 - STREAM b'sRGB' 41 1
2025-08-14 12:44:33,118 - STREAM b'gAMA' 54 4
2025-08-14 12:44:33,118 - STREAM b'pHYs' 70 9
2025-08-14 12:44:33,118 - STREAM b'IDAT' 91 65445
2025-08-14 12:44:33,134 - STREAM b'IHDR' 16 13
2025-08-14 12:44:33,134 - STREAM b'sRGB' 41 1
2025-08-14 12:44:33,134 - STREAM b'gAMA' 54 4
2025-08-14 12:44:33,134 - STREAM b'pHYs' 70 9
2025-08-14 12:44:33,134 - STREAM b'IDAT' 91 65445
2025-08-14 12:44:33,166 - STREAM b'IHDR' 16 13
2025-08-14 12:44:33,166 - STREAM b'sRGB' 41 1
2025-08-14 12:44:33,166 - STREAM b'gAMA' 54 4
2025-08-14 12:44:33,166 - STREAM b'pHYs' 70 9
2025-08-14 12:44:33,166 - STREAM b'IDAT' 91 65445
2025-08-14 12:44:33,182 - STREAM b'IHDR' 16 13
2025-08-14 12:44:33,182 - STREAM b'sRGB' 41 1
2025-08-14 12:44:33,182 - STREAM b'gAMA' 54 4
2025-08-14 12:44:33,182 - STREAM b'pHYs' 70 9
2025-08-14 12:44:33,182 - STREAM b'IDAT' 91 65445
2025-08-14 12:44:33,198 - STREAM b'IHDR' 16 13
2025-08-14 12:44:33,198 - STREAM b'sRGB' 41 1
2025-08-14 12:44:33,198 - STREAM b'gAMA' 54 4
2025-08-14 12:44:33,198 - STREAM b'pHYs' 70 9
2025-08-14 12:44:33,198 - STREAM b'IDAT' 91 65445
2025-08-14 12:44:33,230 - STREAM b'IHDR' 16 13
2025-08-14 12:44:33,230 - STREAM b'sRGB' 41 1
2025-08-14 12:44:33,230 - STREAM b'gAMA' 54 4
2025-08-14 12:44:33,230 - STREAM b'pHYs' 70 9
2025-08-14 12:44:33,230 - STREAM b'IDAT' 91 65445
2025-08-14 12:44:33,249 - STREAM b'IHDR' 16 13
2025-08-14 12:44:33,250 - STREAM b'sRGB' 41 1
2025-08-14 12:44:33,250 - STREAM b'gAMA' 54 4
2025-08-14 12:44:33,250 - STREAM b'pHYs' 70 9
2025-08-14 12:44:33,250 - STREAM b'IDAT' 91 65445
2025-08-14 12:44:33,265 - STREAM b'IHDR' 16 13
2025-08-14 12:44:33,265 - STREAM b'sRGB' 41 1
2025-08-14 12:44:33,265 - STREAM b'gAMA' 54 4
2025-08-14 12:44:33,265 - STREAM b'pHYs' 70 9
2025-08-14 12:44:33,265 - STREAM b'IDAT' 91 65445
2025-08-14 12:44:33,286 - STREAM b'IHDR' 16 13
2025-08-14 12:44:33,286 - STREAM b'sRGB' 41 1
2025-08-14 12:44:33,286 - STREAM b'gAMA' 54 4
2025-08-14 12:44:33,286 - STREAM b'pHYs' 70 9
2025-08-14 12:44:33,286 - STREAM b'IDAT' 91 65445
2025-08-14 12:44:33,307 - STREAM b'IHDR' 16 13
2025-08-14 12:44:33,307 - STREAM b'sRGB' 41 1
2025-08-14 12:44:33,307 - STREAM b'gAMA' 54 4
2025-08-14 12:44:33,307 - STREAM b'pHYs' 70 9
2025-08-14 12:44:33,307 - STREAM b'IDAT' 91 65445
2025-08-14 12:44:33,328 - STREAM b'IHDR' 16 13
2025-08-14 12:44:33,328 - STREAM b'sRGB' 41 1
2025-08-14 12:44:33,328 - STREAM b'gAMA' 54 4
2025-08-14 12:44:33,328 - STREAM b'pHYs' 70 9
2025-08-14 12:44:33,328 - STREAM b'IDAT' 91 65445
2025-08-14 12:44:33,356 - STREAM b'IHDR' 16 13
2025-08-14 12:44:33,356 - STREAM b'sRGB' 41 1
2025-08-14 12:44:33,358 - STREAM b'gAMA' 54 4
2025-08-14 12:44:33,358 - STREAM b'pHYs' 70 9
2025-08-14 12:44:33,358 - STREAM b'IDAT' 91 65445
2025-08-14 12:44:33,378 - STREAM b'IHDR' 16 13
2025-08-14 12:44:33,378 - STREAM b'sRGB' 41 1
2025-08-14 12:44:33,378 - STREAM b'gAMA' 54 4
2025-08-14 12:44:33,378 - STREAM b'pHYs' 70 9
2025-08-14 12:44:33,378 - STREAM b'IDAT' 91 65445
2025-08-14 12:44:33,398 - STREAM b'IHDR' 16 13
2025-08-14 12:44:33,398 - STREAM b'sRGB' 41 1
2025-08-14 12:44:33,398 - STREAM b'gAMA' 54 4
2025-08-14 12:44:33,398 - STREAM b'pHYs' 70 9
2025-08-14 12:44:33,398 - STREAM b'IDAT' 91 65445
2025-08-14 12:44:33,419 - STREAM b'IHDR' 16 13
2025-08-14 12:44:33,419 - STREAM b'sRGB' 41 1
2025-08-14 12:44:33,419 - STREAM b'gAMA' 54 4
2025-08-14 12:44:33,419 - STREAM b'pHYs' 70 9
2025-08-14 12:44:33,419 - STREAM b'IDAT' 91 65445
2025-08-14 12:44:33,439 - STREAM b'IHDR' 16 13
2025-08-14 12:44:33,439 - STREAM b'sRGB' 41 1
2025-08-14 12:44:33,439 - STREAM b'gAMA' 54 4
2025-08-14 12:44:33,439 - STREAM b'pHYs' 70 9
2025-08-14 12:44:33,439 - STREAM b'IDAT' 91 65445
2025-08-14 12:44:33,460 - STREAM b'IHDR' 16 13
2025-08-14 12:44:33,460 - STREAM b'sRGB' 41 1
2025-08-14 12:44:33,460 - STREAM b'gAMA' 54 4
2025-08-14 12:44:33,460 - STREAM b'pHYs' 70 9
2025-08-14 12:44:33,460 - STREAM b'IDAT' 91 65445
2025-08-14 12:44:33,480 - STREAM b'IHDR' 16 13
2025-08-14 12:44:33,480 - STREAM b'sRGB' 41 1
2025-08-14 12:44:33,480 - STREAM b'gAMA' 54 4
2025-08-14 12:44:33,480 - STREAM b'pHYs' 70 9
2025-08-14 12:44:33,480 - STREAM b'IDAT' 91 65445
2025-08-14 12:44:33,501 - STREAM b'IHDR' 16 13
2025-08-14 12:44:33,501 - STREAM b'sRGB' 41 1
2025-08-14 12:44:33,501 - STREAM b'gAMA' 54 4
2025-08-14 12:44:33,501 - STREAM b'pHYs' 70 9
2025-08-14 12:44:33,501 - STREAM b'IDAT' 91 65445
2025-08-14 12:44:33,528 - STREAM b'IHDR' 16 13
2025-08-14 12:44:33,528 - STREAM b'sRGB' 41 1
2025-08-14 12:44:33,528 - STREAM b'gAMA' 54 4
2025-08-14 12:44:33,528 - STREAM b'pHYs' 70 9
2025-08-14 12:44:33,528 - STREAM b'IDAT' 91 65445
2025-08-14 12:44:33,542 - STREAM b'IHDR' 16 13
2025-08-14 12:44:33,542 - STREAM b'sRGB' 41 1
2025-08-14 12:44:33,542 - STREAM b'gAMA' 54 4
2025-08-14 12:44:33,542 - STREAM b'pHYs' 70 9
2025-08-14 12:44:33,542 - STREAM b'IDAT' 91 65445
2025-08-14 12:44:33,562 - STREAM b'IHDR' 16 13
2025-08-14 12:44:33,562 - STREAM b'sRGB' 41 1
2025-08-14 12:44:33,562 - STREAM b'gAMA' 54 4
2025-08-14 12:44:33,562 - STREAM b'pHYs' 70 9
2025-08-14 12:44:33,562 - STREAM b'IDAT' 91 65445
2025-08-14 12:44:33,583 - STREAM b'IHDR' 16 13
2025-08-14 12:44:33,583 - STREAM b'sRGB' 41 1
2025-08-14 12:44:33,583 - STREAM b'gAMA' 54 4
2025-08-14 12:44:33,583 - STREAM b'pHYs' 70 9
2025-08-14 12:44:33,583 - STREAM b'IDAT' 91 65445
2025-08-14 12:44:33,608 - STREAM b'IHDR' 16 13
2025-08-14 12:44:33,608 - STREAM b'sRGB' 41 1
2025-08-14 12:44:33,608 - STREAM b'gAMA' 54 4
2025-08-14 12:44:33,608 - STREAM b'pHYs' 70 9
2025-08-14 12:44:33,608 - STREAM b'IDAT' 91 65445
2025-08-14 12:44:33,628 - STREAM b'IHDR' 16 13
2025-08-14 12:44:33,628 - STREAM b'sRGB' 41 1
2025-08-14 12:44:33,634 - STREAM b'gAMA' 54 4
2025-08-14 12:44:33,634 - STREAM b'pHYs' 70 9
2025-08-14 12:44:33,634 - STREAM b'IDAT' 91 65445
2025-08-14 12:44:33,655 - STREAM b'IHDR' 16 13
2025-08-14 12:44:33,655 - STREAM b'sRGB' 41 1
2025-08-14 12:44:33,655 - STREAM b'gAMA' 54 4
2025-08-14 12:44:33,655 - STREAM b'pHYs' 70 9
2025-08-14 12:44:33,655 - STREAM b'IDAT' 91 65445
2025-08-14 12:44:33,675 - STREAM b'IHDR' 16 13
2025-08-14 12:44:33,675 - STREAM b'sRGB' 41 1
2025-08-14 12:44:33,675 - STREAM b'gAMA' 54 4
2025-08-14 12:44:33,675 - STREAM b'pHYs' 70 9
2025-08-14 12:44:33,675 - STREAM b'IDAT' 91 65445
2025-08-14 12:44:33,695 - STREAM b'IHDR' 16 13
2025-08-14 12:44:33,695 - STREAM b'sRGB' 41 1
2025-08-14 12:44:33,695 - STREAM b'gAMA' 54 4
2025-08-14 12:44:33,695 - STREAM b'pHYs' 70 9
2025-08-14 12:44:33,695 - STREAM b'IDAT' 91 65445
2025-08-14 12:44:33,716 - STREAM b'IHDR' 16 13
2025-08-14 12:44:33,716 - STREAM b'sRGB' 41 1
2025-08-14 12:44:33,716 - STREAM b'gAMA' 54 4
2025-08-14 12:44:33,716 - STREAM b'pHYs' 70 9
2025-08-14 12:44:33,716 - STREAM b'IDAT' 91 65445
2025-08-14 12:44:33,736 - STREAM b'IHDR' 16 13
2025-08-14 12:44:33,736 - STREAM b'sRGB' 41 1
2025-08-14 12:44:33,736 - STREAM b'gAMA' 54 4
2025-08-14 12:44:33,736 - STREAM b'pHYs' 70 9
2025-08-14 12:44:33,736 - STREAM b'IDAT' 91 65445
2025-08-14 12:44:33,756 - STREAM b'IHDR' 16 13
2025-08-14 12:44:33,756 - STREAM b'sRGB' 41 1
2025-08-14 12:44:33,756 - STREAM b'gAMA' 54 4
2025-08-14 12:44:33,756 - STREAM b'pHYs' 70 9
2025-08-14 12:44:33,756 - STREAM b'IDAT' 91 65445
2025-08-14 12:44:33,785 - STREAM b'IHDR' 16 13
2025-08-14 12:44:33,785 - STREAM b'sRGB' 41 1
2025-08-14 12:44:33,785 - STREAM b'gAMA' 54 4
2025-08-14 12:44:33,785 - STREAM b'pHYs' 70 9
2025-08-14 12:44:33,785 - STREAM b'IDAT' 91 65445
2025-08-14 12:44:33,797 - STREAM b'IHDR' 16 13
2025-08-14 12:44:33,797 - STREAM b'sRGB' 41 1
2025-08-14 12:44:33,797 - STREAM b'gAMA' 54 4
2025-08-14 12:44:33,797 - STREAM b'pHYs' 70 9
2025-08-14 12:44:33,797 - STREAM b'IDAT' 91 65445
2025-08-14 12:44:33,818 - STREAM b'IHDR' 16 13
2025-08-14 12:44:33,818 - STREAM b'sRGB' 41 1
2025-08-14 12:44:33,818 - STREAM b'gAMA' 54 4
2025-08-14 12:44:33,818 - STREAM b'pHYs' 70 9
2025-08-14 12:44:33,818 - STREAM b'IDAT' 91 65445
2025-08-14 12:44:33,839 - STREAM b'IHDR' 16 13
2025-08-14 12:44:33,839 - STREAM b'sRGB' 41 1
2025-08-14 12:44:33,839 - STREAM b'gAMA' 54 4
2025-08-14 12:44:33,839 - STREAM b'pHYs' 70 9
2025-08-14 12:44:33,849 - STREAM b'IDAT' 91 65445
2025-08-14 12:44:33,871 - STREAM b'IHDR' 16 13
2025-08-14 12:44:33,871 - STREAM b'sRGB' 41 1
2025-08-14 12:44:33,871 - STREAM b'gAMA' 54 4
2025-08-14 12:44:33,871 - STREAM b'pHYs' 70 9
2025-08-14 12:44:33,871 - STREAM b'IDAT' 91 65445
2025-08-14 12:44:33,890 - STREAM b'IHDR' 16 13
2025-08-14 12:44:33,890 - STREAM b'sRGB' 41 1
2025-08-14 12:44:33,890 - STREAM b'gAMA' 54 4
2025-08-14 12:44:33,890 - STREAM b'pHYs' 70 9
2025-08-14 12:44:33,890 - STREAM b'IDAT' 91 65445
2025-08-14 12:44:33,911 - STREAM b'IHDR' 16 13
2025-08-14 12:44:33,911 - STREAM b'sRGB' 41 1
2025-08-14 12:44:33,911 - STREAM b'gAMA' 54 4
2025-08-14 12:44:33,911 - STREAM b'pHYs' 70 9
2025-08-14 12:44:33,911 - STREAM b'IDAT' 91 65445
2025-08-14 12:44:33,931 - STREAM b'IHDR' 16 13
2025-08-14 12:44:33,931 - STREAM b'sRGB' 41 1
2025-08-14 12:44:33,931 - STREAM b'gAMA' 54 4
2025-08-14 12:44:33,931 - STREAM b'pHYs' 70 9
2025-08-14 12:44:33,931 - STREAM b'IDAT' 91 65445
2025-08-14 12:44:33,957 - STREAM b'IHDR' 16 13
2025-08-14 12:44:33,957 - STREAM b'sRGB' 41 1
2025-08-14 12:44:33,957 - STREAM b'gAMA' 54 4
2025-08-14 12:44:33,957 - STREAM b'pHYs' 70 9
2025-08-14 12:44:33,957 - STREAM b'IDAT' 91 65445
2025-08-14 12:44:33,972 - STREAM b'IHDR' 16 13
2025-08-14 12:44:33,972 - STREAM b'sRGB' 41 1
2025-08-14 12:44:33,972 - STREAM b'gAMA' 54 4
2025-08-14 12:44:33,972 - STREAM b'pHYs' 70 9
2025-08-14 12:44:33,972 - STREAM b'IDAT' 91 65445
2025-08-14 12:44:34,000 - STREAM b'IHDR' 16 13
2025-08-14 12:44:34,000 - STREAM b'sRGB' 41 1
2025-08-14 12:44:34,000 - STREAM b'gAMA' 54 4
2025-08-14 12:44:34,000 - STREAM b'pHYs' 70 9
2025-08-14 12:44:34,000 - STREAM b'IDAT' 91 65445
2025-08-14 12:44:34,014 - STREAM b'IHDR' 16 13
2025-08-14 12:44:34,014 - STREAM b'sRGB' 41 1
2025-08-14 12:44:34,014 - STREAM b'gAMA' 54 4
2025-08-14 12:44:34,014 - STREAM b'pHYs' 70 9
2025-08-14 12:44:34,014 - STREAM b'IDAT' 91 65445
2025-08-14 12:44:34,044 - STREAM b'IHDR' 16 13
2025-08-14 12:44:34,044 - STREAM b'sRGB' 41 1
2025-08-14 12:44:34,044 - STREAM b'gAMA' 54 4
2025-08-14 12:44:34,044 - STREAM b'pHYs' 70 9
2025-08-14 12:44:34,046 - STREAM b'IDAT' 91 65445
2025-08-14 12:44:34,065 - STREAM b'IHDR' 16 13
2025-08-14 12:44:34,065 - STREAM b'sRGB' 41 1
2025-08-14 12:44:34,065 - STREAM b'gAMA' 54 4
2025-08-14 12:44:34,065 - STREAM b'pHYs' 70 9
2025-08-14 12:44:34,065 - STREAM b'IDAT' 91 65445
2025-08-14 12:44:34,088 - STREAM b'IHDR' 16 13
2025-08-14 12:44:34,088 - STREAM b'sRGB' 41 1
2025-08-14 12:44:34,089 - STREAM b'gAMA' 54 4
2025-08-14 12:44:34,089 - STREAM b'pHYs' 70 9
2025-08-14 12:44:34,089 - STREAM b'IDAT' 91 65445
2025-08-14 12:44:34,106 - STREAM b'IHDR' 16 13
2025-08-14 12:44:34,106 - STREAM b'sRGB' 41 1
2025-08-14 12:44:34,106 - STREAM b'gAMA' 54 4
2025-08-14 12:44:34,106 - STREAM b'pHYs' 70 9
2025-08-14 12:44:34,106 - STREAM b'IDAT' 91 65445
2025-08-14 12:44:34,129 - STREAM b'IHDR' 16 13
2025-08-14 12:44:34,129 - STREAM b'sRGB' 41 1
2025-08-14 12:44:34,129 - STREAM b'gAMA' 54 4
2025-08-14 12:44:34,129 - STREAM b'pHYs' 70 9
2025-08-14 12:44:34,129 - STREAM b'IDAT' 91 65445
2025-08-14 12:44:34,147 - STREAM b'IHDR' 16 13
2025-08-14 12:44:34,147 - STREAM b'sRGB' 41 1
2025-08-14 12:44:34,147 - STREAM b'gAMA' 54 4
2025-08-14 12:44:34,147 - STREAM b'pHYs' 70 9
2025-08-14 12:44:34,147 - STREAM b'IDAT' 91 65445
2025-08-14 12:44:34,170 - STREAM b'IHDR' 16 13
2025-08-14 12:44:34,170 - STREAM b'sRGB' 41 1
2025-08-14 12:44:34,170 - STREAM b'gAMA' 54 4
2025-08-14 12:44:34,170 - STREAM b'pHYs' 70 9
2025-08-14 12:44:34,170 - STREAM b'IDAT' 91 65445
2025-08-14 12:44:34,188 - STREAM b'IHDR' 16 13
2025-08-14 12:44:34,188 - STREAM b'sRGB' 41 1
2025-08-14 12:44:34,188 - STREAM b'gAMA' 54 4
2025-08-14 12:44:34,188 - STREAM b'pHYs' 70 9
2025-08-14 12:44:34,188 - STREAM b'IDAT' 91 65445
2025-08-14 12:44:34,214 - STREAM b'IHDR' 16 13
2025-08-14 12:44:34,214 - STREAM b'sRGB' 41 1
2025-08-14 12:44:34,214 - STREAM b'gAMA' 54 4
2025-08-14 12:44:34,214 - STREAM b'pHYs' 70 9
2025-08-14 12:44:34,214 - STREAM b'IDAT' 91 65445
2025-08-14 12:44:34,229 - STREAM b'IHDR' 16 13
2025-08-14 12:44:34,229 - STREAM b'sRGB' 41 1
2025-08-14 12:44:34,229 - STREAM b'gAMA' 54 4
2025-08-14 12:44:34,229 - STREAM b'pHYs' 70 9
2025-08-14 12:44:34,229 - STREAM b'IDAT' 91 65445
2025-08-14 12:44:34,251 - STREAM b'IHDR' 16 13
2025-08-14 12:44:34,251 - STREAM b'sRGB' 41 1
2025-08-14 12:44:34,251 - STREAM b'gAMA' 54 4
2025-08-14 12:44:34,251 - STREAM b'pHYs' 70 9
2025-08-14 12:44:34,251 - STREAM b'IDAT' 91 65445
2025-08-14 12:44:34,270 - STREAM b'IHDR' 16 13
2025-08-14 12:44:34,270 - STREAM b'sRGB' 41 1
2025-08-14 12:44:34,270 - STREAM b'gAMA' 54 4
2025-08-14 12:44:34,270 - STREAM b'pHYs' 70 9
2025-08-14 12:44:34,270 - STREAM b'IDAT' 91 65445
2025-08-14 12:44:34,293 - STREAM b'IHDR' 16 13
2025-08-14 12:44:34,293 - STREAM b'sRGB' 41 1
2025-08-14 12:44:34,293 - STREAM b'gAMA' 54 4
2025-08-14 12:44:34,293 - STREAM b'pHYs' 70 9
2025-08-14 12:44:34,301 - STREAM b'IDAT' 91 65445
2025-08-14 12:44:34,320 - STREAM b'IHDR' 16 13
2025-08-14 12:44:34,322 - STREAM b'sRGB' 41 1
2025-08-14 12:44:34,322 - STREAM b'gAMA' 54 4
2025-08-14 12:44:34,322 - STREAM b'pHYs' 70 9
2025-08-14 12:44:34,322 - STREAM b'IDAT' 91 65445
2025-08-14 12:44:34,342 - STREAM b'IHDR' 16 13
2025-08-14 12:44:34,342 - STREAM b'sRGB' 41 1
2025-08-14 12:44:34,342 - STREAM b'gAMA' 54 4
2025-08-14 12:44:34,342 - STREAM b'pHYs' 70 9
2025-08-14 12:44:34,342 - STREAM b'IDAT' 91 65445
2025-08-14 12:44:34,363 - STREAM b'IHDR' 16 13
2025-08-14 12:44:34,363 - STREAM b'sRGB' 41 1
2025-08-14 12:44:34,363 - STREAM b'gAMA' 54 4
2025-08-14 12:44:34,363 - STREAM b'pHYs' 70 9
2025-08-14 12:44:34,363 - STREAM b'IDAT' 91 65445
2025-08-14 12:44:34,385 - STREAM b'IHDR' 16 13
2025-08-14 12:44:34,385 - STREAM b'sRGB' 41 1
2025-08-14 12:44:34,385 - STREAM b'gAMA' 54 4
2025-08-14 12:44:34,385 - STREAM b'pHYs' 70 9
2025-08-14 12:44:34,385 - STREAM b'IDAT' 91 65445
2025-08-14 12:44:34,404 - STREAM b'IHDR' 16 13
2025-08-14 12:44:34,404 - STREAM b'sRGB' 41 1
2025-08-14 12:44:34,404 - STREAM b'gAMA' 54 4
2025-08-14 12:44:34,404 - STREAM b'pHYs' 70 9
2025-08-14 12:44:34,404 - STREAM b'IDAT' 91 65445
2025-08-14 12:44:34,428 - STREAM b'IHDR' 16 13
2025-08-14 12:44:34,428 - STREAM b'sRGB' 41 1
2025-08-14 12:44:34,430 - STREAM b'gAMA' 54 4
2025-08-14 12:44:34,430 - STREAM b'pHYs' 70 9
2025-08-14 12:44:34,430 - STREAM b'IDAT' 91 65445
2025-08-14 12:44:34,445 - STREAM b'IHDR' 16 13
2025-08-14 12:44:34,445 - STREAM b'sRGB' 41 1
2025-08-14 12:44:34,445 - STREAM b'gAMA' 54 4
2025-08-14 12:44:34,445 - STREAM b'pHYs' 70 9
2025-08-14 12:44:34,445 - STREAM b'IDAT' 91 65445
2025-08-14 12:44:34,470 - STREAM b'IHDR' 16 13
2025-08-14 12:44:34,470 - STREAM b'sRGB' 41 1
2025-08-14 12:44:34,470 - STREAM b'gAMA' 54 4
2025-08-14 12:44:34,470 - STREAM b'pHYs' 70 9
2025-08-14 12:44:34,470 - STREAM b'IDAT' 91 65445
2025-08-14 12:44:34,482 - STREAM b'IHDR' 16 13
2025-08-14 12:44:34,482 - STREAM b'sRGB' 41 1
2025-08-14 12:44:34,482 - STREAM b'gAMA' 54 4
2025-08-14 12:44:34,482 - STREAM b'pHYs' 70 9
2025-08-14 12:44:34,482 - STREAM b'IDAT' 91 65445
2025-08-14 12:44:34,513 - STREAM b'IHDR' 16 13
2025-08-14 12:44:34,513 - STREAM b'sRGB' 41 1
2025-08-14 12:44:34,513 - STREAM b'gAMA' 54 4
2025-08-14 12:44:34,513 - STREAM b'pHYs' 70 9
2025-08-14 12:44:34,513 - STREAM b'IDAT' 91 65445
2025-08-14 12:44:34,529 - STREAM b'IHDR' 16 13
2025-08-14 12:44:34,529 - STREAM b'sRGB' 41 1
2025-08-14 12:44:34,529 - STREAM b'gAMA' 54 4
2025-08-14 12:44:34,529 - STREAM b'pHYs' 70 9
2025-08-14 12:44:34,529 - STREAM b'IDAT' 91 65445
2025-08-14 12:44:34,556 - STREAM b'IHDR' 16 13
2025-08-14 12:44:34,556 - STREAM b'sRGB' 41 1
2025-08-14 12:44:34,556 - STREAM b'gAMA' 54 4
2025-08-14 12:44:34,556 - STREAM b'pHYs' 70 9
2025-08-14 12:44:34,556 - STREAM b'IDAT' 91 65445
2025-08-14 12:44:34,577 - STREAM b'IHDR' 16 13
2025-08-14 12:44:34,577 - STREAM b'sRGB' 41 1
2025-08-14 12:44:34,577 - STREAM b'gAMA' 54 4
2025-08-14 12:44:34,577 - STREAM b'pHYs' 70 9
2025-08-14 12:44:34,577 - STREAM b'IDAT' 91 65445
2025-08-14 12:44:34,594 - STREAM b'IHDR' 16 13
2025-08-14 12:44:34,594 - STREAM b'sRGB' 41 1
2025-08-14 12:44:34,594 - STREAM b'gAMA' 54 4
2025-08-14 12:44:34,594 - STREAM b'pHYs' 70 9
2025-08-14 12:44:34,594 - STREAM b'IDAT' 91 65445
2025-08-14 12:44:34,608 - STREAM b'IHDR' 16 13
2025-08-14 12:44:34,608 - STREAM b'sRGB' 41 1
2025-08-14 12:44:34,608 - STREAM b'gAMA' 54 4
2025-08-14 12:44:34,608 - STREAM b'pHYs' 70 9
2025-08-14 12:44:34,608 - STREAM b'IDAT' 91 65445
2025-08-14 12:44:34,640 - STREAM b'IHDR' 16 13
2025-08-14 12:44:34,640 - STREAM b'sRGB' 41 1
2025-08-14 12:44:34,640 - STREAM b'gAMA' 54 4
2025-08-14 12:44:34,640 - STREAM b'pHYs' 70 9
2025-08-14 12:44:34,640 - STREAM b'IDAT' 91 65445
2025-08-14 12:44:34,656 - STREAM b'IHDR' 16 13
2025-08-14 12:44:34,656 - STREAM b'sRGB' 41 1
2025-08-14 12:44:34,656 - STREAM b'gAMA' 54 4
2025-08-14 12:44:34,656 - STREAM b'pHYs' 70 9
2025-08-14 12:44:34,656 - STREAM b'IDAT' 91 65445
2025-08-14 12:44:34,672 - STREAM b'IHDR' 16 13
2025-08-14 12:44:34,672 - STREAM b'sRGB' 41 1
2025-08-14 12:44:34,672 - STREAM b'gAMA' 54 4
2025-08-14 12:44:34,672 - STREAM b'pHYs' 70 9
2025-08-14 12:44:34,672 - STREAM b'IDAT' 91 65445
2025-08-14 12:44:34,703 - STREAM b'IHDR' 16 13
2025-08-14 12:44:34,703 - STREAM b'sRGB' 41 1
2025-08-14 12:44:34,703 - STREAM b'gAMA' 54 4
2025-08-14 12:44:34,703 - STREAM b'pHYs' 70 9
2025-08-14 12:44:34,703 - STREAM b'IDAT' 91 65445
2025-08-14 12:44:34,719 - STREAM b'IHDR' 16 13
2025-08-14 12:44:34,719 - STREAM b'sRGB' 41 1
2025-08-14 12:44:34,719 - STREAM b'gAMA' 54 4
2025-08-14 12:44:34,719 - STREAM b'pHYs' 70 9
2025-08-14 12:44:34,719 - STREAM b'IDAT' 91 65445
2025-08-14 12:44:34,747 - STREAM b'IHDR' 16 13
2025-08-14 12:44:34,747 - STREAM b'sRGB' 41 1
2025-08-14 12:44:34,747 - STREAM b'gAMA' 54 4
2025-08-14 12:44:34,747 - STREAM b'pHYs' 70 9
2025-08-14 12:44:34,747 - STREAM b'IDAT' 91 65445
2025-08-14 12:44:34,767 - STREAM b'IHDR' 16 13
2025-08-14 12:44:34,767 - STREAM b'sRGB' 41 1
2025-08-14 12:44:34,767 - STREAM b'gAMA' 54 4
2025-08-14 12:44:34,767 - STREAM b'pHYs' 70 9
2025-08-14 12:44:34,767 - STREAM b'IDAT' 91 65445
2025-08-14 12:44:34,789 - STREAM b'IHDR' 16 13
2025-08-14 12:44:34,789 - STREAM b'sRGB' 41 1
2025-08-14 12:44:34,789 - STREAM b'gAMA' 54 4
2025-08-14 12:44:34,789 - STREAM b'pHYs' 70 9
2025-08-14 12:44:34,789 - STREAM b'IDAT' 91 65445
2025-08-14 12:44:34,799 - STREAM b'IHDR' 16 13
2025-08-14 12:44:34,799 - STREAM b'sRGB' 41 1
2025-08-14 12:44:34,799 - STREAM b'gAMA' 54 4
2025-08-14 12:44:34,799 - STREAM b'pHYs' 70 9
2025-08-14 12:44:34,799 - STREAM b'IDAT' 91 65445
2025-08-14 12:44:34,830 - STREAM b'IHDR' 16 13
2025-08-14 12:44:34,830 - STREAM b'sRGB' 41 1
2025-08-14 12:44:34,830 - STREAM b'gAMA' 54 4
2025-08-14 12:44:34,830 - STREAM b'pHYs' 70 9
2025-08-14 12:44:34,830 - STREAM b'IDAT' 91 65445
2025-08-14 12:44:34,846 - STREAM b'IHDR' 16 13
2025-08-14 12:44:34,846 - STREAM b'sRGB' 41 1
2025-08-14 12:44:34,846 - STREAM b'gAMA' 54 4
2025-08-14 12:44:34,846 - STREAM b'pHYs' 70 9
2025-08-14 12:44:34,846 - STREAM b'IDAT' 91 65445
2025-08-14 12:44:37,852 - STREAM b'IHDR' 16 13
2025-08-14 12:44:37,852 - STREAM b'sRGB' 41 1
2025-08-14 12:44:37,852 - STREAM b'gAMA' 54 4
2025-08-14 12:44:37,852 - STREAM b'pHYs' 70 9
2025-08-14 12:44:37,852 - STREAM b'IDAT' 91 65445
2025-08-14 12:44:41,815 - STREAM b'IHDR' 16 13
2025-08-14 12:44:41,815 - STREAM b'sRGB' 41 1
2025-08-14 12:44:41,815 - STREAM b'gAMA' 54 4
2025-08-14 12:44:41,815 - STREAM b'pHYs' 70 9
2025-08-14 12:44:41,815 - STREAM b'IDAT' 91 65445
2025-08-14 12:44:41,831 - STREAM b'IHDR' 16 13
2025-08-14 12:44:41,831 - STREAM b'sRGB' 41 1
2025-08-14 12:44:41,831 - STREAM b'gAMA' 54 4
2025-08-14 12:44:41,831 - STREAM b'pHYs' 70 9
2025-08-14 12:44:41,831 - STREAM b'IDAT' 91 19474
2025-08-14 12:44:44,462 - STREAM b'IHDR' 16 13
2025-08-14 12:44:44,462 - STREAM b'sRGB' 41 1
2025-08-14 12:44:44,462 - STREAM b'gAMA' 54 4
2025-08-14 12:44:44,462 - STREAM b'pHYs' 70 9
2025-08-14 12:44:44,462 - STREAM b'IDAT' 91 65445
2025-08-14 12:44:44,487 - STREAM b'IHDR' 16 13
2025-08-14 12:44:44,487 - STREAM b'sRGB' 41 1
2025-08-14 12:44:44,487 - STREAM b'gAMA' 54 4
2025-08-14 12:44:44,487 - STREAM b'pHYs' 70 9
2025-08-14 12:44:44,487 - STREAM b'IDAT' 91 19474
2025-08-14 12:44:44,717 - STREAM b'IHDR' 16 13
2025-08-14 12:44:44,717 - STREAM b'sRGB' 41 1
2025-08-14 12:44:44,717 - STREAM b'gAMA' 54 4
2025-08-14 12:44:44,717 - STREAM b'pHYs' 70 9
2025-08-14 12:44:44,717 - STREAM b'IDAT' 91 65445
2025-08-14 12:44:44,732 - STREAM b'IHDR' 16 13
2025-08-14 12:44:44,732 - STREAM b'sRGB' 41 1
2025-08-14 12:44:44,732 - STREAM b'gAMA' 54 4
2025-08-14 12:44:44,732 - STREAM b'pHYs' 70 9
2025-08-14 12:44:44,732 - STREAM b'IDAT' 91 19474
2025-08-14 12:44:44,907 - STREAM b'IHDR' 16 13
2025-08-14 12:44:44,907 - STREAM b'sRGB' 41 1
2025-08-14 12:44:44,907 - STREAM b'gAMA' 54 4
2025-08-14 12:44:44,907 - STREAM b'pHYs' 70 9
2025-08-14 12:44:44,907 - STREAM b'IDAT' 91 65445
2025-08-14 12:44:44,923 - STREAM b'IHDR' 16 13
2025-08-14 12:44:44,923 - STREAM b'sRGB' 41 1
2025-08-14 12:44:44,923 - STREAM b'gAMA' 54 4
2025-08-14 12:44:44,923 - STREAM b'pHYs' 70 9
2025-08-14 12:44:44,923 - STREAM b'IDAT' 91 19474
2025-08-14 12:44:45,071 - STREAM b'IHDR' 16 13
2025-08-14 12:44:45,071 - STREAM b'sRGB' 41 1
2025-08-14 12:44:45,071 - STREAM b'gAMA' 54 4
2025-08-14 12:44:45,071 - STREAM b'pHYs' 70 9
2025-08-14 12:44:45,071 - STREAM b'IDAT' 91 65445
2025-08-14 12:44:45,090 - STREAM b'IHDR' 16 13
2025-08-14 12:44:45,090 - STREAM b'sRGB' 41 1
2025-08-14 12:44:45,090 - STREAM b'gAMA' 54 4
2025-08-14 12:44:45,090 - STREAM b'pHYs' 70 9
2025-08-14 12:44:45,090 - STREAM b'IDAT' 91 19474
2025-08-14 12:44:45,238 - STREAM b'IHDR' 16 13
2025-08-14 12:44:45,238 - STREAM b'sRGB' 41 1
2025-08-14 12:44:45,238 - STREAM b'gAMA' 54 4
2025-08-14 12:44:45,238 - STREAM b'pHYs' 70 9
2025-08-14 12:44:45,238 - STREAM b'IDAT' 91 65445
2025-08-14 12:44:45,258 - STREAM b'IHDR' 16 13
2025-08-14 12:44:45,259 - STREAM b'sRGB' 41 1
2025-08-14 12:44:45,259 - STREAM b'gAMA' 54 4
2025-08-14 12:44:45,259 - STREAM b'pHYs' 70 9
2025-08-14 12:44:45,259 - STREAM b'IDAT' 91 19474
2025-08-14 12:44:45,424 - STREAM b'IHDR' 16 13
2025-08-14 12:44:45,424 - STREAM b'sRGB' 41 1
2025-08-14 12:44:45,424 - STREAM b'gAMA' 54 4
2025-08-14 12:44:45,424 - STREAM b'pHYs' 70 9
2025-08-14 12:44:45,424 - STREAM b'IDAT' 91 65445
2025-08-14 12:44:45,434 - STREAM b'IHDR' 16 13
2025-08-14 12:44:45,444 - STREAM b'sRGB' 41 1
2025-08-14 12:44:45,444 - STREAM b'gAMA' 54 4
2025-08-14 12:44:45,444 - STREAM b'pHYs' 70 9
2025-08-14 12:44:45,444 - STREAM b'IDAT' 91 19474
2025-08-14 12:44:56,018 - STREAM b'IHDR' 16 13
2025-08-14 12:44:56,018 - STREAM b'sRGB' 41 1
2025-08-14 12:44:56,019 - STREAM b'gAMA' 54 4
2025-08-14 12:44:56,019 - STREAM b'pHYs' 70 9
2025-08-14 12:44:56,019 - STREAM b'IDAT' 91 65445
2025-08-14 12:44:56,037 - STREAM b'IHDR' 16 13
2025-08-14 12:44:56,037 - STREAM b'sRGB' 41 1
2025-08-14 12:44:56,037 - STREAM b'gAMA' 54 4
2025-08-14 12:44:56,037 - STREAM b'pHYs' 70 9
2025-08-14 12:44:56,037 - STREAM b'IDAT' 91 19474
2025-08-14 12:44:56,305 - STREAM b'IHDR' 16 13
2025-08-14 12:44:56,305 - STREAM b'sRGB' 41 1
2025-08-14 12:44:56,305 - STREAM b'gAMA' 54 4
2025-08-14 12:44:56,305 - STREAM b'pHYs' 70 9
2025-08-14 12:44:56,305 - STREAM b'IDAT' 91 65445
2025-08-14 12:44:56,323 - STREAM b'IHDR' 16 13
2025-08-14 12:44:56,323 - STREAM b'sRGB' 41 1
2025-08-14 12:44:56,323 - STREAM b'gAMA' 54 4
2025-08-14 12:44:56,323 - STREAM b'pHYs' 70 9
2025-08-14 12:44:56,323 - STREAM b'IDAT' 91 19474
2025-08-14 12:44:56,477 - STREAM b'IHDR' 16 13
2025-08-14 12:44:56,477 - STREAM b'sRGB' 41 1
2025-08-14 12:44:56,477 - STREAM b'gAMA' 54 4
2025-08-14 12:44:56,477 - STREAM b'pHYs' 70 9
2025-08-14 12:44:56,477 - STREAM b'IDAT' 91 65445
2025-08-14 12:44:56,493 - STREAM b'IHDR' 16 13
2025-08-14 12:44:56,493 - STREAM b'sRGB' 41 1
2025-08-14 12:44:56,493 - STREAM b'gAMA' 54 4
2025-08-14 12:44:56,493 - STREAM b'pHYs' 70 9
2025-08-14 12:44:56,493 - STREAM b'IDAT' 91 19474
2025-08-14 12:44:56,668 - STREAM b'IHDR' 16 13
2025-08-14 12:44:56,668 - STREAM b'sRGB' 41 1
2025-08-14 12:44:56,668 - STREAM b'gAMA' 54 4
2025-08-14 12:44:56,668 - STREAM b'pHYs' 70 9
2025-08-14 12:44:56,668 - STREAM b'IDAT' 91 65445
2025-08-14 12:44:56,684 - STREAM b'IHDR' 16 13
2025-08-14 12:44:56,684 - STREAM b'sRGB' 41 1
2025-08-14 12:44:56,684 - STREAM b'gAMA' 54 4
2025-08-14 12:44:56,684 - STREAM b'pHYs' 70 9
2025-08-14 12:44:56,684 - STREAM b'IDAT' 91 19474
2025-08-14 12:44:56,861 - STREAM b'IHDR' 16 13
2025-08-14 12:44:56,861 - STREAM b'sRGB' 41 1
2025-08-14 12:44:56,861 - STREAM b'gAMA' 54 4
2025-08-14 12:44:56,861 - STREAM b'pHYs' 70 9
2025-08-14 12:44:56,861 - STREAM b'IDAT' 91 65445
2025-08-14 12:44:56,876 - STREAM b'IHDR' 16 13
2025-08-14 12:44:56,876 - STREAM b'sRGB' 41 1
2025-08-14 12:44:56,876 - STREAM b'gAMA' 54 4
2025-08-14 12:44:56,876 - STREAM b'pHYs' 70 9
2025-08-14 12:44:56,876 - STREAM b'IDAT' 91 19474
2025-08-14 12:44:57,129 - STREAM b'IHDR' 16 13
2025-08-14 12:44:57,129 - STREAM b'sRGB' 41 1
2025-08-14 12:44:57,129 - STREAM b'gAMA' 54 4
2025-08-14 12:44:57,129 - STREAM b'pHYs' 70 9
2025-08-14 12:44:57,129 - STREAM b'IDAT' 91 65445
2025-08-14 12:44:57,148 - STREAM b'IHDR' 16 13
2025-08-14 12:44:57,148 - STREAM b'sRGB' 41 1
2025-08-14 12:44:57,148 - STREAM b'gAMA' 54 4
2025-08-14 12:44:57,148 - STREAM b'pHYs' 70 9
2025-08-14 12:44:57,148 - STREAM b'IDAT' 91 19474
2025-08-14 12:44:57,432 - STREAM b'IHDR' 16 13
2025-08-14 12:44:57,432 - STREAM b'sRGB' 41 1
2025-08-14 12:44:57,432 - STREAM b'gAMA' 54 4
2025-08-14 12:44:57,432 - STREAM b'pHYs' 70 9
2025-08-14 12:44:57,432 - STREAM b'IDAT' 91 65445
2025-08-14 12:44:57,449 - STREAM b'IHDR' 16 13
2025-08-14 12:44:57,449 - STREAM b'sRGB' 41 1
2025-08-14 12:44:57,449 - STREAM b'gAMA' 54 4
2025-08-14 12:44:57,449 - STREAM b'pHYs' 70 9
2025-08-14 12:44:57,449 - STREAM b'IDAT' 91 19474
2025-08-14 12:44:57,641 - STREAM b'IHDR' 16 13
2025-08-14 12:44:57,641 - STREAM b'sRGB' 41 1
2025-08-14 12:44:57,641 - STREAM b'gAMA' 54 4
2025-08-14 12:44:57,641 - STREAM b'pHYs' 70 9
2025-08-14 12:44:57,641 - STREAM b'IDAT' 91 65445
2025-08-14 12:44:57,655 - STREAM b'IHDR' 16 13
2025-08-14 12:44:57,655 - STREAM b'sRGB' 41 1
2025-08-14 12:44:57,655 - STREAM b'gAMA' 54 4
2025-08-14 12:44:57,655 - STREAM b'pHYs' 70 9
2025-08-14 12:44:57,655 - STREAM b'IDAT' 91 19474
2025-08-14 12:45:05,363 - STREAM b'IHDR' 16 13
2025-08-14 12:45:05,363 - STREAM b'sRGB' 41 1
2025-08-14 12:45:05,363 - STREAM b'gAMA' 54 4
2025-08-14 12:45:05,363 - STREAM b'pHYs' 70 9
2025-08-14 12:45:05,363 - STREAM b'IDAT' 91 65445
2025-08-14 12:45:05,379 - STREAM b'IHDR' 16 13
2025-08-14 12:45:05,379 - STREAM b'sRGB' 41 1
2025-08-14 12:45:05,379 - STREAM b'gAMA' 54 4
2025-08-14 12:45:05,379 - STREAM b'pHYs' 70 9
2025-08-14 12:45:05,379 - STREAM b'IDAT' 91 19474
2025-08-14 12:45:10,444 - STREAM b'IHDR' 16 13
2025-08-14 12:45:10,444 - STREAM b'sRGB' 41 1
2025-08-14 12:45:10,444 - STREAM b'gAMA' 54 4
2025-08-14 12:45:10,444 - STREAM b'pHYs' 70 9
2025-08-14 12:45:10,444 - STREAM b'IDAT' 91 65445
2025-08-14 12:45:10,448 - STREAM b'IHDR' 16 13
2025-08-14 12:45:10,448 - STREAM b'sRGB' 41 1
2025-08-14 12:45:10,448 - STREAM b'gAMA' 54 4
2025-08-14 12:45:10,464 - STREAM b'pHYs' 70 9
2025-08-14 12:45:10,464 - STREAM b'IDAT' 91 19474
2025-08-14 12:45:10,689 - STREAM b'IHDR' 16 13
2025-08-14 12:45:10,689 - STREAM b'sRGB' 41 1
2025-08-14 12:45:10,689 - STREAM b'gAMA' 54 4
2025-08-14 12:45:10,689 - STREAM b'pHYs' 70 9
2025-08-14 12:45:10,689 - STREAM b'IDAT' 91 65445
2025-08-14 12:45:10,703 - STREAM b'IHDR' 16 13
2025-08-14 12:45:10,703 - STREAM b'sRGB' 41 1
2025-08-14 12:45:10,703 - STREAM b'gAMA' 54 4
2025-08-14 12:45:10,703 - STREAM b'pHYs' 70 9
2025-08-14 12:45:10,703 - STREAM b'IDAT' 91 19474
2025-08-14 12:45:10,892 - STREAM b'IHDR' 16 13
2025-08-14 12:45:10,892 - STREAM b'sRGB' 41 1
2025-08-14 12:45:10,892 - STREAM b'gAMA' 54 4
2025-08-14 12:45:10,892 - STREAM b'pHYs' 70 9
2025-08-14 12:45:10,892 - STREAM b'IDAT' 91 65445
2025-08-14 12:45:10,911 - STREAM b'IHDR' 16 13
2025-08-14 12:45:10,911 - STREAM b'sRGB' 41 1
2025-08-14 12:45:10,911 - STREAM b'gAMA' 54 4
2025-08-14 12:45:10,911 - STREAM b'pHYs' 70 9
2025-08-14 12:45:10,911 - STREAM b'IDAT' 91 19474
2025-08-14 12:45:11,100 - STREAM b'IHDR' 16 13
2025-08-14 12:45:11,100 - STREAM b'sRGB' 41 1
2025-08-14 12:45:11,100 - STREAM b'gAMA' 54 4
2025-08-14 12:45:11,100 - STREAM b'pHYs' 70 9
2025-08-14 12:45:11,100 - STREAM b'IDAT' 91 65445
2025-08-14 12:45:11,115 - STREAM b'IHDR' 16 13
2025-08-14 12:45:11,115 - STREAM b'sRGB' 41 1
2025-08-14 12:45:11,115 - STREAM b'gAMA' 54 4
2025-08-14 12:45:11,120 - STREAM b'pHYs' 70 9
2025-08-14 12:45:11,120 - STREAM b'IDAT' 91 19474
2025-08-14 12:45:11,292 - STREAM b'IHDR' 16 13
2025-08-14 12:45:11,292 - STREAM b'sRGB' 41 1
2025-08-14 12:45:11,292 - STREAM b'gAMA' 54 4
2025-08-14 12:45:11,292 - STREAM b'pHYs' 70 9
2025-08-14 12:45:11,292 - STREAM b'IDAT' 91 65445
2025-08-14 12:45:11,307 - STREAM b'IHDR' 16 13
2025-08-14 12:45:11,307 - STREAM b'sRGB' 41 1
2025-08-14 12:45:11,307 - STREAM b'gAMA' 54 4
2025-08-14 12:45:11,307 - STREAM b'pHYs' 70 9
2025-08-14 12:45:11,307 - STREAM b'IDAT' 91 19474
2025-08-14 12:45:11,499 - STREAM b'IHDR' 16 13
2025-08-14 12:45:11,499 - STREAM b'sRGB' 41 1
2025-08-14 12:45:11,499 - STREAM b'gAMA' 54 4
2025-08-14 12:45:11,499 - STREAM b'pHYs' 70 9
2025-08-14 12:45:11,499 - STREAM b'IDAT' 91 65445
2025-08-14 12:45:11,517 - STREAM b'IHDR' 16 13
2025-08-14 12:45:11,517 - STREAM b'sRGB' 41 1
2025-08-14 12:45:11,517 - STREAM b'gAMA' 54 4
2025-08-14 12:45:11,517 - STREAM b'pHYs' 70 9
2025-08-14 12:45:11,517 - STREAM b'IDAT' 91 19474
2025-08-14 12:45:11,673 - STREAM b'IHDR' 16 13
2025-08-14 12:45:11,673 - STREAM b'sRGB' 41 1
2025-08-14 12:45:11,673 - STREAM b'gAMA' 54 4
2025-08-14 12:45:11,673 - STREAM b'pHYs' 70 9
2025-08-14 12:45:11,673 - STREAM b'IDAT' 91 65445
2025-08-14 12:45:11,689 - STREAM b'IHDR' 16 13
2025-08-14 12:45:11,692 - STREAM b'sRGB' 41 1
2025-08-14 12:45:11,692 - STREAM b'gAMA' 54 4
2025-08-14 12:45:11,692 - STREAM b'pHYs' 70 9
2025-08-14 12:45:11,692 - STREAM b'IDAT' 91 19474
2025-08-14 12:45:11,863 - STREAM b'IHDR' 16 13
2025-08-14 12:45:11,864 - STREAM b'sRGB' 41 1
2025-08-14 12:45:11,864 - STREAM b'gAMA' 54 4
2025-08-14 12:45:11,864 - STREAM b'pHYs' 70 9
2025-08-14 12:45:11,864 - STREAM b'IDAT' 91 65445
2025-08-14 12:45:11,882 - STREAM b'IHDR' 16 13
2025-08-14 12:45:11,882 - STREAM b'sRGB' 41 1
2025-08-14 12:45:11,882 - STREAM b'gAMA' 54 4
2025-08-14 12:45:11,882 - STREAM b'pHYs' 70 9
2025-08-14 12:45:11,882 - STREAM b'IDAT' 91 19474
2025-08-14 12:45:12,051 - STREAM b'IHDR' 16 13
2025-08-14 12:45:12,051 - STREAM b'sRGB' 41 1
2025-08-14 12:45:12,051 - STREAM b'gAMA' 54 4
2025-08-14 12:45:12,051 - STREAM b'pHYs' 70 9
2025-08-14 12:45:12,051 - STREAM b'IDAT' 91 65445
2025-08-14 12:45:12,072 - STREAM b'IHDR' 16 13
2025-08-14 12:45:12,072 - STREAM b'sRGB' 41 1
2025-08-14 12:45:12,072 - STREAM b'gAMA' 54 4
2025-08-14 12:45:12,072 - STREAM b'pHYs' 70 9
2025-08-14 12:45:12,072 - STREAM b'IDAT' 91 19474
2025-08-14 12:45:15,284 - STREAM b'IHDR' 16 13
2025-08-14 12:45:15,284 - STREAM b'sRGB' 41 1
2025-08-14 12:45:15,284 - STREAM b'gAMA' 54 4
2025-08-14 12:45:15,284 - STREAM b'pHYs' 70 9
2025-08-14 12:45:15,284 - STREAM b'IDAT' 91 65445
2025-08-14 12:45:15,300 - STREAM b'IHDR' 16 13
2025-08-14 12:45:15,300 - STREAM b'sRGB' 41 1
2025-08-14 12:45:15,300 - STREAM b'gAMA' 54 4
2025-08-14 12:45:15,300 - STREAM b'pHYs' 70 9
2025-08-14 12:45:15,300 - STREAM b'IDAT' 91 19474
2025-08-14 12:45:15,537 - STREAM b'IHDR' 16 13
2025-08-14 12:45:15,537 - STREAM b'sRGB' 41 1
2025-08-14 12:45:15,537 - STREAM b'gAMA' 54 4
2025-08-14 12:45:15,537 - STREAM b'pHYs' 70 9
2025-08-14 12:45:15,537 - STREAM b'IDAT' 91 65445
2025-08-14 12:45:15,553 - STREAM b'IHDR' 16 13
2025-08-14 12:45:15,553 - STREAM b'sRGB' 41 1
2025-08-14 12:45:15,553 - STREAM b'gAMA' 54 4
2025-08-14 12:45:15,553 - STREAM b'pHYs' 70 9
2025-08-14 12:45:15,553 - STREAM b'IDAT' 91 19474
2025-08-14 12:45:15,710 - STREAM b'IHDR' 16 13
2025-08-14 12:45:15,710 - STREAM b'sRGB' 41 1
2025-08-14 12:45:15,710 - STREAM b'gAMA' 54 4
2025-08-14 12:45:15,710 - STREAM b'pHYs' 70 9
2025-08-14 12:45:15,710 - STREAM b'IDAT' 91 65445
2025-08-14 12:45:15,730 - STREAM b'IHDR' 16 13
2025-08-14 12:45:15,730 - STREAM b'sRGB' 41 1
2025-08-14 12:45:15,730 - STREAM b'gAMA' 54 4
2025-08-14 12:45:15,732 - STREAM b'pHYs' 70 9
2025-08-14 12:45:15,732 - STREAM b'IDAT' 91 19474
2025-08-14 12:45:15,900 - STREAM b'IHDR' 16 13
2025-08-14 12:45:15,900 - STREAM b'sRGB' 41 1
2025-08-14 12:45:15,900 - STREAM b'gAMA' 54 4
2025-08-14 12:45:15,900 - STREAM b'pHYs' 70 9
2025-08-14 12:45:15,900 - STREAM b'IDAT' 91 65445
2025-08-14 12:45:15,916 - STREAM b'IHDR' 16 13
2025-08-14 12:45:15,916 - STREAM b'sRGB' 41 1
2025-08-14 12:45:15,916 - STREAM b'gAMA' 54 4
2025-08-14 12:45:15,916 - STREAM b'pHYs' 70 9
2025-08-14 12:45:15,916 - STREAM b'IDAT' 91 19474
2025-08-14 12:45:16,058 - STREAM b'IHDR' 16 13
2025-08-14 12:45:16,058 - STREAM b'sRGB' 41 1
2025-08-14 12:45:16,058 - STREAM b'gAMA' 54 4
2025-08-14 12:45:16,058 - STREAM b'pHYs' 70 9
2025-08-14 12:45:16,058 - STREAM b'IDAT' 91 65445
2025-08-14 12:45:16,073 - STREAM b'IHDR' 16 13
2025-08-14 12:45:16,073 - STREAM b'sRGB' 41 1
2025-08-14 12:45:16,073 - STREAM b'gAMA' 54 4
2025-08-14 12:45:16,073 - STREAM b'pHYs' 70 9
2025-08-14 12:45:16,073 - STREAM b'IDAT' 91 19474
2025-08-14 12:45:16,231 - STREAM b'IHDR' 16 13
2025-08-14 12:45:16,231 - STREAM b'sRGB' 41 1
2025-08-14 12:45:16,231 - STREAM b'gAMA' 54 4
2025-08-14 12:45:16,231 - STREAM b'pHYs' 70 9
2025-08-14 12:45:16,231 - STREAM b'IDAT' 91 65445
2025-08-14 12:45:16,247 - STREAM b'IHDR' 16 13
2025-08-14 12:45:16,247 - STREAM b'sRGB' 41 1
2025-08-14 12:45:16,247 - STREAM b'gAMA' 54 4
2025-08-14 12:45:16,247 - STREAM b'pHYs' 70 9
2025-08-14 12:45:16,247 - STREAM b'IDAT' 91 19474
2025-08-14 12:45:16,390 - STREAM b'IHDR' 16 13
2025-08-14 12:45:16,390 - STREAM b'sRGB' 41 1
2025-08-14 12:45:16,390 - STREAM b'gAMA' 54 4
2025-08-14 12:45:16,390 - STREAM b'pHYs' 70 9
2025-08-14 12:45:16,390 - STREAM b'IDAT' 91 65445
2025-08-14 12:45:16,406 - STREAM b'IHDR' 16 13
2025-08-14 12:45:16,406 - STREAM b'sRGB' 41 1
2025-08-14 12:45:16,406 - STREAM b'gAMA' 54 4
2025-08-14 12:45:16,406 - STREAM b'pHYs' 70 9
2025-08-14 12:45:16,406 - STREAM b'IDAT' 91 19474
2025-08-14 12:45:22,082 - STREAM b'IHDR' 16 13
2025-08-14 12:45:22,082 - STREAM b'sRGB' 41 1
2025-08-14 12:45:22,082 - STREAM b'gAMA' 54 4
2025-08-14 12:45:22,082 - STREAM b'pHYs' 70 9
2025-08-14 12:45:22,082 - STREAM b'IDAT' 91 65445
2025-08-14 12:45:22,100 - STREAM b'IHDR' 16 13
2025-08-14 12:45:22,100 - STREAM b'sRGB' 41 1
2025-08-14 12:45:22,100 - STREAM b'gAMA' 54 4
2025-08-14 12:45:22,100 - STREAM b'pHYs' 70 9
2025-08-14 12:45:22,100 - STREAM b'IDAT' 91 19474
2025-08-14 12:45:23,556 - STREAM b'IHDR' 16 13
2025-08-14 12:45:23,556 - STREAM b'sRGB' 41 1
2025-08-14 12:45:23,556 - STREAM b'gAMA' 54 4
2025-08-14 12:45:23,556 - STREAM b'pHYs' 70 9
2025-08-14 12:45:23,556 - STREAM b'IDAT' 91 65445
2025-08-14 12:45:23,581 - STREAM b'IHDR' 16 13
2025-08-14 12:45:23,581 - STREAM b'sRGB' 41 1
2025-08-14 12:45:23,581 - STREAM b'gAMA' 54 4
2025-08-14 12:45:23,581 - STREAM b'pHYs' 70 9
2025-08-14 12:45:23,581 - STREAM b'IDAT' 91 19474
2025-08-14 12:45:37,906 - STREAM b'IHDR' 16 13
2025-08-14 12:45:37,906 - STREAM b'sRGB' 41 1
2025-08-14 12:45:37,906 - STREAM b'gAMA' 54 4
2025-08-14 12:45:37,906 - STREAM b'pHYs' 70 9
2025-08-14 12:45:37,906 - STREAM b'IDAT' 91 65445
2025-08-14 12:45:37,919 - STREAM b'IHDR' 16 13
2025-08-14 12:45:37,919 - STREAM b'sRGB' 41 1
2025-08-14 12:45:37,919 - STREAM b'gAMA' 54 4
2025-08-14 12:45:37,919 - STREAM b'pHYs' 70 9
2025-08-14 12:45:37,919 - STREAM b'IDAT' 91 19474
2025-08-14 12:45:38,285 - STREAM b'IHDR' 16 13
2025-08-14 12:45:38,285 - STREAM b'sRGB' 41 1
2025-08-14 12:45:38,285 - STREAM b'gAMA' 54 4
2025-08-14 12:45:38,285 - STREAM b'pHYs' 70 9
2025-08-14 12:45:38,285 - STREAM b'IDAT' 91 65445
2025-08-14 12:45:38,300 - STREAM b'IHDR' 16 13
2025-08-14 12:45:38,300 - STREAM b'sRGB' 41 1
2025-08-14 12:45:38,300 - STREAM b'gAMA' 54 4
2025-08-14 12:45:38,300 - STREAM b'pHYs' 70 9
2025-08-14 12:45:38,300 - STREAM b'IDAT' 91 19474
2025-08-14 12:45:38,571 - STREAM b'IHDR' 16 13
2025-08-14 12:45:38,571 - STREAM b'sRGB' 41 1
2025-08-14 12:45:38,571 - STREAM b'gAMA' 54 4
2025-08-14 12:45:38,571 - STREAM b'pHYs' 70 9
2025-08-14 12:45:38,571 - STREAM b'IDAT' 91 65445
2025-08-14 12:45:38,584 - STREAM b'IHDR' 16 13
2025-08-14 12:45:38,584 - STREAM b'sRGB' 41 1
2025-08-14 12:45:38,584 - STREAM b'gAMA' 54 4
2025-08-14 12:45:38,584 - STREAM b'pHYs' 70 9
2025-08-14 12:45:38,584 - STREAM b'IDAT' 91 19474
2025-08-14 12:45:38,840 - STREAM b'IHDR' 16 13
2025-08-14 12:45:38,840 - STREAM b'sRGB' 41 1
2025-08-14 12:45:38,840 - STREAM b'gAMA' 54 4
2025-08-14 12:45:38,840 - STREAM b'pHYs' 70 9
2025-08-14 12:45:38,840 - STREAM b'IDAT' 91 65445
2025-08-14 12:45:38,856 - STREAM b'IHDR' 16 13
2025-08-14 12:45:38,856 - STREAM b'sRGB' 41 1
2025-08-14 12:45:38,856 - STREAM b'gAMA' 54 4
2025-08-14 12:45:38,856 - STREAM b'pHYs' 70 9
2025-08-14 12:45:38,856 - STREAM b'IDAT' 91 19474
2025-08-14 12:45:39,110 - STREAM b'IHDR' 16 13
2025-08-14 12:45:39,110 - STREAM b'sRGB' 41 1
2025-08-14 12:45:39,110 - STREAM b'gAMA' 54 4
2025-08-14 12:45:39,110 - STREAM b'pHYs' 70 9
2025-08-14 12:45:39,110 - STREAM b'IDAT' 91 65445
2025-08-14 12:45:39,125 - STREAM b'IHDR' 16 13
2025-08-14 12:45:39,125 - STREAM b'sRGB' 41 1
2025-08-14 12:45:39,125 - STREAM b'gAMA' 54 4
2025-08-14 12:45:39,125 - STREAM b'pHYs' 70 9
2025-08-14 12:45:39,125 - STREAM b'IDAT' 91 19474
2025-08-14 12:45:39,412 - STREAM b'IHDR' 16 13
2025-08-14 12:45:39,412 - STREAM b'sRGB' 41 1
2025-08-14 12:45:39,412 - STREAM b'gAMA' 54 4
2025-08-14 12:45:39,412 - STREAM b'pHYs' 70 9
2025-08-14 12:45:39,412 - STREAM b'IDAT' 91 65445
2025-08-14 12:45:39,428 - STREAM b'IHDR' 16 13
2025-08-14 12:45:39,428 - STREAM b'sRGB' 41 1
2025-08-14 12:45:39,428 - STREAM b'gAMA' 54 4
2025-08-14 12:45:39,428 - STREAM b'pHYs' 70 9
2025-08-14 12:45:39,428 - STREAM b'IDAT' 91 19474
2025-08-14 12:45:39,731 - STREAM b'IHDR' 16 13
2025-08-14 12:45:39,731 - STREAM b'sRGB' 41 1
2025-08-14 12:45:39,731 - STREAM b'gAMA' 54 4
2025-08-14 12:45:39,731 - STREAM b'pHYs' 70 9
2025-08-14 12:45:39,731 - STREAM b'IDAT' 91 65445
2025-08-14 12:45:39,747 - STREAM b'IHDR' 16 13
2025-08-14 12:45:39,747 - STREAM b'sRGB' 41 1
2025-08-14 12:45:39,747 - STREAM b'gAMA' 54 4
2025-08-14 12:45:39,747 - STREAM b'pHYs' 70 9
2025-08-14 12:45:39,747 - STREAM b'IDAT' 91 19474
2025-08-14 12:45:40,781 - STREAM b'IHDR' 16 13
2025-08-14 12:45:40,781 - STREAM b'sRGB' 41 1
2025-08-14 12:45:40,781 - STREAM b'gAMA' 54 4
2025-08-14 12:45:40,781 - STREAM b'pHYs' 70 9
2025-08-14 12:45:40,781 - STREAM b'IDAT' 91 65445
2025-08-14 12:45:40,800 - STREAM b'IHDR' 16 13
2025-08-14 12:45:40,800 - STREAM b'sRGB' 41 1
2025-08-14 12:45:40,800 - STREAM b'gAMA' 54 4
2025-08-14 12:45:40,800 - STREAM b'pHYs' 70 9
2025-08-14 12:45:40,800 - STREAM b'IDAT' 91 19474
2025-08-14 12:45:41,859 - STREAM b'IHDR' 16 13
2025-08-14 12:45:41,859 - STREAM b'sRGB' 41 1
2025-08-14 12:45:41,859 - STREAM b'gAMA' 54 4
2025-08-14 12:45:41,859 - STREAM b'pHYs' 70 9
2025-08-14 12:45:41,859 - STREAM b'IDAT' 91 65445
2025-08-14 12:45:41,875 - STREAM b'IHDR' 16 13
2025-08-14 12:45:41,875 - STREAM b'sRGB' 41 1
2025-08-14 12:45:41,875 - STREAM b'gAMA' 54 4
2025-08-14 12:45:41,875 - STREAM b'pHYs' 70 9
2025-08-14 12:45:41,875 - STREAM b'IDAT' 91 19474
2025-08-14 12:45:43,199 - STREAM b'IHDR' 16 13
2025-08-14 12:45:43,199 - STREAM b'sRGB' 41 1
2025-08-14 12:45:43,199 - STREAM b'gAMA' 54 4
2025-08-14 12:45:43,199 - STREAM b'pHYs' 70 9
2025-08-14 12:45:43,199 - STREAM b'IDAT' 91 65445
2025-08-14 12:45:43,213 - STREAM b'IHDR' 16 13
2025-08-14 12:45:43,213 - STREAM b'sRGB' 41 1
2025-08-14 12:45:43,213 - STREAM b'gAMA' 54 4
2025-08-14 12:45:43,213 - STREAM b'pHYs' 70 9
2025-08-14 12:45:43,213 - STREAM b'IDAT' 91 19474
2025-08-14 12:46:02,004 - Fade logic - postcards: 2, fade_out_enabled: True
2025-08-14 12:46:02,004 - will_create_manual_transition: True, apply_fade_out: False
2025-08-14 12:46:02,031 - STREAM b'IHDR' 16 13
2025-08-14 12:46:02,031 - STREAM b'sRGB' 41 1
2025-08-14 12:46:02,031 - STREAM b'gAMA' 54 4
2025-08-14 12:46:02,031 - STREAM b'pHYs' 70 9
2025-08-14 12:46:02,031 - STREAM b'IDAT' 91 19474
2025-08-14 12:46:02,037 - Skipping fade out effect (manual transition will be used)
2025-08-14 12:46:02,051 - Creating manual fade transition from start to first postcard
2025-08-14 12:46:02,051 - Creating fade transition: clip1 duration=3.0, transition duration=1.0
2025-08-14 12:46:02,069 - STREAM b'IHDR' 16 13
2025-08-14 12:46:02,069 - STREAM b'sRGB' 41 1
2025-08-14 12:46:02,069 - STREAM b'gAMA' 54 4
2025-08-14 12:46:02,069 - STREAM b'pHYs' 70 9
2025-08-14 12:46:02,069 - STREAM b'IDAT' 91 19474
2025-08-14 12:46:02,076 - Fade transition created with duration=3.0
2025-08-14 12:46:02,076 - Manual transition created, clips now: 3
2025-08-14 12:46:02,083 - Creating fade transition: clip1 duration=4, transition duration=1.0
2025-08-14 12:46:02,083 - Fade transition created with duration=4
2025-08-14 12:46:02,099 - STREAM b'IHDR' 16 13
2025-08-14 12:46:02,099 - STREAM b'sRGB' 41 1
2025-08-14 12:46:02,099 - STREAM b'gAMA' 54 4
2025-08-14 12:46:02,099 - STREAM b'pHYs' 70 9
2025-08-14 12:46:02,099 - STREAM b'IDAT' 91 19474
2025-08-14 12:46:02,138 - STREAM b'IHDR' 16 13
2025-08-14 12:46:02,138 - STREAM b'sRGB' 41 1
2025-08-14 12:46:02,138 - STREAM b'gAMA' 54 4
2025-08-14 12:46:02,138 - STREAM b'pHYs' 70 9
2025-08-14 12:46:02,138 - STREAM b'IDAT' 91 19474
2025-08-14 12:46:02,281 - STREAM b'IHDR' 16 13
2025-08-14 12:46:02,281 - STREAM b'sRGB' 41 1
2025-08-14 12:46:02,281 - STREAM b'gAMA' 54 4
2025-08-14 12:46:02,281 - STREAM b'pHYs' 70 9
2025-08-14 12:46:02,281 - STREAM b'IDAT' 91 19474
2025-08-14 12:46:02,288 - Start clip frame at t=0.00 (fades handled by MoviePy)
2025-08-14 12:46:02,320 - STREAM b'IHDR' 16 13
2025-08-14 12:46:02,320 - STREAM b'sRGB' 41 1
2025-08-14 12:46:02,320 - STREAM b'gAMA' 54 4
2025-08-14 12:46:02,320 - STREAM b'pHYs' 70 9
2025-08-14 12:46:02,320 - STREAM b'IDAT' 91 19474
2025-08-14 12:46:02,325 - Start clip frame at t=0.10 (fades handled by MoviePy)
2025-08-14 12:46:02,358 - STREAM b'IHDR' 16 13
2025-08-14 12:46:02,361 - STREAM b'sRGB' 41 1
2025-08-14 12:46:02,361 - STREAM b'gAMA' 54 4
2025-08-14 12:46:02,361 - STREAM b'pHYs' 70 9
2025-08-14 12:46:02,361 - STREAM b'IDAT' 91 19474
2025-08-14 12:46:02,364 - Start clip frame at t=0.20 (fades handled by MoviePy)
2025-08-14 12:46:02,391 - STREAM b'IHDR' 16 13
2025-08-14 12:46:02,391 - STREAM b'sRGB' 41 1
2025-08-14 12:46:02,391 - STREAM b'gAMA' 54 4
2025-08-14 12:46:02,391 - STREAM b'pHYs' 70 9
2025-08-14 12:46:02,391 - STREAM b'IDAT' 91 19474
2025-08-14 12:46:02,398 - Start clip frame at t=0.30 (fades handled by MoviePy)
2025-08-14 12:46:02,425 - STREAM b'IHDR' 16 13
2025-08-14 12:46:02,425 - STREAM b'sRGB' 41 1
2025-08-14 12:46:02,425 - STREAM b'gAMA' 54 4
2025-08-14 12:46:02,425 - STREAM b'pHYs' 70 9
2025-08-14 12:46:02,425 - STREAM b'IDAT' 91 19474
2025-08-14 12:46:02,431 - Start clip frame at t=0.40 (fades handled by MoviePy)
2025-08-14 12:46:02,463 - STREAM b'IHDR' 16 13
2025-08-14 12:46:02,463 - STREAM b'sRGB' 41 1
2025-08-14 12:46:02,463 - STREAM b'gAMA' 54 4
2025-08-14 12:46:02,463 - STREAM b'pHYs' 70 9
2025-08-14 12:46:02,463 - STREAM b'IDAT' 91 19474
2025-08-14 12:46:02,467 - Start clip frame at t=0.50 (fades handled by MoviePy)
2025-08-14 12:46:02,494 - STREAM b'IHDR' 16 13
2025-08-14 12:46:02,494 - STREAM b'sRGB' 41 1
2025-08-14 12:46:02,494 - STREAM b'gAMA' 54 4
2025-08-14 12:46:02,494 - STREAM b'pHYs' 70 9
2025-08-14 12:46:02,494 - STREAM b'IDAT' 91 19474
2025-08-14 12:46:02,499 - Start clip frame at t=0.60 (fades handled by MoviePy)
2025-08-14 12:46:02,527 - STREAM b'IHDR' 16 13
2025-08-14 12:46:02,527 - STREAM b'sRGB' 41 1
2025-08-14 12:46:02,527 - STREAM b'gAMA' 54 4
2025-08-14 12:46:02,527 - STREAM b'pHYs' 70 9
2025-08-14 12:46:02,527 - STREAM b'IDAT' 91 19474
2025-08-14 12:46:02,532 - Start clip frame at t=0.70 (fades handled by MoviePy)
2025-08-14 12:46:02,559 - STREAM b'IHDR' 16 13
2025-08-14 12:46:02,559 - STREAM b'sRGB' 41 1
2025-08-14 12:46:02,559 - STREAM b'gAMA' 54 4
2025-08-14 12:46:02,559 - STREAM b'pHYs' 70 9
2025-08-14 12:46:02,559 - STREAM b'IDAT' 91 19474
2025-08-14 12:46:02,565 - Start clip frame at t=0.80 (fades handled by MoviePy)
2025-08-14 12:46:02,593 - STREAM b'IHDR' 16 13
2025-08-14 12:46:02,593 - STREAM b'sRGB' 41 1
2025-08-14 12:46:02,593 - STREAM b'gAMA' 54 4
2025-08-14 12:46:02,593 - STREAM b'pHYs' 70 9
2025-08-14 12:46:02,593 - STREAM b'IDAT' 91 19474
2025-08-14 12:46:02,599 - Start clip frame at t=0.90 (fades handled by MoviePy)
2025-08-14 12:46:02,628 - STREAM b'IHDR' 16 13
2025-08-14 12:46:02,628 - STREAM b'sRGB' 41 1
2025-08-14 12:46:02,628 - STREAM b'gAMA' 54 4
2025-08-14 12:46:02,628 - STREAM b'pHYs' 70 9
2025-08-14 12:46:02,628 - STREAM b'IDAT' 91 19474
2025-08-14 12:46:02,631 - Start clip frame at t=1.00 (fades handled by MoviePy)
2025-08-14 12:46:02,655 - STREAM b'IHDR' 16 13
2025-08-14 12:46:02,655 - STREAM b'sRGB' 41 1
2025-08-14 12:46:02,655 - STREAM b'gAMA' 54 4
2025-08-14 12:46:02,655 - STREAM b'pHYs' 70 9
2025-08-14 12:46:02,655 - STREAM b'IDAT' 91 19474
2025-08-14 12:46:02,667 - Start clip frame at t=1.10 (fades handled by MoviePy)
2025-08-14 12:46:02,684 - STREAM b'IHDR' 16 13
2025-08-14 12:46:02,684 - STREAM b'sRGB' 41 1
2025-08-14 12:46:02,684 - STREAM b'gAMA' 54 4
2025-08-14 12:46:02,684 - STREAM b'pHYs' 70 9
2025-08-14 12:46:02,684 - STREAM b'IDAT' 91 19474
2025-08-14 12:46:02,701 - Start clip frame at t=1.20 (fades handled by MoviePy)
2025-08-14 12:46:02,733 - STREAM b'IHDR' 16 13
2025-08-14 12:46:02,733 - STREAM b'sRGB' 41 1
2025-08-14 12:46:02,733 - STREAM b'gAMA' 54 4
2025-08-14 12:46:02,733 - STREAM b'pHYs' 70 9
2025-08-14 12:46:02,733 - STREAM b'IDAT' 91 19474
2025-08-14 12:46:02,733 - Start clip frame at t=1.30 (fades handled by MoviePy)
2025-08-14 12:46:02,762 - STREAM b'IHDR' 16 13
2025-08-14 12:46:02,762 - STREAM b'sRGB' 41 1
2025-08-14 12:46:02,762 - STREAM b'gAMA' 54 4
2025-08-14 12:46:02,762 - STREAM b'pHYs' 70 9
2025-08-14 12:46:02,762 - STREAM b'IDAT' 91 19474
2025-08-14 12:46:02,769 - Start clip frame at t=1.40 (fades handled by MoviePy)
2025-08-14 12:46:02,796 - STREAM b'IHDR' 16 13
2025-08-14 12:46:02,796 - STREAM b'sRGB' 41 1
2025-08-14 12:46:02,796 - STREAM b'gAMA' 54 4
2025-08-14 12:46:02,796 - STREAM b'pHYs' 70 9
2025-08-14 12:46:02,796 - STREAM b'IDAT' 91 19474
2025-08-14 12:46:02,803 - Start clip frame at t=1.50 (fades handled by MoviePy)
2025-08-14 12:46:02,830 - STREAM b'IHDR' 16 13
2025-08-14 12:46:02,830 - STREAM b'sRGB' 41 1
2025-08-14 12:46:02,830 - STREAM b'gAMA' 54 4
2025-08-14 12:46:02,830 - STREAM b'pHYs' 70 9
2025-08-14 12:46:02,830 - STREAM b'IDAT' 91 19474
2025-08-14 12:46:02,830 - Start clip frame at t=1.60 (fades handled by MoviePy)
2025-08-14 12:46:02,865 - STREAM b'IHDR' 16 13
2025-08-14 12:46:02,865 - STREAM b'sRGB' 41 1
2025-08-14 12:46:02,865 - STREAM b'gAMA' 54 4
2025-08-14 12:46:02,865 - STREAM b'pHYs' 70 9
2025-08-14 12:46:02,865 - STREAM b'IDAT' 91 19474
2025-08-14 12:46:02,870 - Start clip frame at t=1.70 (fades handled by MoviePy)
2025-08-14 12:46:02,898 - STREAM b'IHDR' 16 13
2025-08-14 12:46:02,898 - STREAM b'sRGB' 41 1
2025-08-14 12:46:02,898 - STREAM b'gAMA' 54 4
2025-08-14 12:46:02,898 - STREAM b'pHYs' 70 9
2025-08-14 12:46:02,898 - STREAM b'IDAT' 91 19474
2025-08-14 12:46:02,904 - Start clip frame at t=1.80 (fades handled by MoviePy)
2025-08-14 12:46:02,932 - STREAM b'IHDR' 16 13
2025-08-14 12:46:02,932 - STREAM b'sRGB' 41 1
2025-08-14 12:46:02,932 - STREAM b'gAMA' 54 4
2025-08-14 12:46:02,932 - STREAM b'pHYs' 70 9
2025-08-14 12:46:02,932 - STREAM b'IDAT' 91 19474
2025-08-14 12:46:02,937 - Start clip frame at t=1.90 (fades handled by MoviePy)
2025-08-14 12:46:02,963 - STREAM b'IHDR' 16 13
2025-08-14 12:46:02,963 - STREAM b'sRGB' 41 1
2025-08-14 12:46:02,963 - STREAM b'gAMA' 54 4
2025-08-14 12:46:02,963 - STREAM b'pHYs' 70 9
2025-08-14 12:46:02,963 - STREAM b'IDAT' 91 19474
2025-08-14 12:46:02,969 - Start clip frame at t=2.00 (fades handled by MoviePy)
2025-08-14 12:46:02,997 - STREAM b'IHDR' 16 13
2025-08-14 12:46:02,997 - STREAM b'sRGB' 41 1
2025-08-14 12:46:02,997 - STREAM b'gAMA' 54 4
2025-08-14 12:46:02,997 - STREAM b'pHYs' 70 9
2025-08-14 12:46:03,001 - STREAM b'IDAT' 91 19474
2025-08-14 12:46:03,003 - Start clip frame at t=2.10 (fades handled by MoviePy)
2025-08-14 12:46:03,032 - STREAM b'IHDR' 16 13
2025-08-14 12:46:03,032 - STREAM b'sRGB' 41 1
2025-08-14 12:46:03,033 - STREAM b'gAMA' 54 4
2025-08-14 12:46:03,033 - STREAM b'pHYs' 70 9
2025-08-14 12:46:03,033 - STREAM b'IDAT' 91 19474
2025-08-14 12:46:03,034 - Start clip frame at t=2.20 (fades handled by MoviePy)
2025-08-14 12:46:03,064 - STREAM b'IHDR' 16 13
2025-08-14 12:46:03,064 - STREAM b'sRGB' 41 1
2025-08-14 12:46:03,064 - STREAM b'gAMA' 54 4
2025-08-14 12:46:03,064 - STREAM b'pHYs' 70 9
2025-08-14 12:46:03,064 - STREAM b'IDAT' 91 19474
2025-08-14 12:46:03,069 - Start clip frame at t=2.30 (fades handled by MoviePy)
2025-08-14 12:46:03,096 - STREAM b'IHDR' 16 13
2025-08-14 12:46:03,096 - STREAM b'sRGB' 41 1
2025-08-14 12:46:03,096 - STREAM b'gAMA' 54 4
2025-08-14 12:46:03,096 - STREAM b'pHYs' 70 9
2025-08-14 12:46:03,096 - STREAM b'IDAT' 91 19474
2025-08-14 12:46:03,104 - Start clip frame at t=2.40 (fades handled by MoviePy)
2025-08-14 12:46:03,134 - STREAM b'IHDR' 16 13
2025-08-14 12:46:03,134 - STREAM b'sRGB' 41 1
2025-08-14 12:46:03,134 - STREAM b'gAMA' 54 4
2025-08-14 12:46:03,134 - STREAM b'pHYs' 70 9
2025-08-14 12:46:03,134 - STREAM b'IDAT' 91 19474
2025-08-14 12:46:03,141 - Start clip frame at t=2.50 (fades handled by MoviePy)
2025-08-14 12:46:03,169 - STREAM b'IHDR' 16 13
2025-08-14 12:46:03,169 - STREAM b'sRGB' 41 1
2025-08-14 12:46:03,169 - STREAM b'gAMA' 54 4
2025-08-14 12:46:03,169 - STREAM b'pHYs' 70 9
2025-08-14 12:46:03,169 - STREAM b'IDAT' 91 19474
2025-08-14 12:46:03,176 - Start clip frame at t=2.60 (fades handled by MoviePy)
2025-08-14 12:46:03,203 - STREAM b'IHDR' 16 13
2025-08-14 12:46:03,203 - STREAM b'sRGB' 41 1
2025-08-14 12:46:03,203 - STREAM b'gAMA' 54 4
2025-08-14 12:46:03,207 - STREAM b'pHYs' 70 9
2025-08-14 12:46:03,207 - STREAM b'IDAT' 91 19474
2025-08-14 12:46:03,207 - Start clip frame at t=2.70 (fades handled by MoviePy)
2025-08-14 12:46:03,238 - STREAM b'IHDR' 16 13
2025-08-14 12:46:03,238 - STREAM b'sRGB' 41 1
2025-08-14 12:46:03,238 - STREAM b'gAMA' 54 4
2025-08-14 12:46:03,238 - STREAM b'pHYs' 70 9
2025-08-14 12:46:03,240 - STREAM b'IDAT' 91 19474
2025-08-14 12:46:03,243 - Start clip frame at t=2.80 (fades handled by MoviePy)
2025-08-14 12:46:03,270 - STREAM b'IHDR' 16 13
2025-08-14 12:46:03,270 - STREAM b'sRGB' 41 1
2025-08-14 12:46:03,270 - STREAM b'gAMA' 54 4
2025-08-14 12:46:03,270 - STREAM b'pHYs' 70 9
2025-08-14 12:46:03,270 - STREAM b'IDAT' 91 19474
2025-08-14 12:46:03,275 - Start clip frame at t=2.90 (fades handled by MoviePy)
2025-08-14 12:46:03,300 - STREAM b'IHDR' 16 13
2025-08-14 12:46:03,300 - STREAM b'sRGB' 41 1
2025-08-14 12:46:03,300 - STREAM b'gAMA' 54 4
2025-08-14 12:46:03,300 - STREAM b'pHYs' 70 9
2025-08-14 12:46:03,300 - STREAM b'IDAT' 91 19474
2025-08-14 12:46:03,333 - STREAM b'IHDR' 16 13
2025-08-14 12:46:03,333 - STREAM b'sRGB' 41 1
2025-08-14 12:46:03,333 - STREAM b'gAMA' 54 4
2025-08-14 12:46:03,333 - STREAM b'pHYs' 70 9
2025-08-14 12:46:03,333 - STREAM b'IDAT' 91 19474
2025-08-14 12:46:03,368 - STREAM b'IHDR' 16 13
2025-08-14 12:46:03,368 - STREAM b'sRGB' 41 1
2025-08-14 12:46:03,368 - STREAM b'gAMA' 54 4
2025-08-14 12:46:03,368 - STREAM b'pHYs' 70 9
2025-08-14 12:46:03,368 - STREAM b'IDAT' 91 19474
2025-08-14 12:46:03,398 - STREAM b'IHDR' 16 13
2025-08-14 12:46:03,398 - STREAM b'sRGB' 41 1
2025-08-14 12:46:03,398 - STREAM b'gAMA' 54 4
2025-08-14 12:46:03,398 - STREAM b'pHYs' 70 9
2025-08-14 12:46:03,398 - STREAM b'IDAT' 91 19474
2025-08-14 12:46:03,433 - STREAM b'IHDR' 16 13
2025-08-14 12:46:03,433 - STREAM b'sRGB' 41 1
2025-08-14 12:46:03,433 - STREAM b'gAMA' 54 4
2025-08-14 12:46:03,435 - STREAM b'pHYs' 70 9
2025-08-14 12:46:03,435 - STREAM b'IDAT' 91 19474
2025-08-14 12:46:03,464 - STREAM b'IHDR' 16 13
2025-08-14 12:46:03,464 - STREAM b'sRGB' 41 1
2025-08-14 12:46:03,464 - STREAM b'gAMA' 54 4
2025-08-14 12:46:03,464 - STREAM b'pHYs' 70 9
2025-08-14 12:46:03,464 - STREAM b'IDAT' 91 19474
2025-08-14 12:46:03,499 - STREAM b'IHDR' 16 13
2025-08-14 12:46:03,499 - STREAM b'sRGB' 41 1
2025-08-14 12:46:03,499 - STREAM b'gAMA' 54 4
2025-08-14 12:46:03,499 - STREAM b'pHYs' 70 9
2025-08-14 12:46:03,499 - STREAM b'IDAT' 91 19474
2025-08-14 12:46:03,532 - STREAM b'IHDR' 16 13
2025-08-14 12:46:03,532 - STREAM b'sRGB' 41 1
2025-08-14 12:46:03,532 - STREAM b'gAMA' 54 4
2025-08-14 12:46:03,532 - STREAM b'pHYs' 70 9
2025-08-14 12:46:03,532 - STREAM b'IDAT' 91 19474
2025-08-14 12:46:03,563 - STREAM b'IHDR' 16 13
2025-08-14 12:46:03,563 - STREAM b'sRGB' 41 1
2025-08-14 12:46:03,563 - STREAM b'gAMA' 54 4
2025-08-14 12:46:03,563 - STREAM b'pHYs' 70 9
2025-08-14 12:46:03,563 - STREAM b'IDAT' 91 19474
2025-08-14 12:46:03,594 - STREAM b'IHDR' 16 13
2025-08-14 12:46:03,601 - STREAM b'sRGB' 41 1
2025-08-14 12:46:03,601 - STREAM b'gAMA' 54 4
2025-08-14 12:46:03,601 - STREAM b'pHYs' 70 9
2025-08-14 12:46:03,601 - STREAM b'IDAT' 91 19474
2025-08-14 12:46:03,631 - STREAM b'IHDR' 16 13
2025-08-14 12:46:03,631 - STREAM b'sRGB' 41 1
2025-08-14 12:46:03,631 - STREAM b'gAMA' 54 4
2025-08-14 12:46:03,635 - STREAM b'pHYs' 70 9
2025-08-14 12:46:03,635 - STREAM b'IDAT' 91 19474
2025-08-14 12:46:03,666 - STREAM b'IHDR' 16 13
2025-08-14 12:46:03,666 - STREAM b'sRGB' 41 1
2025-08-14 12:46:03,666 - STREAM b'gAMA' 54 4
2025-08-14 12:46:03,666 - STREAM b'pHYs' 70 9
2025-08-14 12:46:03,666 - STREAM b'IDAT' 91 19474
2025-08-14 12:46:03,698 - STREAM b'IHDR' 16 13
2025-08-14 12:46:03,698 - STREAM b'sRGB' 41 1
2025-08-14 12:46:03,698 - STREAM b'gAMA' 54 4
2025-08-14 12:46:03,698 - STREAM b'pHYs' 70 9
2025-08-14 12:46:03,698 - STREAM b'IDAT' 91 19474
2025-08-14 12:46:03,727 - STREAM b'IHDR' 16 13
2025-08-14 12:46:03,727 - STREAM b'sRGB' 41 1
2025-08-14 12:46:03,727 - STREAM b'gAMA' 54 4
2025-08-14 12:46:03,727 - STREAM b'pHYs' 70 9
2025-08-14 12:46:03,727 - STREAM b'IDAT' 91 19474
2025-08-14 12:46:03,760 - STREAM b'IHDR' 16 13
2025-08-14 12:46:03,760 - STREAM b'sRGB' 41 1
2025-08-14 12:46:03,760 - STREAM b'gAMA' 54 4
2025-08-14 12:46:03,760 - STREAM b'pHYs' 70 9
2025-08-14 12:46:03,760 - STREAM b'IDAT' 91 19474
2025-08-14 12:46:03,788 - STREAM b'IHDR' 16 13
2025-08-14 12:46:03,788 - STREAM b'sRGB' 41 1
2025-08-14 12:46:03,788 - STREAM b'gAMA' 54 4
2025-08-14 12:46:03,788 - STREAM b'pHYs' 70 9
2025-08-14 12:46:03,788 - STREAM b'IDAT' 91 19474
2025-08-14 12:46:03,823 - STREAM b'IHDR' 16 13
2025-08-14 12:46:03,823 - STREAM b'sRGB' 41 1
2025-08-14 12:46:03,826 - STREAM b'gAMA' 54 4
2025-08-14 12:46:03,826 - STREAM b'pHYs' 70 9
2025-08-14 12:46:03,826 - STREAM b'IDAT' 91 19474
2025-08-14 12:46:03,850 - STREAM b'IHDR' 16 13
2025-08-14 12:46:03,850 - STREAM b'sRGB' 41 1
2025-08-14 12:46:03,850 - STREAM b'gAMA' 54 4
2025-08-14 12:46:03,859 - STREAM b'pHYs' 70 9
2025-08-14 12:46:03,859 - STREAM b'IDAT' 91 19474
2025-08-14 12:46:03,880 - STREAM b'IHDR' 16 13
2025-08-14 12:46:03,880 - STREAM b'sRGB' 41 1
2025-08-14 12:46:03,880 - STREAM b'gAMA' 54 4
2025-08-14 12:46:03,880 - STREAM b'pHYs' 70 9
2025-08-14 12:46:03,880 - STREAM b'IDAT' 91 19474
2025-08-14 12:46:03,921 - STREAM b'IHDR' 16 13
2025-08-14 12:46:03,921 - STREAM b'sRGB' 41 1
2025-08-14 12:46:03,921 - STREAM b'gAMA' 54 4
2025-08-14 12:46:03,921 - STREAM b'pHYs' 70 9
2025-08-14 12:46:03,921 - STREAM b'IDAT' 91 19474
2025-08-14 12:46:03,954 - STREAM b'IHDR' 16 13
2025-08-14 12:46:03,954 - STREAM b'sRGB' 41 1
2025-08-14 12:46:03,954 - STREAM b'gAMA' 54 4
2025-08-14 12:46:03,954 - STREAM b'pHYs' 70 9
2025-08-14 12:46:03,954 - STREAM b'IDAT' 91 19474
2025-08-14 12:46:04,042 - STREAM b'IHDR' 16 13
2025-08-14 12:46:04,042 - STREAM b'sRGB' 41 1
2025-08-14 12:46:04,042 - STREAM b'gAMA' 54 4
2025-08-14 12:46:04,042 - STREAM b'pHYs' 70 9
2025-08-14 12:46:04,042 - STREAM b'IDAT' 91 19474
2025-08-14 12:46:04,129 - STREAM b'IHDR' 16 13
2025-08-14 12:46:04,129 - STREAM b'sRGB' 41 1
2025-08-14 12:46:04,129 - STREAM b'gAMA' 54 4
2025-08-14 12:46:04,129 - STREAM b'pHYs' 70 9
2025-08-14 12:46:04,129 - STREAM b'IDAT' 91 19474
2025-08-14 12:46:04,219 - STREAM b'IHDR' 16 13
2025-08-14 12:46:04,219 - STREAM b'sRGB' 41 1
2025-08-14 12:46:04,219 - STREAM b'gAMA' 54 4
2025-08-14 12:46:04,219 - STREAM b'pHYs' 70 9
2025-08-14 12:46:04,219 - STREAM b'IDAT' 91 19474
2025-08-14 12:46:04,310 - STREAM b'IHDR' 16 13
2025-08-14 12:46:04,310 - STREAM b'sRGB' 41 1
2025-08-14 12:46:04,310 - STREAM b'gAMA' 54 4
2025-08-14 12:46:04,310 - STREAM b'pHYs' 70 9
2025-08-14 12:46:04,310 - STREAM b'IDAT' 91 19474
2025-08-14 12:46:04,400 - STREAM b'IHDR' 16 13
2025-08-14 12:46:04,400 - STREAM b'sRGB' 41 1
2025-08-14 12:46:04,400 - STREAM b'gAMA' 54 4
2025-08-14 12:46:04,400 - STREAM b'pHYs' 70 9
2025-08-14 12:46:04,400 - STREAM b'IDAT' 91 19474
2025-08-14 12:46:04,484 - STREAM b'IHDR' 16 13
2025-08-14 12:46:04,484 - STREAM b'sRGB' 41 1
2025-08-14 12:46:04,484 - STREAM b'gAMA' 54 4
2025-08-14 12:46:04,484 - STREAM b'pHYs' 70 9
2025-08-14 12:46:04,484 - STREAM b'IDAT' 91 19474
2025-08-14 12:46:04,567 - STREAM b'IHDR' 16 13
2025-08-14 12:46:04,567 - STREAM b'sRGB' 41 1
2025-08-14 12:46:04,567 - STREAM b'gAMA' 54 4
2025-08-14 12:46:04,567 - STREAM b'pHYs' 70 9
2025-08-14 12:46:04,567 - STREAM b'IDAT' 91 19474
2025-08-14 12:46:04,654 - STREAM b'IHDR' 16 13
2025-08-14 12:46:04,654 - STREAM b'sRGB' 41 1
2025-08-14 12:46:04,654 - STREAM b'gAMA' 54 4
2025-08-14 12:46:04,654 - STREAM b'pHYs' 70 9
2025-08-14 12:46:04,654 - STREAM b'IDAT' 91 19474
2025-08-14 12:46:04,737 - STREAM b'IHDR' 16 13
2025-08-14 12:46:04,737 - STREAM b'sRGB' 41 1
2025-08-14 12:46:04,737 - STREAM b'gAMA' 54 4
2025-08-14 12:46:04,737 - STREAM b'pHYs' 70 9
2025-08-14 12:46:04,737 - STREAM b'IDAT' 91 19474
2025-08-14 12:46:06,281 - STREAM b'IHDR' 16 13
2025-08-14 12:46:06,281 - STREAM b'sRGB' 41 1
2025-08-14 12:46:06,281 - STREAM b'gAMA' 54 4
2025-08-14 12:46:06,282 - STREAM b'pHYs' 70 9
2025-08-14 12:46:06,282 - STREAM b'IDAT' 91 19474
2025-08-14 12:46:06,388 - STREAM b'IHDR' 16 13
2025-08-14 12:46:06,388 - STREAM b'sRGB' 41 1
2025-08-14 12:46:06,388 - STREAM b'gAMA' 54 4
2025-08-14 12:46:06,388 - STREAM b'pHYs' 70 9
2025-08-14 12:46:06,388 - STREAM b'IDAT' 91 19474
2025-08-14 12:46:06,498 - STREAM b'IHDR' 16 13
2025-08-14 12:46:06,498 - STREAM b'sRGB' 41 1
2025-08-14 12:46:06,498 - STREAM b'gAMA' 54 4
2025-08-14 12:46:06,502 - STREAM b'pHYs' 70 9
2025-08-14 12:46:06,502 - STREAM b'IDAT' 91 19474
2025-08-14 12:46:06,610 - STREAM b'IHDR' 16 13
2025-08-14 12:46:06,610 - STREAM b'sRGB' 41 1
2025-08-14 12:46:06,610 - STREAM b'gAMA' 54 4
2025-08-14 12:46:06,610 - STREAM b'pHYs' 70 9
2025-08-14 12:46:06,610 - STREAM b'IDAT' 91 19474
2025-08-14 12:46:06,721 - STREAM b'IHDR' 16 13
2025-08-14 12:46:06,721 - STREAM b'sRGB' 41 1
2025-08-14 12:46:06,721 - STREAM b'gAMA' 54 4
2025-08-14 12:46:06,721 - STREAM b'pHYs' 70 9
2025-08-14 12:46:06,721 - STREAM b'IDAT' 91 19474
2025-08-14 12:46:06,831 - STREAM b'IHDR' 16 13
2025-08-14 12:46:06,831 - STREAM b'sRGB' 41 1
2025-08-14 12:46:06,831 - STREAM b'gAMA' 54 4
2025-08-14 12:46:06,831 - STREAM b'pHYs' 70 9
2025-08-14 12:46:06,831 - STREAM b'IDAT' 91 19474
2025-08-14 12:46:06,871 - STREAM b'IHDR' 16 13
2025-08-14 12:46:06,871 - STREAM b'sRGB' 41 1
2025-08-14 12:46:06,871 - STREAM b'gAMA' 54 4
2025-08-14 12:46:06,871 - STREAM b'pHYs' 70 9
2025-08-14 12:46:06,871 - STREAM b'IDAT' 91 19474
2025-08-14 12:46:06,904 - STREAM b'IHDR' 16 13
2025-08-14 12:46:06,904 - STREAM b'sRGB' 41 1
2025-08-14 12:46:06,904 - STREAM b'gAMA' 54 4
2025-08-14 12:46:06,904 - STREAM b'pHYs' 70 9
2025-08-14 12:46:06,904 - STREAM b'IDAT' 91 19474
2025-08-14 12:46:06,943 - STREAM b'IHDR' 16 13
2025-08-14 12:46:06,943 - STREAM b'sRGB' 41 1
2025-08-14 12:46:06,943 - STREAM b'gAMA' 54 4
2025-08-14 12:46:06,943 - STREAM b'pHYs' 70 9
2025-08-14 12:46:06,943 - STREAM b'IDAT' 91 19474
2025-08-14 12:46:06,976 - STREAM b'IHDR' 16 13
2025-08-14 12:46:06,976 - STREAM b'sRGB' 41 1
2025-08-14 12:46:06,976 - STREAM b'gAMA' 54 4
2025-08-14 12:46:06,976 - STREAM b'pHYs' 70 9
2025-08-14 12:46:06,976 - STREAM b'IDAT' 91 19474
2025-08-14 12:46:07,008 - STREAM b'IHDR' 16 13
2025-08-14 12:46:07,008 - STREAM b'sRGB' 41 1
2025-08-14 12:46:07,008 - STREAM b'gAMA' 54 4
2025-08-14 12:46:07,008 - STREAM b'pHYs' 70 9
2025-08-14 12:46:07,008 - STREAM b'IDAT' 91 19474
2025-08-14 12:46:07,041 - STREAM b'IHDR' 16 13
2025-08-14 12:46:07,041 - STREAM b'sRGB' 41 1
2025-08-14 12:46:07,041 - STREAM b'gAMA' 54 4
2025-08-14 12:46:07,041 - STREAM b'pHYs' 70 9
2025-08-14 12:46:07,041 - STREAM b'IDAT' 91 19474
2025-08-14 12:46:07,077 - STREAM b'IHDR' 16 13
2025-08-14 12:46:07,077 - STREAM b'sRGB' 41 1
2025-08-14 12:46:07,077 - STREAM b'gAMA' 54 4
2025-08-14 12:46:07,077 - STREAM b'pHYs' 70 9
2025-08-14 12:46:07,077 - STREAM b'IDAT' 91 19474
2025-08-14 12:46:07,112 - STREAM b'IHDR' 16 13
2025-08-14 12:46:07,112 - STREAM b'sRGB' 41 1
2025-08-14 12:46:07,112 - STREAM b'gAMA' 54 4
2025-08-14 12:46:07,112 - STREAM b'pHYs' 70 9
2025-08-14 12:46:07,112 - STREAM b'IDAT' 91 19474
2025-08-14 12:46:07,146 - STREAM b'IHDR' 16 13
2025-08-14 12:46:07,146 - STREAM b'sRGB' 41 1
2025-08-14 12:46:07,146 - STREAM b'gAMA' 54 4
2025-08-14 12:46:07,146 - STREAM b'pHYs' 70 9
2025-08-14 12:46:07,146 - STREAM b'IDAT' 91 19474
2025-08-14 12:46:07,179 - STREAM b'IHDR' 16 13
2025-08-14 12:46:07,179 - STREAM b'sRGB' 41 1
2025-08-14 12:46:07,179 - STREAM b'gAMA' 54 4
2025-08-14 12:46:07,179 - STREAM b'pHYs' 70 9
2025-08-14 12:46:07,179 - STREAM b'IDAT' 91 19474
2025-08-14 12:46:07,215 - STREAM b'IHDR' 16 13
2025-08-14 12:46:07,215 - STREAM b'sRGB' 41 1
2025-08-14 12:46:07,215 - STREAM b'gAMA' 54 4
2025-08-14 12:46:07,216 - STREAM b'pHYs' 70 9
2025-08-14 12:46:07,216 - STREAM b'IDAT' 91 19474
2025-08-14 12:46:07,246 - STREAM b'IHDR' 16 13
2025-08-14 12:46:07,246 - STREAM b'sRGB' 41 1
2025-08-14 12:46:07,246 - STREAM b'gAMA' 54 4
2025-08-14 12:46:07,246 - STREAM b'pHYs' 70 9
2025-08-14 12:46:07,246 - STREAM b'IDAT' 91 19474
2025-08-14 12:46:07,284 - STREAM b'IHDR' 16 13
2025-08-14 12:46:07,284 - STREAM b'sRGB' 41 1
2025-08-14 12:46:07,284 - STREAM b'gAMA' 54 4
2025-08-14 12:46:07,284 - STREAM b'pHYs' 70 9
2025-08-14 12:46:07,284 - STREAM b'IDAT' 91 19474
2025-08-14 12:46:07,316 - STREAM b'IHDR' 16 13
2025-08-14 12:46:07,316 - STREAM b'sRGB' 41 1
2025-08-14 12:46:07,316 - STREAM b'gAMA' 54 4
2025-08-14 12:46:07,316 - STREAM b'pHYs' 70 9
2025-08-14 12:46:07,316 - STREAM b'IDAT' 91 19474
2025-08-14 12:46:07,349 - STREAM b'IHDR' 16 13
2025-08-14 12:46:07,349 - STREAM b'sRGB' 41 1
2025-08-14 12:46:07,349 - STREAM b'gAMA' 54 4
2025-08-14 12:46:07,349 - STREAM b'pHYs' 70 9
2025-08-14 12:46:07,349 - STREAM b'IDAT' 91 19474
2025-08-14 12:46:07,371 - STREAM b'IHDR' 16 13
2025-08-14 12:46:07,371 - STREAM b'sRGB' 41 1
2025-08-14 12:46:07,371 - STREAM b'gAMA' 54 4
2025-08-14 12:46:07,371 - STREAM b'pHYs' 70 9
2025-08-14 12:46:07,371 - STREAM b'IDAT' 91 19474
2025-08-14 12:46:07,416 - STREAM b'IHDR' 16 13
2025-08-14 12:46:07,416 - STREAM b'sRGB' 41 1
2025-08-14 12:46:07,416 - STREAM b'gAMA' 54 4
2025-08-14 12:46:07,416 - STREAM b'pHYs' 70 9
2025-08-14 12:46:07,416 - STREAM b'IDAT' 91 19474
2025-08-14 12:46:07,450 - STREAM b'IHDR' 16 13
2025-08-14 12:46:07,450 - STREAM b'sRGB' 41 1
2025-08-14 12:46:07,450 - STREAM b'gAMA' 54 4
2025-08-14 12:46:07,450 - STREAM b'pHYs' 70 9
2025-08-14 12:46:07,450 - STREAM b'IDAT' 91 19474
2025-08-14 12:46:07,482 - STREAM b'IHDR' 16 13
2025-08-14 12:46:07,482 - STREAM b'sRGB' 41 1
2025-08-14 12:46:07,482 - STREAM b'gAMA' 54 4
2025-08-14 12:46:07,482 - STREAM b'pHYs' 70 9
2025-08-14 12:46:07,482 - STREAM b'IDAT' 91 19474
2025-08-14 12:46:07,513 - STREAM b'IHDR' 16 13
2025-08-14 12:46:07,513 - STREAM b'sRGB' 41 1
2025-08-14 12:46:07,513 - STREAM b'gAMA' 54 4
2025-08-14 12:46:07,513 - STREAM b'pHYs' 70 9
2025-08-14 12:46:07,513 - STREAM b'IDAT' 91 19474
2025-08-14 12:46:07,547 - STREAM b'IHDR' 16 13
2025-08-14 12:46:07,547 - STREAM b'sRGB' 41 1
2025-08-14 12:46:07,547 - STREAM b'gAMA' 54 4
2025-08-14 12:46:07,547 - STREAM b'pHYs' 70 9
2025-08-14 12:46:07,547 - STREAM b'IDAT' 91 19474
2025-08-14 12:46:07,582 - STREAM b'IHDR' 16 13
2025-08-14 12:46:07,582 - STREAM b'sRGB' 41 1
2025-08-14 12:46:07,586 - STREAM b'gAMA' 54 4
2025-08-14 12:46:07,586 - STREAM b'pHYs' 70 9
2025-08-14 12:46:07,586 - STREAM b'IDAT' 91 19474
2025-08-14 12:46:07,608 - STREAM b'IHDR' 16 13
2025-08-14 12:46:07,608 - STREAM b'sRGB' 41 1
2025-08-14 12:46:07,608 - STREAM b'gAMA' 54 4
2025-08-14 12:46:07,608 - STREAM b'pHYs' 70 9
2025-08-14 12:46:07,608 - STREAM b'IDAT' 91 19474
2025-08-14 12:46:07,649 - STREAM b'IHDR' 16 13
2025-08-14 12:46:07,649 - STREAM b'sRGB' 41 1
2025-08-14 12:46:07,649 - STREAM b'gAMA' 54 4
2025-08-14 12:46:07,649 - STREAM b'pHYs' 70 9
2025-08-14 12:46:07,649 - STREAM b'IDAT' 91 19474
2025-08-14 12:46:07,681 - STREAM b'IHDR' 16 13
2025-08-14 12:46:07,681 - STREAM b'sRGB' 41 1
2025-08-14 12:46:07,681 - STREAM b'gAMA' 54 4
2025-08-14 12:46:07,681 - STREAM b'pHYs' 70 9
2025-08-14 12:46:07,681 - STREAM b'IDAT' 91 19474
2025-08-14 12:46:07,713 - STREAM b'IHDR' 16 13
2025-08-14 12:46:07,713 - STREAM b'sRGB' 41 1
2025-08-14 12:46:07,713 - STREAM b'gAMA' 54 4
2025-08-14 12:46:07,713 - STREAM b'pHYs' 70 9
2025-08-14 12:46:07,713 - STREAM b'IDAT' 91 19474
2025-08-14 12:46:07,749 - STREAM b'IHDR' 16 13
2025-08-14 12:46:07,749 - STREAM b'sRGB' 41 1
2025-08-14 12:46:07,749 - STREAM b'gAMA' 54 4
2025-08-14 12:46:07,749 - STREAM b'pHYs' 70 9
2025-08-14 12:46:07,749 - STREAM b'IDAT' 91 19474
2025-08-14 12:46:07,784 - STREAM b'IHDR' 16 13
2025-08-14 12:46:07,784 - STREAM b'sRGB' 41 1
2025-08-14 12:46:07,784 - STREAM b'gAMA' 54 4
2025-08-14 12:46:07,784 - STREAM b'pHYs' 70 9
2025-08-14 12:46:07,784 - STREAM b'IDAT' 91 19474
2025-08-14 12:46:07,814 - STREAM b'IHDR' 16 13
2025-08-14 12:46:07,814 - STREAM b'sRGB' 41 1
2025-08-14 12:46:07,814 - STREAM b'gAMA' 54 4
2025-08-14 12:46:07,814 - STREAM b'pHYs' 70 9
2025-08-14 12:46:07,817 - STREAM b'IDAT' 91 19474
2025-08-14 12:46:07,848 - STREAM b'IHDR' 16 13
2025-08-14 12:46:07,848 - STREAM b'sRGB' 41 1
2025-08-14 12:46:07,848 - STREAM b'gAMA' 54 4
2025-08-14 12:46:07,848 - STREAM b'pHYs' 70 9
2025-08-14 12:46:07,848 - STREAM b'IDAT' 91 19474
2025-08-14 12:46:07,883 - STREAM b'IHDR' 16 13
2025-08-14 12:46:07,883 - STREAM b'sRGB' 41 1
2025-08-14 12:46:07,883 - STREAM b'gAMA' 54 4
2025-08-14 12:46:07,883 - STREAM b'pHYs' 70 9
2025-08-14 12:46:07,883 - STREAM b'IDAT' 91 19474
2025-08-14 12:46:07,914 - STREAM b'IHDR' 16 13
2025-08-14 12:46:07,914 - STREAM b'sRGB' 41 1
2025-08-14 12:46:07,914 - STREAM b'gAMA' 54 4
2025-08-14 12:46:07,914 - STREAM b'pHYs' 70 9
2025-08-14 12:46:07,914 - STREAM b'IDAT' 91 19474
2025-08-14 12:46:07,946 - STREAM b'IHDR' 16 13
2025-08-14 12:46:07,946 - STREAM b'sRGB' 41 1
2025-08-14 12:46:07,946 - STREAM b'gAMA' 54 4
2025-08-14 12:46:07,946 - STREAM b'pHYs' 70 9
2025-08-14 12:46:07,946 - STREAM b'IDAT' 91 19474
2025-08-14 12:46:07,984 - STREAM b'IHDR' 16 13
2025-08-14 12:46:07,984 - STREAM b'sRGB' 41 1
2025-08-14 12:46:07,984 - STREAM b'gAMA' 54 4
2025-08-14 12:46:07,984 - STREAM b'pHYs' 70 9
2025-08-14 12:46:07,986 - STREAM b'IDAT' 91 19474
2025-08-14 12:46:08,018 - STREAM b'IHDR' 16 13
2025-08-14 12:46:08,018 - STREAM b'sRGB' 41 1
2025-08-14 12:46:08,018 - STREAM b'gAMA' 54 4
2025-08-14 12:46:08,018 - STREAM b'pHYs' 70 9
2025-08-14 12:46:08,018 - STREAM b'IDAT' 91 19474
2025-08-14 12:46:08,050 - STREAM b'IHDR' 16 13
2025-08-14 12:46:08,050 - STREAM b'sRGB' 41 1
2025-08-14 12:46:08,050 - STREAM b'gAMA' 54 4
2025-08-14 12:46:08,050 - STREAM b'pHYs' 70 9
2025-08-14 12:46:08,050 - STREAM b'IDAT' 91 19474
2025-08-14 12:46:08,081 - STREAM b'IHDR' 16 13
2025-08-14 12:46:08,081 - STREAM b'sRGB' 41 1
2025-08-14 12:46:08,081 - STREAM b'gAMA' 54 4
2025-08-14 12:46:08,081 - STREAM b'pHYs' 70 9
2025-08-14 12:46:08,081 - STREAM b'IDAT' 91 19474
2025-08-14 12:46:08,113 - STREAM b'IHDR' 16 13
2025-08-14 12:46:08,113 - STREAM b'sRGB' 41 1
2025-08-14 12:46:08,113 - STREAM b'gAMA' 54 4
2025-08-14 12:46:08,113 - STREAM b'pHYs' 70 9
2025-08-14 12:46:08,113 - STREAM b'IDAT' 91 19474
2025-08-14 12:46:08,149 - STREAM b'IHDR' 16 13
2025-08-14 12:46:08,149 - STREAM b'sRGB' 41 1
2025-08-14 12:46:08,149 - STREAM b'gAMA' 54 4
2025-08-14 12:46:08,149 - STREAM b'pHYs' 70 9
2025-08-14 12:46:08,151 - STREAM b'IDAT' 91 19474
2025-08-14 12:46:08,183 - STREAM b'IHDR' 16 13
2025-08-14 12:46:08,183 - STREAM b'sRGB' 41 1
2025-08-14 12:46:08,183 - STREAM b'gAMA' 54 4
2025-08-14 12:46:08,183 - STREAM b'pHYs' 70 9
2025-08-14 12:46:08,183 - STREAM b'IDAT' 91 19474
2025-08-14 12:46:08,206 - STREAM b'IHDR' 16 13
2025-08-14 12:46:08,206 - STREAM b'sRGB' 41 1
2025-08-14 12:46:08,206 - STREAM b'gAMA' 54 4
2025-08-14 12:46:08,206 - STREAM b'pHYs' 70 9
2025-08-14 12:46:08,206 - STREAM b'IDAT' 91 19474
2025-08-14 12:46:08,249 - STREAM b'IHDR' 16 13
2025-08-14 12:46:08,249 - STREAM b'sRGB' 41 1
2025-08-14 12:46:08,249 - STREAM b'gAMA' 54 4
2025-08-14 12:46:08,249 - STREAM b'pHYs' 70 9
2025-08-14 12:46:08,249 - STREAM b'IDAT' 91 19474
2025-08-14 12:46:08,281 - STREAM b'IHDR' 16 13
2025-08-14 12:46:08,281 - STREAM b'sRGB' 41 1
2025-08-14 12:46:08,281 - STREAM b'gAMA' 54 4
2025-08-14 12:46:08,281 - STREAM b'pHYs' 70 9
2025-08-14 12:46:08,281 - STREAM b'IDAT' 91 19474
2025-08-14 12:46:08,315 - STREAM b'IHDR' 16 13
2025-08-14 12:46:08,315 - STREAM b'sRGB' 41 1
2025-08-14 12:46:08,315 - STREAM b'gAMA' 54 4
2025-08-14 12:46:08,315 - STREAM b'pHYs' 70 9
2025-08-14 12:46:08,315 - STREAM b'IDAT' 91 19474
2025-08-14 12:46:08,349 - STREAM b'IHDR' 16 13
2025-08-14 12:46:08,349 - STREAM b'sRGB' 41 1
2025-08-14 12:46:08,349 - STREAM b'gAMA' 54 4
2025-08-14 12:46:08,349 - STREAM b'pHYs' 70 9
2025-08-14 12:46:08,349 - STREAM b'IDAT' 91 19474
2025-08-14 12:46:08,377 - STREAM b'IHDR' 16 13
2025-08-14 12:46:08,377 - STREAM b'sRGB' 41 1
2025-08-14 12:46:08,377 - STREAM b'gAMA' 54 4
2025-08-14 12:46:08,377 - STREAM b'pHYs' 70 9
2025-08-14 12:46:08,377 - STREAM b'IDAT' 91 19474
2025-08-14 12:46:08,418 - STREAM b'IHDR' 16 13
2025-08-14 12:46:08,418 - STREAM b'sRGB' 41 1
2025-08-14 12:46:08,418 - STREAM b'gAMA' 54 4
2025-08-14 12:46:08,418 - STREAM b'pHYs' 70 9
2025-08-14 12:46:08,418 - STREAM b'IDAT' 91 19474
2025-08-14 12:46:08,449 - STREAM b'IHDR' 16 13
2025-08-14 12:46:08,449 - STREAM b'sRGB' 41 1
2025-08-14 12:46:08,449 - STREAM b'gAMA' 54 4
2025-08-14 12:46:08,449 - STREAM b'pHYs' 70 9
2025-08-14 12:46:08,449 - STREAM b'IDAT' 91 19474
2025-08-14 12:46:08,484 - STREAM b'IHDR' 16 13
2025-08-14 12:46:08,484 - STREAM b'sRGB' 41 1
2025-08-14 12:46:08,484 - STREAM b'gAMA' 54 4
2025-08-14 12:46:08,484 - STREAM b'pHYs' 70 9
2025-08-14 12:46:08,484 - STREAM b'IDAT' 91 19474
2025-08-14 12:46:08,517 - STREAM b'IHDR' 16 13
2025-08-14 12:46:08,517 - STREAM b'sRGB' 41 1
2025-08-14 12:46:08,517 - STREAM b'gAMA' 54 4
2025-08-14 12:46:08,517 - STREAM b'pHYs' 70 9
2025-08-14 12:46:08,517 - STREAM b'IDAT' 91 19474
2025-08-14 12:46:08,551 - STREAM b'IHDR' 16 13
2025-08-14 12:46:08,551 - STREAM b'sRGB' 41 1
2025-08-14 12:46:08,551 - STREAM b'gAMA' 54 4
2025-08-14 12:46:08,551 - STREAM b'pHYs' 70 9
2025-08-14 12:46:08,551 - STREAM b'IDAT' 91 19474
2025-08-14 12:46:08,582 - STREAM b'IHDR' 16 13
2025-08-14 12:46:08,582 - STREAM b'sRGB' 41 1
2025-08-14 12:46:08,582 - STREAM b'gAMA' 54 4
2025-08-14 12:46:08,582 - STREAM b'pHYs' 70 9
2025-08-14 12:46:08,582 - STREAM b'IDAT' 91 19474
2025-08-14 12:46:08,612 - STREAM b'IHDR' 16 13
2025-08-14 12:46:08,612 - STREAM b'sRGB' 41 1
2025-08-14 12:46:08,612 - STREAM b'gAMA' 54 4
2025-08-14 12:46:08,612 - STREAM b'pHYs' 70 9
2025-08-14 12:46:08,616 - STREAM b'IDAT' 91 19474
2025-08-14 12:46:08,646 - STREAM b'IHDR' 16 13
2025-08-14 12:46:08,646 - STREAM b'sRGB' 41 1
2025-08-14 12:46:08,646 - STREAM b'gAMA' 54 4
2025-08-14 12:46:08,646 - STREAM b'pHYs' 70 9
2025-08-14 12:46:08,646 - STREAM b'IDAT' 91 19474
2025-08-14 12:46:08,672 - STREAM b'IHDR' 16 13
2025-08-14 12:46:08,683 - STREAM b'sRGB' 41 1
2025-08-14 12:46:08,683 - STREAM b'gAMA' 54 4
2025-08-14 12:46:08,683 - STREAM b'pHYs' 70 9
2025-08-14 12:46:08,683 - STREAM b'IDAT' 91 19474
2025-08-14 12:46:08,714 - STREAM b'IHDR' 16 13
2025-08-14 12:46:08,714 - STREAM b'sRGB' 41 1
2025-08-14 12:46:08,714 - STREAM b'gAMA' 54 4
2025-08-14 12:46:08,714 - STREAM b'pHYs' 70 9
2025-08-14 12:46:08,714 - STREAM b'IDAT' 91 19474
2025-08-14 12:46:08,744 - STREAM b'IHDR' 16 13
2025-08-14 12:46:08,744 - STREAM b'sRGB' 41 1
2025-08-14 12:46:08,744 - STREAM b'gAMA' 54 4
2025-08-14 12:46:08,744 - STREAM b'pHYs' 70 9
2025-08-14 12:46:08,744 - STREAM b'IDAT' 91 19474
2025-08-14 12:46:08,775 - STREAM b'IHDR' 16 13
2025-08-14 12:46:08,775 - STREAM b'sRGB' 41 1
2025-08-14 12:46:08,775 - STREAM b'gAMA' 54 4
2025-08-14 12:46:08,775 - STREAM b'pHYs' 70 9
2025-08-14 12:46:08,775 - STREAM b'IDAT' 91 19474
2025-08-14 12:46:08,811 - STREAM b'IHDR' 16 13
2025-08-14 12:46:08,811 - STREAM b'sRGB' 41 1
2025-08-14 12:46:08,811 - STREAM b'gAMA' 54 4
2025-08-14 12:46:08,815 - STREAM b'pHYs' 70 9
2025-08-14 12:46:08,815 - STREAM b'IDAT' 91 19474
2025-08-14 12:46:08,846 - STREAM b'IHDR' 16 13
2025-08-14 12:46:08,846 - STREAM b'sRGB' 41 1
2025-08-14 12:46:08,846 - STREAM b'gAMA' 54 4
2025-08-14 12:46:08,846 - STREAM b'pHYs' 70 9
2025-08-14 12:46:08,846 - STREAM b'IDAT' 91 19474
2025-08-14 12:46:08,878 - STREAM b'IHDR' 16 13
2025-08-14 12:46:08,878 - STREAM b'sRGB' 41 1
2025-08-14 12:46:08,881 - STREAM b'gAMA' 54 4
2025-08-14 12:46:08,881 - STREAM b'pHYs' 70 9
2025-08-14 12:46:08,881 - STREAM b'IDAT' 91 19474
2025-08-14 12:46:08,912 - STREAM b'IHDR' 16 13
2025-08-14 12:46:08,912 - STREAM b'sRGB' 41 1
2025-08-14 12:46:08,912 - STREAM b'gAMA' 54 4
2025-08-14 12:46:08,912 - STREAM b'pHYs' 70 9
2025-08-14 12:46:08,912 - STREAM b'IDAT' 91 19474
2025-08-14 12:46:08,947 - STREAM b'IHDR' 16 13
2025-08-14 12:46:08,947 - STREAM b'sRGB' 41 1
2025-08-14 12:46:08,947 - STREAM b'gAMA' 54 4
2025-08-14 12:46:08,948 - STREAM b'pHYs' 70 9
2025-08-14 12:46:08,948 - STREAM b'IDAT' 91 19474
2025-08-14 12:46:08,978 - STREAM b'IHDR' 16 13
2025-08-14 12:46:08,978 - STREAM b'sRGB' 41 1
2025-08-14 12:46:08,978 - STREAM b'gAMA' 54 4
2025-08-14 12:46:08,978 - STREAM b'pHYs' 70 9
2025-08-14 12:46:08,978 - STREAM b'IDAT' 91 19474
2025-08-14 12:46:09,010 - STREAM b'IHDR' 16 13
2025-08-14 12:46:09,010 - STREAM b'sRGB' 41 1
2025-08-14 12:46:09,010 - STREAM b'gAMA' 54 4
2025-08-14 12:46:09,010 - STREAM b'pHYs' 70 9
2025-08-14 12:46:09,010 - STREAM b'IDAT' 91 19474
2025-08-14 12:46:09,039 - STREAM b'IHDR' 16 13
2025-08-14 12:46:09,039 - STREAM b'sRGB' 41 1
2025-08-14 12:46:09,039 - STREAM b'gAMA' 54 4
2025-08-14 12:46:09,039 - STREAM b'pHYs' 70 9
2025-08-14 12:46:09,039 - STREAM b'IDAT' 91 19474
2025-08-14 12:46:09,074 - STREAM b'IHDR' 16 13
2025-08-14 12:46:09,074 - STREAM b'sRGB' 41 1
2025-08-14 12:46:09,074 - STREAM b'gAMA' 54 4
2025-08-14 12:46:09,074 - STREAM b'pHYs' 70 9
2025-08-14 12:46:09,074 - STREAM b'IDAT' 91 19474
2025-08-14 12:46:09,107 - STREAM b'IHDR' 16 13
2025-08-14 12:46:09,107 - STREAM b'sRGB' 41 1
2025-08-14 12:46:09,107 - STREAM b'gAMA' 54 4
2025-08-14 12:46:09,107 - STREAM b'pHYs' 70 9
2025-08-14 12:46:09,107 - STREAM b'IDAT' 91 19474
2025-08-14 12:46:09,142 - STREAM b'IHDR' 16 13
2025-08-14 12:46:09,142 - STREAM b'sRGB' 41 1
2025-08-14 12:46:09,142 - STREAM b'gAMA' 54 4
2025-08-14 12:46:09,142 - STREAM b'pHYs' 70 9
2025-08-14 12:46:09,142 - STREAM b'IDAT' 91 19474
2025-08-14 12:46:09,174 - STREAM b'IHDR' 16 13
2025-08-14 12:46:09,177 - STREAM b'sRGB' 41 1
2025-08-14 12:46:09,177 - STREAM b'gAMA' 54 4
2025-08-14 12:46:09,177 - STREAM b'pHYs' 70 9
2025-08-14 12:46:09,177 - STREAM b'IDAT' 91 19474
2025-08-14 12:46:09,209 - STREAM b'IHDR' 16 13
2025-08-14 12:46:09,209 - STREAM b'sRGB' 41 1
2025-08-14 12:46:09,209 - STREAM b'gAMA' 54 4
2025-08-14 12:46:09,209 - STREAM b'pHYs' 70 9
2025-08-14 12:46:09,209 - STREAM b'IDAT' 91 19474
2025-08-14 12:46:09,241 - STREAM b'IHDR' 16 13
2025-08-14 12:46:09,241 - STREAM b'sRGB' 41 1
2025-08-14 12:46:09,241 - STREAM b'gAMA' 54 4
2025-08-14 12:46:09,241 - STREAM b'pHYs' 70 9
2025-08-14 12:46:09,241 - STREAM b'IDAT' 91 19474
2025-08-14 12:46:09,274 - STREAM b'IHDR' 16 13
2025-08-14 12:46:09,274 - STREAM b'sRGB' 41 1
2025-08-14 12:46:09,274 - STREAM b'gAMA' 54 4
2025-08-14 12:46:09,274 - STREAM b'pHYs' 70 9
2025-08-14 12:46:09,274 - STREAM b'IDAT' 91 19474
2025-08-14 12:46:09,305 - STREAM b'IHDR' 16 13
2025-08-14 12:46:09,305 - STREAM b'sRGB' 41 1
2025-08-14 12:46:09,305 - STREAM b'gAMA' 54 4
2025-08-14 12:46:09,305 - STREAM b'pHYs' 70 9
2025-08-14 12:46:09,305 - STREAM b'IDAT' 91 19474
2025-08-14 12:46:09,909 - Failed to auto-save defaults after video creation: invalid command name ".!toplevel2.!frame.!label2"
