2025-08-14 11:51:28,193 - Logging started - Log file: logs\debug_20250814_115128.log
2025-08-14 11:51:40,985 - STREAM b'IHDR' 16 13
2025-08-14 11:51:40,985 - STREAM b'sRGB' 41 1
2025-08-14 11:51:40,985 - STREAM b'gAMA' 54 4
2025-08-14 11:51:40,985 - STREAM b'pHYs' 70 9
2025-08-14 11:51:40,985 - STREAM b'IDAT' 91 65445
2025-08-14 11:51:41,021 - STREAM b'IHDR' 16 13
2025-08-14 11:51:41,021 - STREAM b'sRGB' 41 1
2025-08-14 11:51:41,021 - STREAM b'gAMA' 54 4
2025-08-14 11:51:41,021 - STREAM b'pHYs' 70 9
2025-08-14 11:51:41,021 - STREAM b'IDAT' 91 19474
2025-08-14 11:51:41,033 - STREAM b'IHDR' 16 13
2025-08-14 11:51:41,033 - STREAM b'sRGB' 41 1
2025-08-14 11:51:41,033 - STREAM b'gAMA' 54 4
2025-08-14 11:51:41,033 - STREAM b'pHYs' 70 9
2025-08-14 11:51:41,033 - STREAM b'IDAT' 91 65445
2025-08-14 11:51:41,050 - STREAM b'IHDR' 16 13
2025-08-14 11:51:41,050 - STREAM b'sRGB' 41 1
2025-08-14 11:51:41,050 - STREAM b'gAMA' 54 4
2025-08-14 11:51:41,050 - STREAM b'pHYs' 70 9
2025-08-14 11:51:41,050 - STREAM b'IDAT' 91 19474
2025-08-14 11:51:41,065 - STREAM b'IHDR' 16 13
2025-08-14 11:51:41,065 - STREAM b'sRGB' 41 1
2025-08-14 11:51:41,065 - STREAM b'gAMA' 54 4
2025-08-14 11:51:41,065 - STREAM b'pHYs' 70 9
2025-08-14 11:51:41,065 - STREAM b'IDAT' 91 65445
2025-08-14 11:51:41,083 - STREAM b'IHDR' 16 13
2025-08-14 11:51:41,083 - STREAM b'sRGB' 41 1
2025-08-14 11:51:41,083 - STREAM b'gAMA' 54 4
2025-08-14 11:51:41,083 - STREAM b'pHYs' 70 9
2025-08-14 11:51:41,083 - STREAM b'IDAT' 91 19474
2025-08-14 11:51:49,010 - STREAM b'IHDR' 16 13
2025-08-14 11:51:49,010 - STREAM b'sRGB' 41 1
2025-08-14 11:51:49,010 - STREAM b'gAMA' 54 4
2025-08-14 11:51:49,010 - STREAM b'pHYs' 70 9
2025-08-14 11:51:49,010 - STREAM b'IDAT' 91 65445
2025-08-14 11:51:49,026 - STREAM b'IHDR' 16 13
2025-08-14 11:51:49,026 - STREAM b'sRGB' 41 1
2025-08-14 11:51:49,026 - STREAM b'gAMA' 54 4
2025-08-14 11:51:49,026 - STREAM b'pHYs' 70 9
2025-08-14 11:51:49,026 - STREAM b'IDAT' 91 19474
2025-08-14 11:51:49,026 - STREAM b'IHDR' 16 13
2025-08-14 11:51:49,026 - STREAM b'sRGB' 41 1
2025-08-14 11:51:49,026 - STREAM b'gAMA' 54 4
2025-08-14 11:51:49,026 - STREAM b'pHYs' 70 9
2025-08-14 11:51:49,026 - STREAM b'IDAT' 91 65445
2025-08-14 11:51:49,042 - STREAM b'IHDR' 16 13
2025-08-14 11:51:49,042 - STREAM b'sRGB' 41 1
2025-08-14 11:51:49,042 - STREAM b'gAMA' 54 4
2025-08-14 11:51:49,042 - STREAM b'pHYs' 70 9
2025-08-14 11:51:49,042 - STREAM b'IDAT' 91 19474
2025-08-14 11:51:49,058 - STREAM b'IHDR' 16 13
2025-08-14 11:51:49,058 - STREAM b'sRGB' 41 1
2025-08-14 11:51:49,058 - STREAM b'gAMA' 54 4
2025-08-14 11:51:49,058 - STREAM b'pHYs' 70 9
2025-08-14 11:51:49,058 - STREAM b'IDAT' 91 65445
2025-08-14 11:51:49,078 - STREAM b'IHDR' 16 13
2025-08-14 11:51:49,078 - STREAM b'sRGB' 41 1
2025-08-14 11:51:49,078 - STREAM b'gAMA' 54 4
2025-08-14 11:51:49,078 - STREAM b'pHYs' 70 9
2025-08-14 11:51:49,078 - STREAM b'IDAT' 91 19474
2025-08-14 11:51:55,563 - Fade logic - postcards: 2, fade_out_enabled: True
2025-08-14 11:51:55,563 - will_create_manual_transition: True, apply_fade_out: False
2025-08-14 11:51:55,587 - STREAM b'IHDR' 16 13
2025-08-14 11:51:55,587 - STREAM b'sRGB' 41 1
2025-08-14 11:51:55,587 - STREAM b'gAMA' 54 4
2025-08-14 11:51:55,591 - STREAM b'pHYs' 70 9
2025-08-14 11:51:55,591 - STREAM b'IDAT' 91 19474
2025-08-14 11:51:55,594 - Skipping fade out effect (manual transition will be used)
2025-08-14 11:51:55,609 - Creating manual fade transition from start to first postcard
2025-08-14 11:51:55,630 - STREAM b'IHDR' 16 13
2025-08-14 11:51:55,630 - STREAM b'sRGB' 41 1
2025-08-14 11:51:55,630 - STREAM b'gAMA' 54 4
2025-08-14 11:51:55,630 - STREAM b'pHYs' 70 9
2025-08-14 11:51:55,630 - STREAM b'IDAT' 91 19474
2025-08-14 11:51:55,674 - Manual transition created, clips now: 3
2025-08-14 11:51:55,815 - STREAM b'IHDR' 16 13
2025-08-14 11:51:55,815 - STREAM b'sRGB' 41 1
2025-08-14 11:51:55,815 - STREAM b'gAMA' 54 4
2025-08-14 11:51:55,815 - STREAM b'pHYs' 70 9
2025-08-14 11:51:55,815 - STREAM b'IDAT' 91 19474
2025-08-14 11:51:55,849 - STREAM b'IHDR' 16 13
2025-08-14 11:51:55,849 - STREAM b'sRGB' 41 1
2025-08-14 11:51:55,849 - STREAM b'gAMA' 54 4
2025-08-14 11:51:55,849 - STREAM b'pHYs' 70 9
2025-08-14 11:51:55,849 - STREAM b'IDAT' 91 19474
2025-08-14 11:51:55,885 - STREAM b'IHDR' 16 13
2025-08-14 11:51:55,885 - STREAM b'sRGB' 41 1
2025-08-14 11:51:55,885 - STREAM b'gAMA' 54 4
2025-08-14 11:51:55,885 - STREAM b'pHYs' 70 9
2025-08-14 11:51:55,885 - STREAM b'IDAT' 91 19474
2025-08-14 11:51:55,919 - STREAM b'IHDR' 16 13
2025-08-14 11:51:55,919 - STREAM b'sRGB' 41 1
2025-08-14 11:51:55,919 - STREAM b'gAMA' 54 4
2025-08-14 11:51:55,919 - STREAM b'pHYs' 70 9
2025-08-14 11:51:55,919 - STREAM b'IDAT' 91 19474
2025-08-14 11:51:55,948 - STREAM b'IHDR' 16 13
2025-08-14 11:51:55,948 - STREAM b'sRGB' 41 1
2025-08-14 11:51:55,948 - STREAM b'gAMA' 54 4
2025-08-14 11:51:55,948 - STREAM b'pHYs' 70 9
2025-08-14 11:51:55,948 - STREAM b'IDAT' 91 19474
2025-08-14 11:51:55,988 - STREAM b'IHDR' 16 13
2025-08-14 11:51:55,988 - STREAM b'sRGB' 41 1
2025-08-14 11:51:55,988 - STREAM b'gAMA' 54 4
2025-08-14 11:51:55,988 - STREAM b'pHYs' 70 9
2025-08-14 11:51:55,988 - STREAM b'IDAT' 91 19474
2025-08-14 11:51:56,021 - STREAM b'IHDR' 16 13
2025-08-14 11:51:56,021 - STREAM b'sRGB' 41 1
2025-08-14 11:51:56,021 - STREAM b'gAMA' 54 4
2025-08-14 11:51:56,021 - STREAM b'pHYs' 70 9
2025-08-14 11:51:56,021 - STREAM b'IDAT' 91 19474
2025-08-14 11:51:56,053 - STREAM b'IHDR' 16 13
2025-08-14 11:51:56,053 - STREAM b'sRGB' 41 1
2025-08-14 11:51:56,053 - STREAM b'gAMA' 54 4
2025-08-14 11:51:56,056 - STREAM b'pHYs' 70 9
2025-08-14 11:51:56,056 - STREAM b'IDAT' 91 19474
2025-08-14 11:51:56,083 - STREAM b'IHDR' 16 13
2025-08-14 11:51:56,083 - STREAM b'sRGB' 41 1
2025-08-14 11:51:56,083 - STREAM b'gAMA' 54 4
2025-08-14 11:51:56,083 - STREAM b'pHYs' 70 9
2025-08-14 11:51:56,083 - STREAM b'IDAT' 91 19474
2025-08-14 11:51:56,120 - STREAM b'IHDR' 16 13
2025-08-14 11:51:56,120 - STREAM b'sRGB' 41 1
2025-08-14 11:51:56,120 - STREAM b'gAMA' 54 4
2025-08-14 11:51:56,120 - STREAM b'pHYs' 70 9
2025-08-14 11:51:56,120 - STREAM b'IDAT' 91 19474
2025-08-14 11:51:56,158 - STREAM b'IHDR' 16 13
2025-08-14 11:51:56,158 - STREAM b'sRGB' 41 1
2025-08-14 11:51:56,158 - STREAM b'gAMA' 54 4
2025-08-14 11:51:56,158 - STREAM b'pHYs' 70 9
2025-08-14 11:51:56,158 - STREAM b'IDAT' 91 19474
2025-08-14 11:51:56,187 - STREAM b'IHDR' 16 13
2025-08-14 11:51:56,187 - STREAM b'sRGB' 41 1
2025-08-14 11:51:56,187 - STREAM b'gAMA' 54 4
2025-08-14 11:51:56,187 - STREAM b'pHYs' 70 9
2025-08-14 11:51:56,187 - STREAM b'IDAT' 91 19474
2025-08-14 11:51:56,224 - STREAM b'IHDR' 16 13
2025-08-14 11:51:56,224 - STREAM b'sRGB' 41 1
2025-08-14 11:51:56,224 - STREAM b'gAMA' 54 4
2025-08-14 11:51:56,224 - STREAM b'pHYs' 70 9
2025-08-14 11:51:56,224 - STREAM b'IDAT' 91 19474
2025-08-14 11:51:56,258 - STREAM b'IHDR' 16 13
2025-08-14 11:51:56,258 - STREAM b'sRGB' 41 1
2025-08-14 11:51:56,258 - STREAM b'gAMA' 54 4
2025-08-14 11:51:56,258 - STREAM b'pHYs' 70 9
2025-08-14 11:51:56,258 - STREAM b'IDAT' 91 19474
2025-08-14 11:51:56,291 - STREAM b'IHDR' 16 13
2025-08-14 11:51:56,291 - STREAM b'sRGB' 41 1
2025-08-14 11:51:56,291 - STREAM b'gAMA' 54 4
2025-08-14 11:51:56,291 - STREAM b'pHYs' 70 9
2025-08-14 11:51:56,291 - STREAM b'IDAT' 91 19474
2025-08-14 11:51:56,320 - STREAM b'IHDR' 16 13
2025-08-14 11:51:56,320 - STREAM b'sRGB' 41 1
2025-08-14 11:51:56,320 - STREAM b'gAMA' 54 4
2025-08-14 11:51:56,320 - STREAM b'pHYs' 70 9
2025-08-14 11:51:56,320 - STREAM b'IDAT' 91 19474
2025-08-14 11:51:56,358 - STREAM b'IHDR' 16 13
2025-08-14 11:51:56,358 - STREAM b'sRGB' 41 1
2025-08-14 11:51:56,358 - STREAM b'gAMA' 54 4
2025-08-14 11:51:56,358 - STREAM b'pHYs' 70 9
2025-08-14 11:51:56,358 - STREAM b'IDAT' 91 19474
2025-08-14 11:51:56,390 - STREAM b'IHDR' 16 13
2025-08-14 11:51:56,390 - STREAM b'sRGB' 41 1
2025-08-14 11:51:56,390 - STREAM b'gAMA' 54 4
2025-08-14 11:51:56,390 - STREAM b'pHYs' 70 9
2025-08-14 11:51:56,390 - STREAM b'IDAT' 91 19474
2025-08-14 11:51:56,422 - STREAM b'IHDR' 16 13
2025-08-14 11:51:56,422 - STREAM b'sRGB' 41 1
2025-08-14 11:51:56,422 - STREAM b'gAMA' 54 4
2025-08-14 11:51:56,422 - STREAM b'pHYs' 70 9
2025-08-14 11:51:56,422 - STREAM b'IDAT' 91 19474
2025-08-14 11:51:56,447 - STREAM b'IHDR' 16 13
2025-08-14 11:51:56,447 - STREAM b'sRGB' 41 1
2025-08-14 11:51:56,447 - STREAM b'gAMA' 54 4
2025-08-14 11:51:56,447 - STREAM b'pHYs' 70 9
2025-08-14 11:51:56,447 - STREAM b'IDAT' 91 19474
2025-08-14 11:51:56,481 - STREAM b'IHDR' 16 13
2025-08-14 11:51:56,481 - STREAM b'sRGB' 41 1
2025-08-14 11:51:56,481 - STREAM b'gAMA' 54 4
2025-08-14 11:51:56,494 - STREAM b'pHYs' 70 9
2025-08-14 11:51:56,494 - STREAM b'IDAT' 91 19474
2025-08-14 11:51:56,526 - STREAM b'IHDR' 16 13
2025-08-14 11:51:56,526 - STREAM b'sRGB' 41 1
2025-08-14 11:51:56,526 - STREAM b'gAMA' 54 4
2025-08-14 11:51:56,526 - STREAM b'pHYs' 70 9
2025-08-14 11:51:56,526 - STREAM b'IDAT' 91 19474
2025-08-14 11:51:56,557 - STREAM b'IHDR' 16 13
2025-08-14 11:51:56,557 - STREAM b'sRGB' 41 1
2025-08-14 11:51:56,557 - STREAM b'gAMA' 54 4
2025-08-14 11:51:56,557 - STREAM b'pHYs' 70 9
2025-08-14 11:51:56,557 - STREAM b'IDAT' 91 19474
2025-08-14 11:51:56,591 - STREAM b'IHDR' 16 13
2025-08-14 11:51:56,591 - STREAM b'sRGB' 41 1
2025-08-14 11:51:56,591 - STREAM b'gAMA' 54 4
2025-08-14 11:51:56,591 - STREAM b'pHYs' 70 9
2025-08-14 11:51:56,591 - STREAM b'IDAT' 91 19474
2025-08-14 11:51:56,622 - STREAM b'IHDR' 16 13
2025-08-14 11:51:56,622 - STREAM b'sRGB' 41 1
2025-08-14 11:51:56,622 - STREAM b'gAMA' 54 4
2025-08-14 11:51:56,622 - STREAM b'pHYs' 70 9
2025-08-14 11:51:56,622 - STREAM b'IDAT' 91 19474
2025-08-14 11:51:56,653 - STREAM b'IHDR' 16 13
2025-08-14 11:51:56,653 - STREAM b'sRGB' 41 1
2025-08-14 11:51:56,653 - STREAM b'gAMA' 54 4
2025-08-14 11:51:56,653 - STREAM b'pHYs' 70 9
2025-08-14 11:51:56,653 - STREAM b'IDAT' 91 19474
2025-08-14 11:51:56,693 - STREAM b'IHDR' 16 13
2025-08-14 11:51:56,693 - STREAM b'sRGB' 41 1
2025-08-14 11:51:56,693 - STREAM b'gAMA' 54 4
2025-08-14 11:51:56,693 - STREAM b'pHYs' 70 9
2025-08-14 11:51:56,693 - STREAM b'IDAT' 91 19474
2025-08-14 11:51:56,762 - STREAM b'IHDR' 16 13
2025-08-14 11:51:56,762 - STREAM b'sRGB' 41 1
2025-08-14 11:51:56,762 - STREAM b'gAMA' 54 4
2025-08-14 11:51:56,762 - STREAM b'pHYs' 70 9
2025-08-14 11:51:56,762 - STREAM b'IDAT' 91 19474
2025-08-14 11:51:56,834 - STREAM b'IHDR' 16 13
2025-08-14 11:51:56,834 - STREAM b'sRGB' 41 1
2025-08-14 11:51:56,834 - STREAM b'gAMA' 54 4
2025-08-14 11:51:56,834 - STREAM b'pHYs' 70 9
2025-08-14 11:51:56,834 - STREAM b'IDAT' 91 19474
2025-08-14 11:51:56,901 - STREAM b'IHDR' 16 13
2025-08-14 11:51:56,901 - STREAM b'sRGB' 41 1
2025-08-14 11:51:56,901 - STREAM b'gAMA' 54 4
2025-08-14 11:51:56,901 - STREAM b'pHYs' 70 9
2025-08-14 11:51:56,901 - STREAM b'IDAT' 91 19474
2025-08-14 11:51:56,973 - STREAM b'IHDR' 16 13
2025-08-14 11:51:56,973 - STREAM b'sRGB' 41 1
2025-08-14 11:51:56,973 - STREAM b'gAMA' 54 4
2025-08-14 11:51:56,973 - STREAM b'pHYs' 70 9
2025-08-14 11:51:56,973 - STREAM b'IDAT' 91 19474
2025-08-14 11:51:57,045 - STREAM b'IHDR' 16 13
2025-08-14 11:51:57,045 - STREAM b'sRGB' 41 1
2025-08-14 11:51:57,045 - STREAM b'gAMA' 54 4
2025-08-14 11:51:57,045 - STREAM b'pHYs' 70 9
2025-08-14 11:51:57,045 - STREAM b'IDAT' 91 19474
2025-08-14 11:51:57,120 - STREAM b'IHDR' 16 13
2025-08-14 11:51:57,120 - STREAM b'sRGB' 41 1
2025-08-14 11:51:57,120 - STREAM b'gAMA' 54 4
2025-08-14 11:51:57,127 - STREAM b'pHYs' 70 9
2025-08-14 11:51:57,127 - STREAM b'IDAT' 91 19474
2025-08-14 11:51:57,199 - STREAM b'IHDR' 16 13
2025-08-14 11:51:57,199 - STREAM b'sRGB' 41 1
2025-08-14 11:51:57,199 - STREAM b'gAMA' 54 4
2025-08-14 11:51:57,199 - STREAM b'pHYs' 70 9
2025-08-14 11:51:57,199 - STREAM b'IDAT' 91 19474
2025-08-14 11:51:57,281 - STREAM b'IHDR' 16 13
2025-08-14 11:51:57,281 - STREAM b'sRGB' 41 1
2025-08-14 11:51:57,281 - STREAM b'gAMA' 54 4
2025-08-14 11:51:57,281 - STREAM b'pHYs' 70 9
2025-08-14 11:51:57,281 - STREAM b'IDAT' 91 19474
2025-08-14 11:51:57,364 - STREAM b'IHDR' 16 13
2025-08-14 11:51:57,364 - STREAM b'sRGB' 41 1
2025-08-14 11:51:57,364 - STREAM b'gAMA' 54 4
2025-08-14 11:51:57,364 - STREAM b'pHYs' 70 9
2025-08-14 11:51:57,364 - STREAM b'IDAT' 91 19474
2025-08-14 11:51:57,444 - STREAM b'IHDR' 16 13
2025-08-14 11:51:57,444 - STREAM b'sRGB' 41 1
2025-08-14 11:51:57,444 - STREAM b'gAMA' 54 4
2025-08-14 11:51:57,444 - STREAM b'pHYs' 70 9
2025-08-14 11:51:57,444 - STREAM b'IDAT' 91 19474
2025-08-14 11:51:57,526 - STREAM b'IHDR' 16 13
2025-08-14 11:51:57,526 - STREAM b'sRGB' 41 1
2025-08-14 11:51:57,526 - STREAM b'gAMA' 54 4
2025-08-14 11:51:57,526 - STREAM b'pHYs' 70 9
2025-08-14 11:51:57,526 - STREAM b'IDAT' 91 19474
2025-08-14 11:51:57,597 - STREAM b'IHDR' 16 13
2025-08-14 11:51:57,597 - STREAM b'sRGB' 41 1
2025-08-14 11:51:57,597 - STREAM b'gAMA' 54 4
2025-08-14 11:51:57,597 - STREAM b'pHYs' 70 9
2025-08-14 11:51:57,597 - STREAM b'IDAT' 91 19474
2025-08-14 11:51:57,680 - STREAM b'IHDR' 16 13
2025-08-14 11:51:57,680 - STREAM b'sRGB' 41 1
2025-08-14 11:51:57,680 - STREAM b'gAMA' 54 4
2025-08-14 11:51:57,680 - STREAM b'pHYs' 70 9
2025-08-14 11:51:57,680 - STREAM b'IDAT' 91 19474
2025-08-14 11:51:57,760 - STREAM b'IHDR' 16 13
2025-08-14 11:51:57,760 - STREAM b'sRGB' 41 1
2025-08-14 11:51:57,760 - STREAM b'gAMA' 54 4
2025-08-14 11:51:57,760 - STREAM b'pHYs' 70 9
2025-08-14 11:51:57,760 - STREAM b'IDAT' 91 19474
