2025-08-14 12:37:28,445 - Logging started - Log file: logs\debug_20250814_123728.log
2025-08-14 12:37:36,518 - STREAM b'IHDR' 16 13
2025-08-14 12:37:36,518 - STREAM b'sRGB' 41 1
2025-08-14 12:37:36,518 - STREAM b'gAMA' 54 4
2025-08-14 12:37:36,518 - STREAM b'pHYs' 70 9
2025-08-14 12:37:36,518 - STREAM b'IDAT' 91 65445
2025-08-14 12:37:36,551 - STREAM b'IHDR' 16 13
2025-08-14 12:37:36,551 - STREAM b'sRGB' 41 1
2025-08-14 12:37:36,551 - STREAM b'gAMA' 54 4
2025-08-14 12:37:36,551 - STREAM b'pHYs' 70 9
2025-08-14 12:37:36,551 - STREAM b'IDAT' 91 19474
2025-08-14 12:37:36,559 - STREAM b'IHDR' 16 13
2025-08-14 12:37:36,559 - STREAM b'sRGB' 41 1
2025-08-14 12:37:36,559 - STREAM b'gAMA' 54 4
2025-08-14 12:37:36,559 - STREAM b'pHYs' 70 9
2025-08-14 12:37:36,559 - STREAM b'IDAT' 91 65445
2025-08-14 12:37:36,584 - STREAM b'IHDR' 16 13
2025-08-14 12:37:36,584 - STREAM b'sRGB' 41 1
2025-08-14 12:37:36,584 - STREAM b'gAMA' 54 4
2025-08-14 12:37:36,584 - STREAM b'pHYs' 70 9
2025-08-14 12:37:36,584 - STREAM b'IDAT' 91 19474
2025-08-14 12:37:36,597 - STREAM b'IHDR' 16 13
2025-08-14 12:37:36,597 - STREAM b'sRGB' 41 1
2025-08-14 12:37:36,598 - STREAM b'gAMA' 54 4
2025-08-14 12:37:36,598 - STREAM b'pHYs' 70 9
2025-08-14 12:37:36,598 - STREAM b'IDAT' 91 65445
2025-08-14 12:37:36,616 - STREAM b'IHDR' 16 13
2025-08-14 12:37:36,616 - STREAM b'sRGB' 41 1
2025-08-14 12:37:36,616 - STREAM b'gAMA' 54 4
2025-08-14 12:37:36,616 - STREAM b'pHYs' 70 9
2025-08-14 12:37:36,616 - STREAM b'IDAT' 91 19474
2025-08-14 12:37:43,070 - STREAM b'IHDR' 16 13
2025-08-14 12:37:43,070 - STREAM b'sRGB' 41 1
2025-08-14 12:37:43,070 - STREAM b'gAMA' 54 4
2025-08-14 12:37:43,070 - STREAM b'pHYs' 70 9
2025-08-14 12:37:43,070 - STREAM b'IDAT' 91 65445
2025-08-14 12:37:43,105 - STREAM b'IHDR' 16 13
2025-08-14 12:37:43,105 - STREAM b'sRGB' 41 1
2025-08-14 12:37:43,105 - STREAM b'gAMA' 54 4
2025-08-14 12:37:43,105 - STREAM b'pHYs' 70 9
2025-08-14 12:37:43,105 - STREAM b'IDAT' 91 65445
2025-08-14 12:37:43,125 - STREAM b'IHDR' 16 13
2025-08-14 12:37:43,125 - STREAM b'sRGB' 41 1
2025-08-14 12:37:43,125 - STREAM b'gAMA' 54 4
2025-08-14 12:37:43,125 - STREAM b'pHYs' 70 9
2025-08-14 12:37:43,125 - STREAM b'IDAT' 91 65445
2025-08-14 12:37:43,148 - STREAM b'IHDR' 16 13
2025-08-14 12:37:43,148 - STREAM b'sRGB' 41 1
2025-08-14 12:37:43,148 - STREAM b'gAMA' 54 4
2025-08-14 12:37:43,148 - STREAM b'pHYs' 70 9
2025-08-14 12:37:43,148 - STREAM b'IDAT' 91 65445
2025-08-14 12:37:43,178 - STREAM b'IHDR' 16 13
2025-08-14 12:37:43,178 - STREAM b'sRGB' 41 1
2025-08-14 12:37:43,178 - STREAM b'gAMA' 54 4
2025-08-14 12:37:43,178 - STREAM b'pHYs' 70 9
2025-08-14 12:37:43,178 - STREAM b'IDAT' 91 65445
2025-08-14 12:37:43,202 - STREAM b'IHDR' 16 13
2025-08-14 12:37:43,202 - STREAM b'sRGB' 41 1
2025-08-14 12:37:43,202 - STREAM b'gAMA' 54 4
2025-08-14 12:37:43,202 - STREAM b'pHYs' 70 9
2025-08-14 12:37:43,202 - STREAM b'IDAT' 91 65445
2025-08-14 12:37:43,225 - STREAM b'IHDR' 16 13
2025-08-14 12:37:43,225 - STREAM b'sRGB' 41 1
2025-08-14 12:37:43,225 - STREAM b'gAMA' 54 4
2025-08-14 12:37:43,225 - STREAM b'pHYs' 70 9
2025-08-14 12:37:43,230 - STREAM b'IDAT' 91 65445
2025-08-14 12:37:43,250 - STREAM b'IHDR' 16 13
2025-08-14 12:37:43,250 - STREAM b'sRGB' 41 1
2025-08-14 12:37:43,250 - STREAM b'gAMA' 54 4
2025-08-14 12:37:43,250 - STREAM b'pHYs' 70 9
2025-08-14 12:37:43,250 - STREAM b'IDAT' 91 65445
2025-08-14 12:37:43,279 - STREAM b'IHDR' 16 13
2025-08-14 12:37:43,279 - STREAM b'sRGB' 41 1
2025-08-14 12:37:43,279 - STREAM b'gAMA' 54 4
2025-08-14 12:37:43,279 - STREAM b'pHYs' 70 9
2025-08-14 12:37:43,279 - STREAM b'IDAT' 91 65445
2025-08-14 12:37:43,305 - STREAM b'IHDR' 16 13
2025-08-14 12:37:43,305 - STREAM b'sRGB' 41 1
2025-08-14 12:37:43,305 - STREAM b'gAMA' 54 4
2025-08-14 12:37:43,305 - STREAM b'pHYs' 70 9
2025-08-14 12:37:43,307 - STREAM b'IDAT' 91 65445
2025-08-14 12:37:43,331 - STREAM b'IHDR' 16 13
2025-08-14 12:37:43,331 - STREAM b'sRGB' 41 1
2025-08-14 12:37:43,331 - STREAM b'gAMA' 54 4
2025-08-14 12:37:43,331 - STREAM b'pHYs' 70 9
2025-08-14 12:37:43,331 - STREAM b'IDAT' 91 65445
2025-08-14 12:37:43,353 - STREAM b'IHDR' 16 13
2025-08-14 12:37:43,353 - STREAM b'sRGB' 41 1
2025-08-14 12:37:43,353 - STREAM b'gAMA' 54 4
2025-08-14 12:37:43,353 - STREAM b'pHYs' 70 9
2025-08-14 12:37:43,353 - STREAM b'IDAT' 91 65445
2025-08-14 12:37:43,382 - STREAM b'IHDR' 16 13
2025-08-14 12:37:43,382 - STREAM b'sRGB' 41 1
2025-08-14 12:37:43,382 - STREAM b'gAMA' 54 4
2025-08-14 12:37:43,382 - STREAM b'pHYs' 70 9
2025-08-14 12:37:43,382 - STREAM b'IDAT' 91 65445
2025-08-14 12:37:43,405 - STREAM b'IHDR' 16 13
2025-08-14 12:37:43,405 - STREAM b'sRGB' 41 1
2025-08-14 12:37:43,405 - STREAM b'gAMA' 54 4
2025-08-14 12:37:43,405 - STREAM b'pHYs' 70 9
2025-08-14 12:37:43,405 - STREAM b'IDAT' 91 65445
2025-08-14 12:37:43,425 - STREAM b'IHDR' 16 13
2025-08-14 12:37:43,425 - STREAM b'sRGB' 41 1
2025-08-14 12:37:43,425 - STREAM b'gAMA' 54 4
2025-08-14 12:37:43,425 - STREAM b'pHYs' 70 9
2025-08-14 12:37:43,425 - STREAM b'IDAT' 91 65445
2025-08-14 12:37:43,447 - STREAM b'IHDR' 16 13
2025-08-14 12:37:43,447 - STREAM b'sRGB' 41 1
2025-08-14 12:37:43,447 - STREAM b'gAMA' 54 4
2025-08-14 12:37:43,447 - STREAM b'pHYs' 70 9
2025-08-14 12:37:43,447 - STREAM b'IDAT' 91 65445
2025-08-14 12:37:43,463 - STREAM b'IHDR' 16 13
2025-08-14 12:37:43,463 - STREAM b'sRGB' 41 1
2025-08-14 12:37:43,463 - STREAM b'gAMA' 54 4
2025-08-14 12:37:43,463 - STREAM b'pHYs' 70 9
2025-08-14 12:37:43,463 - STREAM b'IDAT' 91 65445
2025-08-14 12:37:43,493 - STREAM b'IHDR' 16 13
2025-08-14 12:37:43,493 - STREAM b'sRGB' 41 1
2025-08-14 12:37:43,493 - STREAM b'gAMA' 54 4
2025-08-14 12:37:43,493 - STREAM b'pHYs' 70 9
2025-08-14 12:37:43,493 - STREAM b'IDAT' 91 65445
2025-08-14 12:37:43,516 - STREAM b'IHDR' 16 13
2025-08-14 12:37:43,516 - STREAM b'sRGB' 41 1
2025-08-14 12:37:43,516 - STREAM b'gAMA' 54 4
2025-08-14 12:37:43,516 - STREAM b'pHYs' 70 9
2025-08-14 12:37:43,516 - STREAM b'IDAT' 91 65445
2025-08-14 12:37:43,529 - STREAM b'IHDR' 16 13
2025-08-14 12:37:43,529 - STREAM b'sRGB' 41 1
2025-08-14 12:37:43,529 - STREAM b'gAMA' 54 4
2025-08-14 12:37:43,529 - STREAM b'pHYs' 70 9
2025-08-14 12:37:43,529 - STREAM b'IDAT' 91 65445
2025-08-14 12:37:43,558 - STREAM b'IHDR' 16 13
2025-08-14 12:37:43,558 - STREAM b'sRGB' 41 1
2025-08-14 12:37:43,558 - STREAM b'gAMA' 54 4
2025-08-14 12:37:43,558 - STREAM b'pHYs' 70 9
2025-08-14 12:37:43,558 - STREAM b'IDAT' 91 65445
2025-08-14 12:37:43,573 - STREAM b'IHDR' 16 13
2025-08-14 12:37:43,573 - STREAM b'sRGB' 41 1
2025-08-14 12:37:43,573 - STREAM b'gAMA' 54 4
2025-08-14 12:37:43,573 - STREAM b'pHYs' 70 9
2025-08-14 12:37:43,573 - STREAM b'IDAT' 91 65445
2025-08-14 12:37:43,589 - STREAM b'IHDR' 16 13
2025-08-14 12:37:43,589 - STREAM b'sRGB' 41 1
2025-08-14 12:37:43,589 - STREAM b'gAMA' 54 4
2025-08-14 12:37:43,589 - STREAM b'pHYs' 70 9
2025-08-14 12:37:43,589 - STREAM b'IDAT' 91 65445
2025-08-14 12:37:43,621 - STREAM b'IHDR' 16 13
2025-08-14 12:37:43,621 - STREAM b'sRGB' 41 1
2025-08-14 12:37:43,621 - STREAM b'gAMA' 54 4
2025-08-14 12:37:43,621 - STREAM b'pHYs' 70 9
2025-08-14 12:37:43,621 - STREAM b'IDAT' 91 65445
2025-08-14 12:37:43,644 - STREAM b'IHDR' 16 13
2025-08-14 12:37:43,644 - STREAM b'sRGB' 41 1
2025-08-14 12:37:43,646 - STREAM b'gAMA' 54 4
2025-08-14 12:37:43,646 - STREAM b'pHYs' 70 9
2025-08-14 12:37:43,646 - STREAM b'IDAT' 91 65445
2025-08-14 12:37:43,665 - STREAM b'IHDR' 16 13
2025-08-14 12:37:43,665 - STREAM b'sRGB' 41 1
2025-08-14 12:37:43,665 - STREAM b'gAMA' 54 4
2025-08-14 12:37:43,665 - STREAM b'pHYs' 70 9
2025-08-14 12:37:43,667 - STREAM b'IDAT' 91 65445
2025-08-14 12:37:43,689 - STREAM b'IHDR' 16 13
2025-08-14 12:37:43,689 - STREAM b'sRGB' 41 1
2025-08-14 12:37:43,689 - STREAM b'gAMA' 54 4
2025-08-14 12:37:43,689 - STREAM b'pHYs' 70 9
2025-08-14 12:37:43,689 - STREAM b'IDAT' 91 65445
2025-08-14 12:37:43,708 - STREAM b'IHDR' 16 13
2025-08-14 12:37:43,708 - STREAM b'sRGB' 41 1
2025-08-14 12:37:43,708 - STREAM b'gAMA' 54 4
2025-08-14 12:37:43,708 - STREAM b'pHYs' 70 9
2025-08-14 12:37:43,708 - STREAM b'IDAT' 91 65445
2025-08-14 12:37:43,731 - STREAM b'IHDR' 16 13
2025-08-14 12:37:43,731 - STREAM b'sRGB' 41 1
2025-08-14 12:37:43,731 - STREAM b'gAMA' 54 4
2025-08-14 12:37:43,731 - STREAM b'pHYs' 70 9
2025-08-14 12:37:43,731 - STREAM b'IDAT' 91 65445
2025-08-14 12:37:43,753 - STREAM b'IHDR' 16 13
2025-08-14 12:37:43,753 - STREAM b'sRGB' 41 1
2025-08-14 12:37:43,753 - STREAM b'gAMA' 54 4
2025-08-14 12:37:43,753 - STREAM b'pHYs' 70 9
2025-08-14 12:37:43,753 - STREAM b'IDAT' 91 65445
2025-08-14 12:37:43,772 - STREAM b'IHDR' 16 13
2025-08-14 12:37:43,772 - STREAM b'sRGB' 41 1
2025-08-14 12:37:43,772 - STREAM b'gAMA' 54 4
2025-08-14 12:37:43,772 - STREAM b'pHYs' 70 9
2025-08-14 12:37:43,772 - STREAM b'IDAT' 91 65445
2025-08-14 12:37:43,795 - STREAM b'IHDR' 16 13
2025-08-14 12:37:43,795 - STREAM b'sRGB' 41 1
2025-08-14 12:37:43,795 - STREAM b'gAMA' 54 4
2025-08-14 12:37:43,795 - STREAM b'pHYs' 70 9
2025-08-14 12:37:43,795 - STREAM b'IDAT' 91 65445
2025-08-14 12:37:43,819 - STREAM b'IHDR' 16 13
2025-08-14 12:37:43,819 - STREAM b'sRGB' 41 1
2025-08-14 12:37:43,819 - STREAM b'gAMA' 54 4
2025-08-14 12:37:43,819 - STREAM b'pHYs' 70 9
2025-08-14 12:37:43,819 - STREAM b'IDAT' 91 65445
2025-08-14 12:37:43,840 - STREAM b'IHDR' 16 13
2025-08-14 12:37:43,840 - STREAM b'sRGB' 41 1
2025-08-14 12:37:43,840 - STREAM b'gAMA' 54 4
2025-08-14 12:37:43,840 - STREAM b'pHYs' 70 9
2025-08-14 12:37:43,840 - STREAM b'IDAT' 91 65445
2025-08-14 12:37:43,858 - STREAM b'IHDR' 16 13
2025-08-14 12:37:43,858 - STREAM b'sRGB' 41 1
2025-08-14 12:37:43,858 - STREAM b'gAMA' 54 4
2025-08-14 12:37:43,858 - STREAM b'pHYs' 70 9
2025-08-14 12:37:43,858 - STREAM b'IDAT' 91 65445
2025-08-14 12:37:43,876 - STREAM b'IHDR' 16 13
2025-08-14 12:37:43,876 - STREAM b'sRGB' 41 1
2025-08-14 12:37:43,876 - STREAM b'gAMA' 54 4
2025-08-14 12:37:43,876 - STREAM b'pHYs' 70 9
2025-08-14 12:37:43,876 - STREAM b'IDAT' 91 65445
2025-08-14 12:37:43,904 - STREAM b'IHDR' 16 13
2025-08-14 12:37:43,904 - STREAM b'sRGB' 41 1
2025-08-14 12:37:43,904 - STREAM b'gAMA' 54 4
2025-08-14 12:37:43,904 - STREAM b'pHYs' 70 9
2025-08-14 12:37:43,904 - STREAM b'IDAT' 91 65445
2025-08-14 12:37:43,925 - STREAM b'IHDR' 16 13
2025-08-14 12:37:43,925 - STREAM b'sRGB' 41 1
2025-08-14 12:37:43,925 - STREAM b'gAMA' 54 4
2025-08-14 12:37:43,925 - STREAM b'pHYs' 70 9
2025-08-14 12:37:43,925 - STREAM b'IDAT' 91 65445
2025-08-14 12:37:43,947 - STREAM b'IHDR' 16 13
2025-08-14 12:37:43,947 - STREAM b'sRGB' 41 1
2025-08-14 12:37:43,947 - STREAM b'gAMA' 54 4
2025-08-14 12:37:43,947 - STREAM b'pHYs' 70 9
2025-08-14 12:37:43,947 - STREAM b'IDAT' 91 65445
2025-08-14 12:37:43,966 - STREAM b'IHDR' 16 13
2025-08-14 12:37:43,966 - STREAM b'sRGB' 41 1
2025-08-14 12:37:43,966 - STREAM b'gAMA' 54 4
2025-08-14 12:37:43,966 - STREAM b'pHYs' 70 9
2025-08-14 12:37:43,966 - STREAM b'IDAT' 91 65445
2025-08-14 12:37:43,985 - STREAM b'IHDR' 16 13
2025-08-14 12:37:43,985 - STREAM b'sRGB' 41 1
2025-08-14 12:37:43,985 - STREAM b'gAMA' 54 4
2025-08-14 12:37:43,985 - STREAM b'pHYs' 70 9
2025-08-14 12:37:43,985 - STREAM b'IDAT' 91 65445
2025-08-14 12:37:44,013 - STREAM b'IHDR' 16 13
2025-08-14 12:37:44,013 - STREAM b'sRGB' 41 1
2025-08-14 12:37:44,013 - STREAM b'gAMA' 54 4
2025-08-14 12:37:44,013 - STREAM b'pHYs' 70 9
2025-08-14 12:37:44,013 - STREAM b'IDAT' 91 65445
2025-08-14 12:37:44,029 - STREAM b'IHDR' 16 13
2025-08-14 12:37:44,034 - STREAM b'sRGB' 41 1
2025-08-14 12:37:44,034 - STREAM b'gAMA' 54 4
2025-08-14 12:37:44,034 - STREAM b'pHYs' 70 9
2025-08-14 12:37:44,034 - STREAM b'IDAT' 91 65445
2025-08-14 12:37:44,054 - STREAM b'IHDR' 16 13
2025-08-14 12:37:44,054 - STREAM b'sRGB' 41 1
2025-08-14 12:37:44,054 - STREAM b'gAMA' 54 4
2025-08-14 12:37:44,054 - STREAM b'pHYs' 70 9
2025-08-14 12:37:44,054 - STREAM b'IDAT' 91 65445
2025-08-14 12:37:44,075 - STREAM b'IHDR' 16 13
2025-08-14 12:37:44,075 - STREAM b'sRGB' 41 1
2025-08-14 12:37:44,075 - STREAM b'gAMA' 54 4
2025-08-14 12:37:44,075 - STREAM b'pHYs' 70 9
2025-08-14 12:37:44,075 - STREAM b'IDAT' 91 65445
2025-08-14 12:37:44,099 - STREAM b'IHDR' 16 13
2025-08-14 12:37:44,099 - STREAM b'sRGB' 41 1
2025-08-14 12:37:44,099 - STREAM b'gAMA' 54 4
2025-08-14 12:37:44,099 - STREAM b'pHYs' 70 9
2025-08-14 12:37:44,099 - STREAM b'IDAT' 91 65445
2025-08-14 12:37:44,121 - STREAM b'IHDR' 16 13
2025-08-14 12:37:44,121 - STREAM b'sRGB' 41 1
2025-08-14 12:37:44,121 - STREAM b'gAMA' 54 4
2025-08-14 12:37:44,121 - STREAM b'pHYs' 70 9
2025-08-14 12:37:44,121 - STREAM b'IDAT' 91 65445
2025-08-14 12:37:44,135 - STREAM b'IHDR' 16 13
2025-08-14 12:37:44,135 - STREAM b'sRGB' 41 1
2025-08-14 12:37:44,135 - STREAM b'gAMA' 54 4
2025-08-14 12:37:44,135 - STREAM b'pHYs' 70 9
2025-08-14 12:37:44,135 - STREAM b'IDAT' 91 65445
2025-08-14 12:37:44,155 - STREAM b'IHDR' 16 13
2025-08-14 12:37:44,155 - STREAM b'sRGB' 41 1
2025-08-14 12:37:44,155 - STREAM b'gAMA' 54 4
2025-08-14 12:37:44,155 - STREAM b'pHYs' 70 9
2025-08-14 12:37:44,155 - STREAM b'IDAT' 91 65445
2025-08-14 12:37:44,185 - STREAM b'IHDR' 16 13
2025-08-14 12:37:44,185 - STREAM b'sRGB' 41 1
2025-08-14 12:37:44,185 - STREAM b'gAMA' 54 4
2025-08-14 12:37:44,185 - STREAM b'pHYs' 70 9
2025-08-14 12:37:44,185 - STREAM b'IDAT' 91 65445
2025-08-14 12:37:44,207 - STREAM b'IHDR' 16 13
2025-08-14 12:37:44,207 - STREAM b'sRGB' 41 1
2025-08-14 12:37:44,207 - STREAM b'gAMA' 54 4
2025-08-14 12:37:44,207 - STREAM b'pHYs' 70 9
2025-08-14 12:37:44,207 - STREAM b'IDAT' 91 65445
2025-08-14 12:37:44,224 - STREAM b'IHDR' 16 13
2025-08-14 12:37:44,224 - STREAM b'sRGB' 41 1
2025-08-14 12:37:44,224 - STREAM b'gAMA' 54 4
2025-08-14 12:37:44,224 - STREAM b'pHYs' 70 9
2025-08-14 12:37:44,224 - STREAM b'IDAT' 91 65445
2025-08-14 12:37:44,249 - STREAM b'IHDR' 16 13
2025-08-14 12:37:44,249 - STREAM b'sRGB' 41 1
2025-08-14 12:37:44,249 - STREAM b'gAMA' 54 4
2025-08-14 12:37:44,249 - STREAM b'pHYs' 70 9
2025-08-14 12:37:44,249 - STREAM b'IDAT' 91 65445
2025-08-14 12:37:44,267 - STREAM b'IHDR' 16 13
2025-08-14 12:37:44,267 - STREAM b'sRGB' 41 1
2025-08-14 12:37:44,267 - STREAM b'gAMA' 54 4
2025-08-14 12:37:44,267 - STREAM b'pHYs' 70 9
2025-08-14 12:37:44,267 - STREAM b'IDAT' 91 65445
2025-08-14 12:37:44,292 - STREAM b'IHDR' 16 13
2025-08-14 12:37:44,292 - STREAM b'sRGB' 41 1
2025-08-14 12:37:44,292 - STREAM b'gAMA' 54 4
2025-08-14 12:37:44,292 - STREAM b'pHYs' 70 9
2025-08-14 12:37:44,292 - STREAM b'IDAT' 91 65445
2025-08-14 12:37:44,313 - STREAM b'IHDR' 16 13
2025-08-14 12:37:44,313 - STREAM b'sRGB' 41 1
2025-08-14 12:37:44,313 - STREAM b'gAMA' 54 4
2025-08-14 12:37:44,313 - STREAM b'pHYs' 70 9
2025-08-14 12:37:44,313 - STREAM b'IDAT' 91 65445
2025-08-14 12:37:44,336 - STREAM b'IHDR' 16 13
2025-08-14 12:37:44,336 - STREAM b'sRGB' 41 1
2025-08-14 12:37:44,336 - STREAM b'gAMA' 54 4
2025-08-14 12:37:44,336 - STREAM b'pHYs' 70 9
2025-08-14 12:37:44,336 - STREAM b'IDAT' 91 65445
2025-08-14 12:37:44,357 - STREAM b'IHDR' 16 13
2025-08-14 12:37:44,357 - STREAM b'sRGB' 41 1
2025-08-14 12:37:44,357 - STREAM b'gAMA' 54 4
2025-08-14 12:37:44,357 - STREAM b'pHYs' 70 9
2025-08-14 12:37:44,357 - STREAM b'IDAT' 91 65445
2025-08-14 12:37:44,377 - STREAM b'IHDR' 16 13
2025-08-14 12:37:44,377 - STREAM b'sRGB' 41 1
2025-08-14 12:37:44,377 - STREAM b'gAMA' 54 4
2025-08-14 12:37:44,377 - STREAM b'pHYs' 70 9
2025-08-14 12:37:44,377 - STREAM b'IDAT' 91 65445
2025-08-14 12:37:44,398 - STREAM b'IHDR' 16 13
2025-08-14 12:37:44,398 - STREAM b'sRGB' 41 1
2025-08-14 12:37:44,398 - STREAM b'gAMA' 54 4
2025-08-14 12:37:44,398 - STREAM b'pHYs' 70 9
2025-08-14 12:37:44,398 - STREAM b'IDAT' 91 65445
2025-08-14 12:37:44,419 - STREAM b'IHDR' 16 13
2025-08-14 12:37:44,419 - STREAM b'sRGB' 41 1
2025-08-14 12:37:44,424 - STREAM b'gAMA' 54 4
2025-08-14 12:37:44,424 - STREAM b'pHYs' 70 9
2025-08-14 12:37:44,424 - STREAM b'IDAT' 91 65445
2025-08-14 12:37:44,442 - STREAM b'IHDR' 16 13
2025-08-14 12:37:44,442 - STREAM b'sRGB' 41 1
2025-08-14 12:37:44,442 - STREAM b'gAMA' 54 4
2025-08-14 12:37:44,442 - STREAM b'pHYs' 70 9
2025-08-14 12:37:44,442 - STREAM b'IDAT' 91 65445
2025-08-14 12:37:44,465 - STREAM b'IHDR' 16 13
2025-08-14 12:37:44,465 - STREAM b'sRGB' 41 1
2025-08-14 12:37:44,465 - STREAM b'gAMA' 54 4
2025-08-14 12:37:44,465 - STREAM b'pHYs' 70 9
2025-08-14 12:37:44,465 - STREAM b'IDAT' 91 65445
2025-08-14 12:37:44,488 - STREAM b'IHDR' 16 13
2025-08-14 12:37:44,488 - STREAM b'sRGB' 41 1
2025-08-14 12:37:44,488 - STREAM b'gAMA' 54 4
2025-08-14 12:37:44,488 - STREAM b'pHYs' 70 9
2025-08-14 12:37:44,488 - STREAM b'IDAT' 91 65445
2025-08-14 12:37:44,508 - STREAM b'IHDR' 16 13
2025-08-14 12:37:44,508 - STREAM b'sRGB' 41 1
2025-08-14 12:37:44,508 - STREAM b'gAMA' 54 4
2025-08-14 12:37:44,508 - STREAM b'pHYs' 70 9
2025-08-14 12:37:44,508 - STREAM b'IDAT' 91 65445
2025-08-14 12:37:44,523 - STREAM b'IHDR' 16 13
2025-08-14 12:37:44,523 - STREAM b'sRGB' 41 1
2025-08-14 12:37:44,523 - STREAM b'gAMA' 54 4
2025-08-14 12:37:44,523 - STREAM b'pHYs' 70 9
2025-08-14 12:37:44,523 - STREAM b'IDAT' 91 65445
2025-08-14 12:37:44,551 - STREAM b'IHDR' 16 13
2025-08-14 12:37:44,551 - STREAM b'sRGB' 41 1
2025-08-14 12:37:44,551 - STREAM b'gAMA' 54 4
2025-08-14 12:37:44,551 - STREAM b'pHYs' 70 9
2025-08-14 12:37:44,551 - STREAM b'IDAT' 91 65445
2025-08-14 12:37:44,571 - STREAM b'IHDR' 16 13
2025-08-14 12:37:44,571 - STREAM b'sRGB' 41 1
2025-08-14 12:37:44,571 - STREAM b'gAMA' 54 4
2025-08-14 12:37:44,571 - STREAM b'pHYs' 70 9
2025-08-14 12:37:44,571 - STREAM b'IDAT' 91 65445
2025-08-14 12:37:44,592 - STREAM b'IHDR' 16 13
2025-08-14 12:37:44,592 - STREAM b'sRGB' 41 1
2025-08-14 12:37:44,592 - STREAM b'gAMA' 54 4
2025-08-14 12:37:44,592 - STREAM b'pHYs' 70 9
2025-08-14 12:37:44,592 - STREAM b'IDAT' 91 65445
2025-08-14 12:37:44,613 - STREAM b'IHDR' 16 13
2025-08-14 12:37:44,613 - STREAM b'sRGB' 41 1
2025-08-14 12:37:44,613 - STREAM b'gAMA' 54 4
2025-08-14 12:37:44,613 - STREAM b'pHYs' 70 9
2025-08-14 12:37:44,613 - STREAM b'IDAT' 91 65445
2025-08-14 12:37:44,637 - STREAM b'IHDR' 16 13
2025-08-14 12:37:44,637 - STREAM b'sRGB' 41 1
2025-08-14 12:37:44,637 - STREAM b'gAMA' 54 4
2025-08-14 12:37:44,637 - STREAM b'pHYs' 70 9
2025-08-14 12:37:44,637 - STREAM b'IDAT' 91 65445
2025-08-14 12:37:44,658 - STREAM b'IHDR' 16 13
2025-08-14 12:37:44,658 - STREAM b'sRGB' 41 1
2025-08-14 12:37:44,658 - STREAM b'gAMA' 54 4
2025-08-14 12:37:44,660 - STREAM b'pHYs' 70 9
2025-08-14 12:37:44,660 - STREAM b'IDAT' 91 65445
2025-08-14 12:37:44,680 - STREAM b'IHDR' 16 13
2025-08-14 12:37:44,680 - STREAM b'sRGB' 41 1
2025-08-14 12:37:44,680 - STREAM b'gAMA' 54 4
2025-08-14 12:37:44,680 - STREAM b'pHYs' 70 9
2025-08-14 12:37:44,680 - STREAM b'IDAT' 91 65445
2025-08-14 12:37:44,694 - STREAM b'IHDR' 16 13
2025-08-14 12:37:44,704 - STREAM b'sRGB' 41 1
2025-08-14 12:37:44,704 - STREAM b'gAMA' 54 4
2025-08-14 12:37:44,704 - STREAM b'pHYs' 70 9
2025-08-14 12:37:44,704 - STREAM b'IDAT' 91 65445
2025-08-14 12:37:44,726 - STREAM b'IHDR' 16 13
2025-08-14 12:37:44,726 - STREAM b'sRGB' 41 1
2025-08-14 12:37:44,726 - STREAM b'gAMA' 54 4
2025-08-14 12:37:44,726 - STREAM b'pHYs' 70 9
2025-08-14 12:37:44,726 - STREAM b'IDAT' 91 65445
2025-08-14 12:37:44,747 - STREAM b'IHDR' 16 13
2025-08-14 12:37:44,747 - STREAM b'sRGB' 41 1
2025-08-14 12:37:44,747 - STREAM b'gAMA' 54 4
2025-08-14 12:37:44,747 - STREAM b'pHYs' 70 9
2025-08-14 12:37:44,747 - STREAM b'IDAT' 91 65445
2025-08-14 12:37:44,768 - STREAM b'IHDR' 16 13
2025-08-14 12:37:44,768 - STREAM b'sRGB' 41 1
2025-08-14 12:37:44,768 - STREAM b'gAMA' 54 4
2025-08-14 12:37:44,768 - STREAM b'pHYs' 70 9
2025-08-14 12:37:44,768 - STREAM b'IDAT' 91 65445
2025-08-14 12:37:44,786 - STREAM b'IHDR' 16 13
2025-08-14 12:37:44,786 - STREAM b'sRGB' 41 1
2025-08-14 12:37:44,786 - STREAM b'gAMA' 54 4
2025-08-14 12:37:44,786 - STREAM b'pHYs' 70 9
2025-08-14 12:37:44,786 - STREAM b'IDAT' 91 65445
2025-08-14 12:37:44,813 - STREAM b'IHDR' 16 13
2025-08-14 12:37:44,813 - STREAM b'sRGB' 41 1
2025-08-14 12:37:44,813 - STREAM b'gAMA' 54 4
2025-08-14 12:37:44,813 - STREAM b'pHYs' 70 9
2025-08-14 12:37:44,813 - STREAM b'IDAT' 91 65445
2025-08-14 12:37:44,828 - STREAM b'IHDR' 16 13
2025-08-14 12:37:44,828 - STREAM b'sRGB' 41 1
2025-08-14 12:37:44,828 - STREAM b'gAMA' 54 4
2025-08-14 12:37:44,828 - STREAM b'pHYs' 70 9
2025-08-14 12:37:44,828 - STREAM b'IDAT' 91 65445
2025-08-14 12:37:44,855 - STREAM b'IHDR' 16 13
2025-08-14 12:37:44,855 - STREAM b'sRGB' 41 1
2025-08-14 12:37:44,855 - STREAM b'gAMA' 54 4
2025-08-14 12:37:44,855 - STREAM b'pHYs' 70 9
2025-08-14 12:37:44,855 - STREAM b'IDAT' 91 65445
2025-08-14 12:37:44,869 - STREAM b'IHDR' 16 13
2025-08-14 12:37:44,869 - STREAM b'sRGB' 41 1
2025-08-14 12:37:44,869 - STREAM b'gAMA' 54 4
2025-08-14 12:37:44,869 - STREAM b'pHYs' 70 9
2025-08-14 12:37:44,869 - STREAM b'IDAT' 91 65445
2025-08-14 12:37:44,889 - STREAM b'IHDR' 16 13
2025-08-14 12:37:44,889 - STREAM b'sRGB' 41 1
2025-08-14 12:37:44,889 - STREAM b'gAMA' 54 4
2025-08-14 12:37:44,889 - STREAM b'pHYs' 70 9
2025-08-14 12:37:44,889 - STREAM b'IDAT' 91 65445
2025-08-14 12:37:44,913 - STREAM b'IHDR' 16 13
2025-08-14 12:37:44,913 - STREAM b'sRGB' 41 1
2025-08-14 12:37:44,913 - STREAM b'gAMA' 54 4
2025-08-14 12:37:44,913 - STREAM b'pHYs' 70 9
2025-08-14 12:37:44,913 - STREAM b'IDAT' 91 65445
2025-08-14 12:37:44,931 - STREAM b'IHDR' 16 13
2025-08-14 12:37:44,931 - STREAM b'sRGB' 41 1
2025-08-14 12:37:44,931 - STREAM b'gAMA' 54 4
2025-08-14 12:37:44,931 - STREAM b'pHYs' 70 9
2025-08-14 12:37:44,931 - STREAM b'IDAT' 91 65445
2025-08-14 12:37:44,961 - STREAM b'IHDR' 16 13
2025-08-14 12:37:44,961 - STREAM b'sRGB' 41 1
2025-08-14 12:37:44,961 - STREAM b'gAMA' 54 4
2025-08-14 12:37:44,961 - STREAM b'pHYs' 70 9
2025-08-14 12:37:44,961 - STREAM b'IDAT' 91 65445
2025-08-14 12:37:44,983 - STREAM b'IHDR' 16 13
2025-08-14 12:37:44,983 - STREAM b'sRGB' 41 1
2025-08-14 12:37:44,983 - STREAM b'gAMA' 54 4
2025-08-14 12:37:44,983 - STREAM b'pHYs' 70 9
2025-08-14 12:37:44,983 - STREAM b'IDAT' 91 65445
2025-08-14 12:37:45,002 - STREAM b'IHDR' 16 13
2025-08-14 12:37:45,002 - STREAM b'sRGB' 41 1
2025-08-14 12:37:45,002 - STREAM b'gAMA' 54 4
2025-08-14 12:37:45,002 - STREAM b'pHYs' 70 9
2025-08-14 12:37:45,002 - STREAM b'IDAT' 91 65445
2025-08-14 12:37:45,025 - STREAM b'IHDR' 16 13
2025-08-14 12:37:45,025 - STREAM b'sRGB' 41 1
2025-08-14 12:37:45,025 - STREAM b'gAMA' 54 4
2025-08-14 12:37:45,025 - STREAM b'pHYs' 70 9
2025-08-14 12:37:45,025 - STREAM b'IDAT' 91 65445
2025-08-14 12:37:45,044 - STREAM b'IHDR' 16 13
2025-08-14 12:37:45,044 - STREAM b'sRGB' 41 1
2025-08-14 12:37:45,044 - STREAM b'gAMA' 54 4
2025-08-14 12:37:45,044 - STREAM b'pHYs' 70 9
2025-08-14 12:37:45,044 - STREAM b'IDAT' 91 65445
2025-08-14 12:37:45,064 - STREAM b'IHDR' 16 13
2025-08-14 12:37:45,064 - STREAM b'sRGB' 41 1
2025-08-14 12:37:45,064 - STREAM b'gAMA' 54 4
2025-08-14 12:37:45,064 - STREAM b'pHYs' 70 9
2025-08-14 12:37:45,064 - STREAM b'IDAT' 91 65445
2025-08-14 12:37:45,084 - STREAM b'IHDR' 16 13
2025-08-14 12:37:45,084 - STREAM b'sRGB' 41 1
2025-08-14 12:37:45,084 - STREAM b'gAMA' 54 4
2025-08-14 12:37:45,084 - STREAM b'pHYs' 70 9
2025-08-14 12:37:45,084 - STREAM b'IDAT' 91 65445
2025-08-14 12:37:45,113 - STREAM b'IHDR' 16 13
2025-08-14 12:37:45,113 - STREAM b'sRGB' 41 1
2025-08-14 12:37:45,113 - STREAM b'gAMA' 54 4
2025-08-14 12:37:45,113 - STREAM b'pHYs' 70 9
2025-08-14 12:37:45,113 - STREAM b'IDAT' 91 65445
2025-08-14 12:37:45,125 - STREAM b'IHDR' 16 13
2025-08-14 12:37:45,125 - STREAM b'sRGB' 41 1
2025-08-14 12:37:45,125 - STREAM b'gAMA' 54 4
2025-08-14 12:37:45,135 - STREAM b'pHYs' 70 9
2025-08-14 12:37:45,135 - STREAM b'IDAT' 91 65445
2025-08-14 12:37:45,156 - STREAM b'IHDR' 16 13
2025-08-14 12:37:45,156 - STREAM b'sRGB' 41 1
2025-08-14 12:37:45,156 - STREAM b'gAMA' 54 4
2025-08-14 12:37:45,156 - STREAM b'pHYs' 70 9
2025-08-14 12:37:45,156 - STREAM b'IDAT' 91 65445
2025-08-14 12:37:45,176 - STREAM b'IHDR' 16 13
2025-08-14 12:37:45,176 - STREAM b'sRGB' 41 1
2025-08-14 12:37:45,176 - STREAM b'gAMA' 54 4
2025-08-14 12:37:45,176 - STREAM b'pHYs' 70 9
2025-08-14 12:37:45,176 - STREAM b'IDAT' 91 65445
2025-08-14 12:37:45,197 - STREAM b'IHDR' 16 13
2025-08-14 12:37:45,197 - STREAM b'sRGB' 41 1
2025-08-14 12:37:45,197 - STREAM b'gAMA' 54 4
2025-08-14 12:37:45,197 - STREAM b'pHYs' 70 9
2025-08-14 12:37:45,197 - STREAM b'IDAT' 91 65445
2025-08-14 12:37:45,217 - STREAM b'IHDR' 16 13
2025-08-14 12:37:45,217 - STREAM b'sRGB' 41 1
2025-08-14 12:37:45,217 - STREAM b'gAMA' 54 4
2025-08-14 12:37:45,217 - STREAM b'pHYs' 70 9
2025-08-14 12:37:45,217 - STREAM b'IDAT' 91 65445
2025-08-14 12:37:45,238 - STREAM b'IHDR' 16 13
2025-08-14 12:37:45,238 - STREAM b'sRGB' 41 1
2025-08-14 12:37:45,238 - STREAM b'gAMA' 54 4
2025-08-14 12:37:45,238 - STREAM b'pHYs' 70 9
2025-08-14 12:37:45,238 - STREAM b'IDAT' 91 65445
2025-08-14 12:37:45,258 - STREAM b'IHDR' 16 13
2025-08-14 12:37:45,258 - STREAM b'sRGB' 41 1
2025-08-14 12:37:45,258 - STREAM b'gAMA' 54 4
2025-08-14 12:37:45,258 - STREAM b'pHYs' 70 9
2025-08-14 12:37:45,258 - STREAM b'IDAT' 91 65445
2025-08-14 12:37:45,281 - STREAM b'IHDR' 16 13
2025-08-14 12:37:45,281 - STREAM b'sRGB' 41 1
2025-08-14 12:37:45,281 - STREAM b'gAMA' 54 4
2025-08-14 12:37:45,281 - STREAM b'pHYs' 70 9
2025-08-14 12:37:45,281 - STREAM b'IDAT' 91 65445
2025-08-14 12:37:45,299 - STREAM b'IHDR' 16 13
2025-08-14 12:37:45,299 - STREAM b'sRGB' 41 1
2025-08-14 12:37:45,299 - STREAM b'gAMA' 54 4
2025-08-14 12:37:45,299 - STREAM b'pHYs' 70 9
2025-08-14 12:37:45,299 - STREAM b'IDAT' 91 65445
2025-08-14 12:37:45,320 - STREAM b'IHDR' 16 13
2025-08-14 12:37:45,320 - STREAM b'sRGB' 41 1
2025-08-14 12:37:45,320 - STREAM b'gAMA' 54 4
2025-08-14 12:37:45,320 - STREAM b'pHYs' 70 9
2025-08-14 12:37:45,320 - STREAM b'IDAT' 91 65445
2025-08-14 12:37:45,340 - STREAM b'IHDR' 16 13
2025-08-14 12:37:45,340 - STREAM b'sRGB' 41 1
2025-08-14 12:37:45,340 - STREAM b'gAMA' 54 4
2025-08-14 12:37:45,340 - STREAM b'pHYs' 70 9
2025-08-14 12:37:45,350 - STREAM b'IDAT' 91 65445
2025-08-14 12:37:45,371 - STREAM b'IHDR' 16 13
2025-08-14 12:37:45,371 - STREAM b'sRGB' 41 1
2025-08-14 12:37:45,371 - STREAM b'gAMA' 54 4
2025-08-14 12:37:45,371 - STREAM b'pHYs' 70 9
2025-08-14 12:37:45,371 - STREAM b'IDAT' 91 65445
2025-08-14 12:37:45,392 - STREAM b'IHDR' 16 13
2025-08-14 12:37:45,392 - STREAM b'sRGB' 41 1
2025-08-14 12:37:45,392 - STREAM b'gAMA' 54 4
2025-08-14 12:37:45,392 - STREAM b'pHYs' 70 9
2025-08-14 12:37:45,392 - STREAM b'IDAT' 91 65445
2025-08-14 12:37:45,414 - STREAM b'IHDR' 16 13
2025-08-14 12:37:45,414 - STREAM b'sRGB' 41 1
2025-08-14 12:37:45,414 - STREAM b'gAMA' 54 4
2025-08-14 12:37:45,414 - STREAM b'pHYs' 70 9
2025-08-14 12:37:45,414 - STREAM b'IDAT' 91 65445
2025-08-14 12:37:45,432 - STREAM b'IHDR' 16 13
2025-08-14 12:37:45,432 - STREAM b'sRGB' 41 1
2025-08-14 12:37:45,432 - STREAM b'gAMA' 54 4
2025-08-14 12:37:45,432 - STREAM b'pHYs' 70 9
2025-08-14 12:37:45,432 - STREAM b'IDAT' 91 65445
2025-08-14 12:37:45,459 - STREAM b'IHDR' 16 13
2025-08-14 12:37:45,459 - STREAM b'sRGB' 41 1
2025-08-14 12:37:45,459 - STREAM b'gAMA' 54 4
2025-08-14 12:37:45,459 - STREAM b'pHYs' 70 9
2025-08-14 12:37:45,459 - STREAM b'IDAT' 91 65445
2025-08-14 12:37:45,479 - STREAM b'IHDR' 16 13
2025-08-14 12:37:45,479 - STREAM b'sRGB' 41 1
2025-08-14 12:37:45,479 - STREAM b'gAMA' 54 4
2025-08-14 12:37:45,479 - STREAM b'pHYs' 70 9
2025-08-14 12:37:45,479 - STREAM b'IDAT' 91 65445
2025-08-14 12:37:45,495 - STREAM b'IHDR' 16 13
2025-08-14 12:37:45,495 - STREAM b'sRGB' 41 1
2025-08-14 12:37:45,495 - STREAM b'gAMA' 54 4
2025-08-14 12:37:45,495 - STREAM b'pHYs' 70 9
2025-08-14 12:37:45,495 - STREAM b'IDAT' 91 65445
2025-08-14 12:37:45,514 - STREAM b'IHDR' 16 13
2025-08-14 12:37:45,514 - STREAM b'sRGB' 41 1
2025-08-14 12:37:45,514 - STREAM b'gAMA' 54 4
2025-08-14 12:37:45,514 - STREAM b'pHYs' 70 9
2025-08-14 12:37:45,514 - STREAM b'IDAT' 91 65445
2025-08-14 12:37:45,543 - STREAM b'IHDR' 16 13
2025-08-14 12:37:45,543 - STREAM b'sRGB' 41 1
2025-08-14 12:37:45,543 - STREAM b'gAMA' 54 4
2025-08-14 12:37:45,543 - STREAM b'pHYs' 70 9
2025-08-14 12:37:45,543 - STREAM b'IDAT' 91 65445
2025-08-14 12:37:45,558 - STREAM b'IHDR' 16 13
2025-08-14 12:37:45,558 - STREAM b'sRGB' 41 1
2025-08-14 12:37:45,558 - STREAM b'gAMA' 54 4
2025-08-14 12:37:45,558 - STREAM b'pHYs' 70 9
2025-08-14 12:37:45,558 - STREAM b'IDAT' 91 65445
2025-08-14 12:37:45,574 - STREAM b'IHDR' 16 13
2025-08-14 12:37:45,574 - STREAM b'sRGB' 41 1
2025-08-14 12:37:45,574 - STREAM b'gAMA' 54 4
2025-08-14 12:37:45,574 - STREAM b'pHYs' 70 9
2025-08-14 12:37:45,574 - STREAM b'IDAT' 91 65445
2025-08-14 12:37:45,606 - STREAM b'IHDR' 16 13
2025-08-14 12:37:45,606 - STREAM b'sRGB' 41 1
2025-08-14 12:37:45,606 - STREAM b'gAMA' 54 4
2025-08-14 12:37:45,606 - STREAM b'pHYs' 70 9
2025-08-14 12:37:45,606 - STREAM b'IDAT' 91 65445
2025-08-14 12:37:45,622 - STREAM b'IHDR' 16 13
2025-08-14 12:37:45,622 - STREAM b'sRGB' 41 1
2025-08-14 12:37:45,622 - STREAM b'gAMA' 54 4
2025-08-14 12:37:45,622 - STREAM b'pHYs' 70 9
2025-08-14 12:37:45,622 - STREAM b'IDAT' 91 65445
2025-08-14 12:37:45,638 - STREAM b'IHDR' 16 13
2025-08-14 12:37:45,638 - STREAM b'sRGB' 41 1
2025-08-14 12:37:45,638 - STREAM b'gAMA' 54 4
2025-08-14 12:37:45,638 - STREAM b'pHYs' 70 9
2025-08-14 12:37:45,638 - STREAM b'IDAT' 91 65445
2025-08-14 12:37:45,670 - STREAM b'IHDR' 16 13
2025-08-14 12:37:45,670 - STREAM b'sRGB' 41 1
2025-08-14 12:37:45,670 - STREAM b'gAMA' 54 4
2025-08-14 12:37:45,670 - STREAM b'pHYs' 70 9
2025-08-14 12:37:45,670 - STREAM b'IDAT' 91 65445
2025-08-14 12:37:45,686 - STREAM b'IHDR' 16 13
2025-08-14 12:37:45,686 - STREAM b'sRGB' 41 1
2025-08-14 12:37:45,686 - STREAM b'gAMA' 54 4
2025-08-14 12:37:45,686 - STREAM b'pHYs' 70 9
2025-08-14 12:37:45,686 - STREAM b'IDAT' 91 65445
2025-08-14 12:37:45,714 - STREAM b'IHDR' 16 13
2025-08-14 12:37:45,714 - STREAM b'sRGB' 41 1
2025-08-14 12:37:45,714 - STREAM b'gAMA' 54 4
2025-08-14 12:37:45,714 - STREAM b'pHYs' 70 9
2025-08-14 12:37:45,714 - STREAM b'IDAT' 91 65445
2025-08-14 12:37:45,736 - STREAM b'IHDR' 16 13
2025-08-14 12:37:45,736 - STREAM b'sRGB' 41 1
2025-08-14 12:37:45,736 - STREAM b'gAMA' 54 4
2025-08-14 12:37:45,736 - STREAM b'pHYs' 70 9
2025-08-14 12:37:45,736 - STREAM b'IDAT' 91 65445
2025-08-14 12:37:45,750 - STREAM b'IHDR' 16 13
2025-08-14 12:37:45,750 - STREAM b'sRGB' 41 1
2025-08-14 12:37:45,750 - STREAM b'gAMA' 54 4
2025-08-14 12:37:45,750 - STREAM b'pHYs' 70 9
2025-08-14 12:37:45,750 - STREAM b'IDAT' 91 65445
2025-08-14 12:37:45,766 - STREAM b'IHDR' 16 13
2025-08-14 12:37:45,766 - STREAM b'sRGB' 41 1
2025-08-14 12:37:45,782 - STREAM b'gAMA' 54 4
2025-08-14 12:37:45,782 - STREAM b'pHYs' 70 9
2025-08-14 12:37:45,782 - STREAM b'IDAT' 91 65445
2025-08-14 12:37:45,797 - STREAM b'IHDR' 16 13
2025-08-14 12:37:45,797 - STREAM b'sRGB' 41 1
2025-08-14 12:37:45,797 - STREAM b'gAMA' 54 4
2025-08-14 12:37:45,797 - STREAM b'pHYs' 70 9
2025-08-14 12:37:45,797 - STREAM b'IDAT' 91 65445
2025-08-14 12:37:45,814 - STREAM b'IHDR' 16 13
2025-08-14 12:37:45,814 - STREAM b'sRGB' 41 1
2025-08-14 12:37:45,814 - STREAM b'gAMA' 54 4
2025-08-14 12:37:45,814 - STREAM b'pHYs' 70 9
2025-08-14 12:37:45,814 - STREAM b'IDAT' 91 65445
2025-08-14 12:37:45,845 - STREAM b'IHDR' 16 13
2025-08-14 12:37:45,845 - STREAM b'sRGB' 41 1
2025-08-14 12:37:45,845 - STREAM b'gAMA' 54 4
2025-08-14 12:37:45,845 - STREAM b'pHYs' 70 9
2025-08-14 12:37:45,845 - STREAM b'IDAT' 91 65445
2025-08-14 12:37:45,861 - STREAM b'IHDR' 16 13
2025-08-14 12:37:45,861 - STREAM b'sRGB' 41 1
2025-08-14 12:37:45,861 - STREAM b'gAMA' 54 4
2025-08-14 12:37:45,861 - STREAM b'pHYs' 70 9
2025-08-14 12:37:45,861 - STREAM b'IDAT' 91 65445
2025-08-14 12:37:45,877 - STREAM b'IHDR' 16 13
2025-08-14 12:37:45,877 - STREAM b'sRGB' 41 1
2025-08-14 12:37:45,877 - STREAM b'gAMA' 54 4
2025-08-14 12:37:45,877 - STREAM b'pHYs' 70 9
2025-08-14 12:37:45,877 - STREAM b'IDAT' 91 65445
