2025-08-14 11:54:16,301 - Logging started - Log file: logs\debug_20250814_115416.log
2025-08-14 11:54:28,412 - Fade logic - postcards: 2, fade_out_enabled: False
2025-08-14 11:54:28,412 - will_create_manual_transition: False, apply_fade_out: False
2025-08-14 11:54:28,463 - STREAM b'IHDR' 16 13
2025-08-14 11:54:28,466 - STREAM b'sRGB' 41 1
2025-08-14 11:54:28,466 - STREAM b'gAMA' 54 4
2025-08-14 11:54:28,466 - STREAM b'pHYs' 70 9
2025-08-14 11:54:28,466 - STREAM b'IDAT' 91 19474
2025-08-14 11:54:28,472 - Skipping fade out effect (manual transition will be used)
2025-08-14 11:54:28,483 - No manual transition, adding front clip directly
2025-08-14 11:54:28,617 - STREAM b'IHDR' 16 13
2025-08-14 11:54:28,617 - STREAM b'sRGB' 41 1
2025-08-14 11:54:28,617 - STREAM b'gAMA' 54 4
2025-08-14 11:54:28,617 - STREAM b'pHYs' 70 9
2025-08-14 11:54:28,617 - STREAM b'IDAT' 91 19474
2025-08-14 11:54:28,653 - STREAM b'IHDR' 16 13
2025-08-14 11:54:28,653 - STREAM b'sRGB' 41 1
2025-08-14 11:54:28,653 - STREAM b'gAMA' 54 4
2025-08-14 11:54:28,653 - STREAM b'pHYs' 70 9
2025-08-14 11:54:28,653 - STREAM b'IDAT' 91 19474
2025-08-14 11:54:28,685 - STREAM b'IHDR' 16 13
2025-08-14 11:54:28,685 - STREAM b'sRGB' 41 1
2025-08-14 11:54:28,685 - STREAM b'gAMA' 54 4
2025-08-14 11:54:28,685 - STREAM b'pHYs' 70 9
2025-08-14 11:54:28,685 - STREAM b'IDAT' 91 19474
2025-08-14 11:54:28,713 - STREAM b'IHDR' 16 13
2025-08-14 11:54:28,713 - STREAM b'sRGB' 41 1
2025-08-14 11:54:28,713 - STREAM b'gAMA' 54 4
2025-08-14 11:54:28,713 - STREAM b'pHYs' 70 9
2025-08-14 11:54:28,713 - STREAM b'IDAT' 91 19474
2025-08-14 11:54:28,754 - STREAM b'IHDR' 16 13
2025-08-14 11:54:28,754 - STREAM b'sRGB' 41 1
2025-08-14 11:54:28,754 - STREAM b'gAMA' 54 4
2025-08-14 11:54:28,754 - STREAM b'pHYs' 70 9
2025-08-14 11:54:28,754 - STREAM b'IDAT' 91 19474
2025-08-14 11:54:28,790 - STREAM b'IHDR' 16 13
2025-08-14 11:54:28,790 - STREAM b'sRGB' 41 1
2025-08-14 11:54:28,790 - STREAM b'gAMA' 54 4
2025-08-14 11:54:28,790 - STREAM b'pHYs' 70 9
2025-08-14 11:54:28,790 - STREAM b'IDAT' 91 19474
2025-08-14 11:54:28,807 - STREAM b'IHDR' 16 13
2025-08-14 11:54:28,823 - STREAM b'sRGB' 41 1
2025-08-14 11:54:28,823 - STREAM b'gAMA' 54 4
2025-08-14 11:54:28,823 - STREAM b'pHYs' 70 9
2025-08-14 11:54:28,823 - STREAM b'IDAT' 91 19474
2025-08-14 11:54:28,856 - STREAM b'IHDR' 16 13
2025-08-14 11:54:28,856 - STREAM b'sRGB' 41 1
2025-08-14 11:54:28,856 - STREAM b'gAMA' 54 4
2025-08-14 11:54:28,856 - STREAM b'pHYs' 70 9
2025-08-14 11:54:28,856 - STREAM b'IDAT' 91 19474
2025-08-14 11:54:28,888 - STREAM b'IHDR' 16 13
2025-08-14 11:54:28,888 - STREAM b'sRGB' 41 1
2025-08-14 11:54:28,888 - STREAM b'gAMA' 54 4
2025-08-14 11:54:28,888 - STREAM b'pHYs' 70 9
2025-08-14 11:54:28,888 - STREAM b'IDAT' 91 19474
2025-08-14 11:54:28,920 - STREAM b'IHDR' 16 13
2025-08-14 11:54:28,920 - STREAM b'sRGB' 41 1
2025-08-14 11:54:28,920 - STREAM b'gAMA' 54 4
2025-08-14 11:54:28,920 - STREAM b'pHYs' 70 9
2025-08-14 11:54:28,920 - STREAM b'IDAT' 91 19474
2025-08-14 11:54:28,950 - STREAM b'IHDR' 16 13
2025-08-14 11:54:28,950 - STREAM b'sRGB' 41 1
2025-08-14 11:54:28,950 - STREAM b'gAMA' 54 4
2025-08-14 11:54:28,956 - STREAM b'pHYs' 70 9
2025-08-14 11:54:28,956 - STREAM b'IDAT' 91 19474
2025-08-14 11:54:28,983 - STREAM b'IHDR' 16 13
2025-08-14 11:54:28,983 - STREAM b'sRGB' 41 1
2025-08-14 11:54:28,983 - STREAM b'gAMA' 54 4
2025-08-14 11:54:28,983 - STREAM b'pHYs' 70 9
2025-08-14 11:54:28,983 - STREAM b'IDAT' 91 19474
2025-08-14 11:54:29,013 - STREAM b'IHDR' 16 13
2025-08-14 11:54:29,013 - STREAM b'sRGB' 41 1
2025-08-14 11:54:29,013 - STREAM b'gAMA' 54 4
2025-08-14 11:54:29,013 - STREAM b'pHYs' 70 9
2025-08-14 11:54:29,013 - STREAM b'IDAT' 91 19474
2025-08-14 11:54:29,055 - STREAM b'IHDR' 16 13
2025-08-14 11:54:29,055 - STREAM b'sRGB' 41 1
2025-08-14 11:54:29,055 - STREAM b'gAMA' 54 4
2025-08-14 11:54:29,055 - STREAM b'pHYs' 70 9
2025-08-14 11:54:29,055 - STREAM b'IDAT' 91 19474
2025-08-14 11:54:29,084 - STREAM b'IHDR' 16 13
2025-08-14 11:54:29,084 - STREAM b'sRGB' 41 1
2025-08-14 11:54:29,092 - STREAM b'gAMA' 54 4
2025-08-14 11:54:29,092 - STREAM b'pHYs' 70 9
2025-08-14 11:54:29,092 - STREAM b'IDAT' 91 19474
2025-08-14 11:54:29,125 - STREAM b'IHDR' 16 13
2025-08-14 11:54:29,125 - STREAM b'sRGB' 41 1
2025-08-14 11:54:29,125 - STREAM b'gAMA' 54 4
2025-08-14 11:54:29,125 - STREAM b'pHYs' 70 9
2025-08-14 11:54:29,125 - STREAM b'IDAT' 91 19474
2025-08-14 11:54:29,156 - STREAM b'IHDR' 16 13
2025-08-14 11:54:29,156 - STREAM b'sRGB' 41 1
2025-08-14 11:54:29,156 - STREAM b'gAMA' 54 4
2025-08-14 11:54:29,156 - STREAM b'pHYs' 70 9
2025-08-14 11:54:29,156 - STREAM b'IDAT' 91 19474
2025-08-14 11:54:29,190 - STREAM b'IHDR' 16 13
2025-08-14 11:54:29,190 - STREAM b'sRGB' 41 1
2025-08-14 11:54:29,190 - STREAM b'gAMA' 54 4
2025-08-14 11:54:29,193 - STREAM b'pHYs' 70 9
2025-08-14 11:54:29,193 - STREAM b'IDAT' 91 19474
2025-08-14 11:54:29,220 - STREAM b'IHDR' 16 13
2025-08-14 11:54:29,220 - STREAM b'sRGB' 41 1
2025-08-14 11:54:29,220 - STREAM b'gAMA' 54 4
2025-08-14 11:54:29,220 - STREAM b'pHYs' 70 9
2025-08-14 11:54:29,220 - STREAM b'IDAT' 91 19474
2025-08-14 11:54:29,253 - STREAM b'IHDR' 16 13
2025-08-14 11:54:29,253 - STREAM b'sRGB' 41 1
2025-08-14 11:54:29,253 - STREAM b'gAMA' 54 4
2025-08-14 11:54:29,253 - STREAM b'pHYs' 70 9
2025-08-14 11:54:29,253 - STREAM b'IDAT' 91 19474
2025-08-14 11:54:29,284 - STREAM b'IHDR' 16 13
2025-08-14 11:54:29,284 - STREAM b'sRGB' 41 1
2025-08-14 11:54:29,284 - STREAM b'gAMA' 54 4
2025-08-14 11:54:29,284 - STREAM b'pHYs' 70 9
2025-08-14 11:54:29,284 - STREAM b'IDAT' 91 19474
2025-08-14 11:54:29,325 - STREAM b'IHDR' 16 13
2025-08-14 11:54:29,325 - STREAM b'sRGB' 41 1
2025-08-14 11:54:29,325 - STREAM b'gAMA' 54 4
2025-08-14 11:54:29,325 - STREAM b'pHYs' 70 9
2025-08-14 11:54:29,325 - STREAM b'IDAT' 91 19474
2025-08-14 11:54:29,358 - STREAM b'IHDR' 16 13
2025-08-14 11:54:29,358 - STREAM b'sRGB' 41 1
2025-08-14 11:54:29,358 - STREAM b'gAMA' 54 4
2025-08-14 11:54:29,358 - STREAM b'pHYs' 70 9
2025-08-14 11:54:29,358 - STREAM b'IDAT' 91 19474
2025-08-14 11:54:29,388 - STREAM b'IHDR' 16 13
2025-08-14 11:54:29,388 - STREAM b'sRGB' 41 1
2025-08-14 11:54:29,388 - STREAM b'gAMA' 54 4
2025-08-14 11:54:29,388 - STREAM b'pHYs' 70 9
2025-08-14 11:54:29,388 - STREAM b'IDAT' 91 19474
2025-08-14 11:54:29,419 - STREAM b'IHDR' 16 13
2025-08-14 11:54:29,419 - STREAM b'sRGB' 41 1
2025-08-14 11:54:29,419 - STREAM b'gAMA' 54 4
2025-08-14 11:54:29,419 - STREAM b'pHYs' 70 9
2025-08-14 11:54:29,419 - STREAM b'IDAT' 91 19474
2025-08-14 11:54:29,460 - STREAM b'IHDR' 16 13
2025-08-14 11:54:29,460 - STREAM b'sRGB' 41 1
2025-08-14 11:54:29,460 - STREAM b'gAMA' 54 4
2025-08-14 11:54:29,460 - STREAM b'pHYs' 70 9
2025-08-14 11:54:29,460 - STREAM b'IDAT' 91 19474
2025-08-14 11:54:29,490 - STREAM b'IHDR' 16 13
2025-08-14 11:54:29,490 - STREAM b'sRGB' 41 1
2025-08-14 11:54:29,490 - STREAM b'gAMA' 54 4
2025-08-14 11:54:29,490 - STREAM b'pHYs' 70 9
2025-08-14 11:54:29,490 - STREAM b'IDAT' 91 19474
2025-08-14 11:54:29,524 - STREAM b'IHDR' 16 13
2025-08-14 11:54:29,526 - STREAM b'sRGB' 41 1
2025-08-14 11:54:29,526 - STREAM b'gAMA' 54 4
2025-08-14 11:54:29,526 - STREAM b'pHYs' 70 9
2025-08-14 11:54:29,526 - STREAM b'IDAT' 91 19474
2025-08-14 11:54:29,554 - STREAM b'IHDR' 16 13
2025-08-14 11:54:29,554 - STREAM b'sRGB' 41 1
2025-08-14 11:54:29,554 - STREAM b'gAMA' 54 4
2025-08-14 11:54:29,554 - STREAM b'pHYs' 70 9
2025-08-14 11:54:29,554 - STREAM b'IDAT' 91 19474
2025-08-14 11:54:29,592 - STREAM b'IHDR' 16 13
2025-08-14 11:54:29,592 - STREAM b'sRGB' 41 1
2025-08-14 11:54:29,592 - STREAM b'gAMA' 54 4
2025-08-14 11:54:29,592 - STREAM b'pHYs' 70 9
2025-08-14 11:54:29,592 - STREAM b'IDAT' 91 19474
2025-08-14 11:54:49,624 - STREAM b'IHDR' 16 13
2025-08-14 11:54:49,624 - STREAM b'sRGB' 41 1
2025-08-14 11:54:49,624 - STREAM b'gAMA' 54 4
2025-08-14 11:54:49,624 - STREAM b'pHYs' 70 9
2025-08-14 11:54:49,624 - STREAM b'IDAT' 91 65445
2025-08-14 11:54:49,653 - STREAM b'IHDR' 16 13
2025-08-14 11:54:49,653 - STREAM b'sRGB' 41 1
2025-08-14 11:54:49,653 - STREAM b'gAMA' 54 4
2025-08-14 11:54:49,653 - STREAM b'pHYs' 70 9
2025-08-14 11:54:49,653 - STREAM b'IDAT' 91 19474
2025-08-14 11:54:49,672 - STREAM b'IHDR' 16 13
2025-08-14 11:54:49,672 - STREAM b'sRGB' 41 1
2025-08-14 11:54:49,672 - STREAM b'gAMA' 54 4
2025-08-14 11:54:49,672 - STREAM b'pHYs' 70 9
2025-08-14 11:54:49,672 - STREAM b'IDAT' 91 65445
2025-08-14 11:54:49,690 - STREAM b'IHDR' 16 13
2025-08-14 11:54:49,690 - STREAM b'sRGB' 41 1
2025-08-14 11:54:49,690 - STREAM b'gAMA' 54 4
2025-08-14 11:54:49,690 - STREAM b'pHYs' 70 9
2025-08-14 11:54:49,690 - STREAM b'IDAT' 91 19474
2025-08-14 11:54:49,698 - STREAM b'IHDR' 16 13
2025-08-14 11:54:49,698 - STREAM b'sRGB' 41 1
2025-08-14 11:54:49,698 - STREAM b'gAMA' 54 4
2025-08-14 11:54:49,698 - STREAM b'pHYs' 70 9
2025-08-14 11:54:49,698 - STREAM b'IDAT' 91 65445
2025-08-14 11:54:49,717 - STREAM b'IHDR' 16 13
2025-08-14 11:54:49,717 - STREAM b'sRGB' 41 1
2025-08-14 11:54:49,717 - STREAM b'gAMA' 54 4
2025-08-14 11:54:49,717 - STREAM b'pHYs' 70 9
2025-08-14 11:54:49,717 - STREAM b'IDAT' 91 19474
2025-08-14 11:55:01,694 - STREAM b'IHDR' 16 13
2025-08-14 11:55:01,694 - STREAM b'sRGB' 41 1
2025-08-14 11:55:01,694 - STREAM b'gAMA' 54 4
2025-08-14 11:55:01,694 - STREAM b'pHYs' 70 9
2025-08-14 11:55:01,694 - STREAM b'IDAT' 91 65445
2025-08-14 11:55:01,713 - STREAM b'IHDR' 16 13
2025-08-14 11:55:01,713 - STREAM b'sRGB' 41 1
2025-08-14 11:55:01,713 - STREAM b'gAMA' 54 4
2025-08-14 11:55:01,713 - STREAM b'pHYs' 70 9
2025-08-14 11:55:01,713 - STREAM b'IDAT' 91 19474
2025-08-14 11:55:01,713 - STREAM b'IHDR' 16 13
2025-08-14 11:55:01,713 - STREAM b'sRGB' 41 1
2025-08-14 11:55:01,713 - STREAM b'gAMA' 54 4
2025-08-14 11:55:01,713 - STREAM b'pHYs' 70 9
2025-08-14 11:55:01,713 - STREAM b'IDAT' 91 65445
2025-08-14 11:55:01,724 - STREAM b'IHDR' 16 13
2025-08-14 11:55:01,724 - STREAM b'sRGB' 41 1
2025-08-14 11:55:01,724 - STREAM b'gAMA' 54 4
2025-08-14 11:55:01,740 - STREAM b'pHYs' 70 9
2025-08-14 11:55:01,740 - STREAM b'IDAT' 91 19474
2025-08-14 11:55:01,740 - STREAM b'IHDR' 16 13
2025-08-14 11:55:01,740 - STREAM b'sRGB' 41 1
2025-08-14 11:55:01,740 - STREAM b'gAMA' 54 4
2025-08-14 11:55:01,740 - STREAM b'pHYs' 70 9
2025-08-14 11:55:01,740 - STREAM b'IDAT' 91 65445
2025-08-14 11:55:01,756 - STREAM b'IHDR' 16 13
2025-08-14 11:55:01,756 - STREAM b'sRGB' 41 1
2025-08-14 11:55:01,756 - STREAM b'gAMA' 54 4
2025-08-14 11:55:01,756 - STREAM b'pHYs' 70 9
2025-08-14 11:55:01,756 - STREAM b'IDAT' 91 19474
2025-08-14 11:55:08,305 - Fade logic - postcards: 2, fade_out_enabled: True
2025-08-14 11:55:08,305 - will_create_manual_transition: True, apply_fade_out: False
2025-08-14 11:55:08,321 - STREAM b'IHDR' 16 13
2025-08-14 11:55:08,321 - STREAM b'sRGB' 41 1
2025-08-14 11:55:08,321 - STREAM b'gAMA' 54 4
2025-08-14 11:55:08,321 - STREAM b'pHYs' 70 9
2025-08-14 11:55:08,321 - STREAM b'IDAT' 91 19474
2025-08-14 11:55:08,353 - STREAM b'IHDR' 16 13
2025-08-14 11:55:08,353 - STREAM b'sRGB' 41 1
2025-08-14 11:55:08,353 - STREAM b'gAMA' 54 4
2025-08-14 11:55:08,353 - STREAM b'pHYs' 70 9
2025-08-14 11:55:08,353 - STREAM b'IDAT' 91 19474
2025-08-14 11:55:08,386 - Applied fade in effect to start clip
2025-08-14 11:55:08,386 - Skipping fade out effect (manual transition will be used)
2025-08-14 11:55:08,404 - Creating manual fade transition from start to first postcard
2025-08-14 11:55:08,404 - Creating fade transition: clip1 duration=3.0, transition duration=1.0
2025-08-14 11:55:08,417 - STREAM b'IHDR' 16 13
2025-08-14 11:55:08,417 - STREAM b'sRGB' 41 1
2025-08-14 11:55:08,417 - STREAM b'gAMA' 54 4
2025-08-14 11:55:08,417 - STREAM b'pHYs' 70 9
2025-08-14 11:55:08,417 - STREAM b'IDAT' 91 19474
2025-08-14 11:55:08,448 - Fade transition created with duration=3.0
2025-08-14 11:55:08,448 - Manual transition created, clips now: 3
2025-08-14 11:55:08,590 - STREAM b'IHDR' 16 13
2025-08-14 11:55:08,590 - STREAM b'sRGB' 41 1
2025-08-14 11:55:08,590 - STREAM b'gAMA' 54 4
2025-08-14 11:55:08,590 - STREAM b'pHYs' 70 9
2025-08-14 11:55:08,590 - STREAM b'IDAT' 91 19474
2025-08-14 11:55:08,686 - STREAM b'IHDR' 16 13
2025-08-14 11:55:08,686 - STREAM b'sRGB' 41 1
2025-08-14 11:55:08,686 - STREAM b'gAMA' 54 4
2025-08-14 11:55:08,686 - STREAM b'pHYs' 70 9
2025-08-14 11:55:08,686 - STREAM b'IDAT' 91 19474
2025-08-14 11:55:08,798 - STREAM b'IHDR' 16 13
2025-08-14 11:55:08,798 - STREAM b'sRGB' 41 1
2025-08-14 11:55:08,798 - STREAM b'gAMA' 54 4
2025-08-14 11:55:08,798 - STREAM b'pHYs' 70 9
2025-08-14 11:55:08,798 - STREAM b'IDAT' 91 19474
2025-08-14 11:55:08,893 - STREAM b'IHDR' 16 13
2025-08-14 11:55:08,893 - STREAM b'sRGB' 41 1
2025-08-14 11:55:08,908 - STREAM b'gAMA' 54 4
2025-08-14 11:55:08,908 - STREAM b'pHYs' 70 9
2025-08-14 11:55:08,908 - STREAM b'IDAT' 91 19474
2025-08-14 11:55:09,007 - STREAM b'IHDR' 16 13
2025-08-14 11:55:09,007 - STREAM b'sRGB' 41 1
2025-08-14 11:55:09,007 - STREAM b'gAMA' 54 4
2025-08-14 11:55:09,007 - STREAM b'pHYs' 70 9
2025-08-14 11:55:09,007 - STREAM b'IDAT' 91 19474
2025-08-14 11:55:09,106 - STREAM b'IHDR' 16 13
2025-08-14 11:55:09,106 - STREAM b'sRGB' 41 1
2025-08-14 11:55:09,106 - STREAM b'gAMA' 54 4
2025-08-14 11:55:09,106 - STREAM b'pHYs' 70 9
2025-08-14 11:55:09,106 - STREAM b'IDAT' 91 19474
2025-08-14 11:55:09,142 - STREAM b'IHDR' 16 13
2025-08-14 11:55:09,142 - STREAM b'sRGB' 41 1
2025-08-14 11:55:09,142 - STREAM b'gAMA' 54 4
2025-08-14 11:55:09,142 - STREAM b'pHYs' 70 9
2025-08-14 11:55:09,142 - STREAM b'IDAT' 91 19474
2025-08-14 11:55:09,181 - STREAM b'IHDR' 16 13
2025-08-14 11:55:09,183 - STREAM b'sRGB' 41 1
2025-08-14 11:55:09,183 - STREAM b'gAMA' 54 4
2025-08-14 11:55:09,183 - STREAM b'pHYs' 70 9
2025-08-14 11:55:09,183 - STREAM b'IDAT' 91 19474
2025-08-14 11:55:09,215 - STREAM b'IHDR' 16 13
2025-08-14 11:55:09,215 - STREAM b'sRGB' 41 1
2025-08-14 11:55:09,215 - STREAM b'gAMA' 54 4
2025-08-14 11:55:09,215 - STREAM b'pHYs' 70 9
2025-08-14 11:55:09,215 - STREAM b'IDAT' 91 19474
2025-08-14 11:55:09,244 - STREAM b'IHDR' 16 13
2025-08-14 11:55:09,244 - STREAM b'sRGB' 41 1
2025-08-14 11:55:09,244 - STREAM b'gAMA' 54 4
2025-08-14 11:55:09,244 - STREAM b'pHYs' 70 9
2025-08-14 11:55:09,244 - STREAM b'IDAT' 91 19474
2025-08-14 11:55:09,281 - STREAM b'IHDR' 16 13
2025-08-14 11:55:09,281 - STREAM b'sRGB' 41 1
2025-08-14 11:55:09,281 - STREAM b'gAMA' 54 4
2025-08-14 11:55:09,281 - STREAM b'pHYs' 70 9
2025-08-14 11:55:09,281 - STREAM b'IDAT' 91 19474
2025-08-14 11:55:09,316 - STREAM b'IHDR' 16 13
2025-08-14 11:55:09,316 - STREAM b'sRGB' 41 1
2025-08-14 11:55:09,316 - STREAM b'gAMA' 54 4
2025-08-14 11:55:09,316 - STREAM b'pHYs' 70 9
2025-08-14 11:55:09,316 - STREAM b'IDAT' 91 19474
2025-08-14 11:55:09,349 - STREAM b'IHDR' 16 13
2025-08-14 11:55:09,349 - STREAM b'sRGB' 41 1
2025-08-14 11:55:09,349 - STREAM b'gAMA' 54 4
2025-08-14 11:55:09,349 - STREAM b'pHYs' 70 9
2025-08-14 11:55:09,349 - STREAM b'IDAT' 91 19474
2025-08-14 11:55:09,382 - STREAM b'IHDR' 16 13
2025-08-14 11:55:09,382 - STREAM b'sRGB' 41 1
2025-08-14 11:55:09,382 - STREAM b'gAMA' 54 4
2025-08-14 11:55:09,382 - STREAM b'pHYs' 70 9
2025-08-14 11:55:09,383 - STREAM b'IDAT' 91 19474
2025-08-14 11:55:09,410 - STREAM b'IHDR' 16 13
2025-08-14 11:55:09,410 - STREAM b'sRGB' 41 1
2025-08-14 11:55:09,410 - STREAM b'gAMA' 54 4
2025-08-14 11:55:09,410 - STREAM b'pHYs' 70 9
2025-08-14 11:55:09,410 - STREAM b'IDAT' 91 19474
2025-08-14 11:55:09,450 - STREAM b'IHDR' 16 13
2025-08-14 11:55:09,450 - STREAM b'sRGB' 41 1
2025-08-14 11:55:09,450 - STREAM b'gAMA' 54 4
2025-08-14 11:55:09,450 - STREAM b'pHYs' 70 9
2025-08-14 11:55:09,450 - STREAM b'IDAT' 91 19474
2025-08-14 11:55:09,483 - STREAM b'IHDR' 16 13
2025-08-14 11:55:09,483 - STREAM b'sRGB' 41 1
2025-08-14 11:55:09,483 - STREAM b'gAMA' 54 4
2025-08-14 11:55:09,483 - STREAM b'pHYs' 70 9
2025-08-14 11:55:09,483 - STREAM b'IDAT' 91 19474
2025-08-14 11:55:09,516 - STREAM b'IHDR' 16 13
2025-08-14 11:55:09,516 - STREAM b'sRGB' 41 1
2025-08-14 11:55:09,516 - STREAM b'gAMA' 54 4
2025-08-14 11:55:09,516 - STREAM b'pHYs' 70 9
2025-08-14 11:55:09,516 - STREAM b'IDAT' 91 19474
2025-08-14 11:55:09,541 - STREAM b'IHDR' 16 13
2025-08-14 11:55:09,541 - STREAM b'sRGB' 41 1
2025-08-14 11:55:09,541 - STREAM b'gAMA' 54 4
2025-08-14 11:55:09,541 - STREAM b'pHYs' 70 9
2025-08-14 11:55:09,541 - STREAM b'IDAT' 91 19474
2025-08-14 11:55:09,581 - STREAM b'IHDR' 16 13
2025-08-14 11:55:09,581 - STREAM b'sRGB' 41 1
2025-08-14 11:55:09,581 - STREAM b'gAMA' 54 4
2025-08-14 11:55:09,581 - STREAM b'pHYs' 70 9
2025-08-14 11:55:09,581 - STREAM b'IDAT' 91 19474
2025-08-14 11:55:09,613 - STREAM b'IHDR' 16 13
2025-08-14 11:55:09,613 - STREAM b'sRGB' 41 1
2025-08-14 11:55:09,613 - STREAM b'gAMA' 54 4
2025-08-14 11:55:09,613 - STREAM b'pHYs' 70 9
2025-08-14 11:55:09,613 - STREAM b'IDAT' 91 19474
2025-08-14 11:55:09,647 - STREAM b'IHDR' 16 13
2025-08-14 11:55:09,647 - STREAM b'sRGB' 41 1
2025-08-14 11:55:09,647 - STREAM b'gAMA' 54 4
2025-08-14 11:55:09,647 - STREAM b'pHYs' 70 9
2025-08-14 11:55:09,647 - STREAM b'IDAT' 91 19474
2025-08-14 11:55:09,675 - STREAM b'IHDR' 16 13
2025-08-14 11:55:09,675 - STREAM b'sRGB' 41 1
2025-08-14 11:55:09,675 - STREAM b'gAMA' 54 4
2025-08-14 11:55:09,682 - STREAM b'pHYs' 70 9
2025-08-14 11:55:09,682 - STREAM b'IDAT' 91 19474
2025-08-14 11:55:09,705 - STREAM b'IHDR' 16 13
2025-08-14 11:55:09,705 - STREAM b'sRGB' 41 1
2025-08-14 11:55:09,705 - STREAM b'gAMA' 54 4
2025-08-14 11:55:09,705 - STREAM b'pHYs' 70 9
2025-08-14 11:55:09,705 - STREAM b'IDAT' 91 19474
2025-08-14 11:55:09,746 - STREAM b'IHDR' 16 13
2025-08-14 11:55:09,746 - STREAM b'sRGB' 41 1
2025-08-14 11:55:09,747 - STREAM b'gAMA' 54 4
2025-08-14 11:55:09,747 - STREAM b'pHYs' 70 9
2025-08-14 11:55:09,747 - STREAM b'IDAT' 91 19474
2025-08-14 11:55:09,779 - STREAM b'IHDR' 16 13
2025-08-14 11:55:09,779 - STREAM b'sRGB' 41 1
2025-08-14 11:55:09,779 - STREAM b'gAMA' 54 4
2025-08-14 11:55:09,779 - STREAM b'pHYs' 70 9
2025-08-14 11:55:09,779 - STREAM b'IDAT' 91 19474
2025-08-14 11:55:09,808 - STREAM b'IHDR' 16 13
2025-08-14 11:55:09,808 - STREAM b'sRGB' 41 1
2025-08-14 11:55:09,808 - STREAM b'gAMA' 54 4
2025-08-14 11:55:09,808 - STREAM b'pHYs' 70 9
2025-08-14 11:55:09,808 - STREAM b'IDAT' 91 19474
2025-08-14 11:55:09,883 - STREAM b'IHDR' 16 13
2025-08-14 11:55:09,883 - STREAM b'sRGB' 41 1
2025-08-14 11:55:09,883 - STREAM b'gAMA' 54 4
2025-08-14 11:55:09,883 - STREAM b'pHYs' 70 9
2025-08-14 11:55:09,883 - STREAM b'IDAT' 91 19474
2025-08-14 11:55:09,953 - STREAM b'IHDR' 16 13
2025-08-14 11:55:09,953 - STREAM b'sRGB' 41 1
2025-08-14 11:55:09,953 - STREAM b'gAMA' 54 4
2025-08-14 11:55:09,953 - STREAM b'pHYs' 70 9
2025-08-14 11:55:09,953 - STREAM b'IDAT' 91 19474
2025-08-14 11:55:10,016 - STREAM b'IHDR' 16 13
2025-08-14 11:55:10,016 - STREAM b'sRGB' 41 1
2025-08-14 11:55:10,016 - STREAM b'gAMA' 54 4
2025-08-14 11:55:10,016 - STREAM b'pHYs' 70 9
2025-08-14 11:55:10,016 - STREAM b'IDAT' 91 19474
2025-08-14 11:55:10,087 - STREAM b'IHDR' 16 13
2025-08-14 11:55:10,087 - STREAM b'sRGB' 41 1
2025-08-14 11:55:10,087 - STREAM b'gAMA' 54 4
2025-08-14 11:55:10,087 - STREAM b'pHYs' 70 9
2025-08-14 11:55:10,087 - STREAM b'IDAT' 91 19474
