2025-08-14 12:31:47,027 - Logging started - Log file: logs\debug_20250814_123147.log
2025-08-14 12:32:02,044 - STREAM b'IHDR' 16 13
2025-08-14 12:32:02,044 - STREAM b'sRGB' 41 1
2025-08-14 12:32:02,044 - STREAM b'gAMA' 54 4
2025-08-14 12:32:02,044 - STREAM b'pHYs' 70 9
2025-08-14 12:32:02,044 - STREAM b'IDAT' 91 65445
2025-08-14 12:32:02,085 - STREAM b'IHDR' 16 13
2025-08-14 12:32:02,085 - STREAM b'sRGB' 41 1
2025-08-14 12:32:02,085 - STREAM b'gAMA' 54 4
2025-08-14 12:32:02,085 - STREAM b'pHYs' 70 9
2025-08-14 12:32:02,085 - STREAM b'IDAT' 91 65445
2025-08-14 12:32:02,103 - STREAM b'IHDR' 16 13
2025-08-14 12:32:02,103 - STREAM b'sRGB' 41 1
2025-08-14 12:32:02,103 - STREAM b'gAMA' 54 4
2025-08-14 12:32:02,103 - STREAM b'pHYs' 70 9
2025-08-14 12:32:02,103 - STREAM b'IDAT' 91 65445
2025-08-14 12:32:16,547 - STREAM b'IHDR' 16 13
2025-08-14 12:32:16,547 - STREAM b'sRGB' 41 1
2025-08-14 12:32:16,547 - STREAM b'gAMA' 54 4
2025-08-14 12:32:16,547 - STREAM b'pHYs' 70 9
2025-08-14 12:32:16,547 - STREAM b'IDAT' 91 65445
2025-08-14 12:32:16,570 - STREAM b'IHDR' 16 13
2025-08-14 12:32:16,570 - STREAM b'sRGB' 41 1
2025-08-14 12:32:16,570 - STREAM b'gAMA' 54 4
2025-08-14 12:32:16,570 - STREAM b'pHYs' 70 9
2025-08-14 12:32:16,570 - STREAM b'IDAT' 91 19474
2025-08-14 12:32:20,940 - STREAM b'IHDR' 16 13
2025-08-14 12:32:20,940 - STREAM b'sRGB' 41 1
2025-08-14 12:32:20,940 - STREAM b'gAMA' 54 4
2025-08-14 12:32:20,940 - STREAM b'pHYs' 70 9
2025-08-14 12:32:20,940 - STREAM b'IDAT' 91 65445
2025-08-14 12:32:20,959 - STREAM b'IHDR' 16 13
2025-08-14 12:32:20,959 - STREAM b'sRGB' 41 1
2025-08-14 12:32:20,959 - STREAM b'gAMA' 54 4
2025-08-14 12:32:20,959 - STREAM b'pHYs' 70 9
2025-08-14 12:32:20,959 - STREAM b'IDAT' 91 19474
2025-08-14 12:32:21,210 - STREAM b'IHDR' 16 13
2025-08-14 12:32:21,210 - STREAM b'sRGB' 41 1
2025-08-14 12:32:21,210 - STREAM b'gAMA' 54 4
2025-08-14 12:32:21,210 - STREAM b'pHYs' 70 9
2025-08-14 12:32:21,210 - STREAM b'IDAT' 91 65445
2025-08-14 12:32:21,229 - STREAM b'IHDR' 16 13
2025-08-14 12:32:21,229 - STREAM b'sRGB' 41 1
2025-08-14 12:32:21,229 - STREAM b'gAMA' 54 4
2025-08-14 12:32:21,229 - STREAM b'pHYs' 70 9
2025-08-14 12:32:21,229 - STREAM b'IDAT' 91 19474
2025-08-14 12:32:21,433 - STREAM b'IHDR' 16 13
2025-08-14 12:32:21,433 - STREAM b'sRGB' 41 1
2025-08-14 12:32:21,433 - STREAM b'gAMA' 54 4
2025-08-14 12:32:21,433 - STREAM b'pHYs' 70 9
2025-08-14 12:32:21,433 - STREAM b'IDAT' 91 65445
2025-08-14 12:32:21,448 - STREAM b'IHDR' 16 13
2025-08-14 12:32:21,448 - STREAM b'sRGB' 41 1
2025-08-14 12:32:21,448 - STREAM b'gAMA' 54 4
2025-08-14 12:32:21,448 - STREAM b'pHYs' 70 9
2025-08-14 12:32:21,448 - STREAM b'IDAT' 91 19474
2025-08-14 12:32:21,624 - STREAM b'IHDR' 16 13
2025-08-14 12:32:21,624 - STREAM b'sRGB' 41 1
2025-08-14 12:32:21,624 - STREAM b'gAMA' 54 4
2025-08-14 12:32:21,624 - STREAM b'pHYs' 70 9
2025-08-14 12:32:21,624 - STREAM b'IDAT' 91 65445
2025-08-14 12:32:21,639 - STREAM b'IHDR' 16 13
2025-08-14 12:32:21,639 - STREAM b'sRGB' 41 1
2025-08-14 12:32:21,639 - STREAM b'gAMA' 54 4
2025-08-14 12:32:21,639 - STREAM b'pHYs' 70 9
2025-08-14 12:32:21,639 - STREAM b'IDAT' 91 19474
2025-08-14 12:32:21,847 - STREAM b'IHDR' 16 13
2025-08-14 12:32:21,847 - STREAM b'sRGB' 41 1
2025-08-14 12:32:21,847 - STREAM b'gAMA' 54 4
2025-08-14 12:32:21,847 - STREAM b'pHYs' 70 9
2025-08-14 12:32:21,847 - STREAM b'IDAT' 91 65445
2025-08-14 12:32:21,866 - STREAM b'IHDR' 16 13
2025-08-14 12:32:21,866 - STREAM b'sRGB' 41 1
2025-08-14 12:32:21,866 - STREAM b'gAMA' 54 4
2025-08-14 12:32:21,866 - STREAM b'pHYs' 70 9
2025-08-14 12:32:21,866 - STREAM b'IDAT' 91 19474
2025-08-14 12:32:22,039 - STREAM b'IHDR' 16 13
2025-08-14 12:32:22,039 - STREAM b'sRGB' 41 1
2025-08-14 12:32:22,039 - STREAM b'gAMA' 54 4
2025-08-14 12:32:22,039 - STREAM b'pHYs' 70 9
2025-08-14 12:32:22,039 - STREAM b'IDAT' 91 65445
2025-08-14 12:32:22,057 - STREAM b'IHDR' 16 13
2025-08-14 12:32:22,057 - STREAM b'sRGB' 41 1
2025-08-14 12:32:22,057 - STREAM b'gAMA' 54 4
2025-08-14 12:32:22,057 - STREAM b'pHYs' 70 9
2025-08-14 12:32:22,057 - STREAM b'IDAT' 91 19474
2025-08-14 12:32:22,276 - STREAM b'IHDR' 16 13
2025-08-14 12:32:22,276 - STREAM b'sRGB' 41 1
2025-08-14 12:32:22,276 - STREAM b'gAMA' 54 4
2025-08-14 12:32:22,276 - STREAM b'pHYs' 70 9
2025-08-14 12:32:22,276 - STREAM b'IDAT' 91 65445
2025-08-14 12:32:22,293 - STREAM b'IHDR' 16 13
2025-08-14 12:32:22,293 - STREAM b'sRGB' 41 1
2025-08-14 12:32:22,293 - STREAM b'gAMA' 54 4
2025-08-14 12:32:22,293 - STREAM b'pHYs' 70 9
2025-08-14 12:32:22,293 - STREAM b'IDAT' 91 19474
2025-08-14 12:32:22,488 - STREAM b'IHDR' 16 13
2025-08-14 12:32:22,488 - STREAM b'sRGB' 41 1
2025-08-14 12:32:22,488 - STREAM b'gAMA' 54 4
2025-08-14 12:32:22,488 - STREAM b'pHYs' 70 9
2025-08-14 12:32:22,488 - STREAM b'IDAT' 91 65445
2025-08-14 12:32:22,504 - STREAM b'IHDR' 16 13
2025-08-14 12:32:22,504 - STREAM b'sRGB' 41 1
2025-08-14 12:32:22,504 - STREAM b'gAMA' 54 4
2025-08-14 12:32:22,504 - STREAM b'pHYs' 70 9
2025-08-14 12:32:22,504 - STREAM b'IDAT' 91 19474
2025-08-14 12:32:22,709 - STREAM b'IHDR' 16 13
2025-08-14 12:32:22,709 - STREAM b'sRGB' 41 1
2025-08-14 12:32:22,709 - STREAM b'gAMA' 54 4
2025-08-14 12:32:22,709 - STREAM b'pHYs' 70 9
2025-08-14 12:32:22,709 - STREAM b'IDAT' 91 65445
2025-08-14 12:32:22,723 - STREAM b'IHDR' 16 13
2025-08-14 12:32:22,723 - STREAM b'sRGB' 41 1
2025-08-14 12:32:22,723 - STREAM b'gAMA' 54 4
2025-08-14 12:32:22,723 - STREAM b'pHYs' 70 9
2025-08-14 12:32:22,723 - STREAM b'IDAT' 91 19474
2025-08-14 12:32:22,914 - STREAM b'IHDR' 16 13
2025-08-14 12:32:22,914 - STREAM b'sRGB' 41 1
2025-08-14 12:32:22,914 - STREAM b'gAMA' 54 4
2025-08-14 12:32:22,914 - STREAM b'pHYs' 70 9
2025-08-14 12:32:22,914 - STREAM b'IDAT' 91 65445
2025-08-14 12:32:22,930 - STREAM b'IHDR' 16 13
2025-08-14 12:32:22,930 - STREAM b'sRGB' 41 1
2025-08-14 12:32:22,930 - STREAM b'gAMA' 54 4
2025-08-14 12:32:22,930 - STREAM b'pHYs' 70 9
2025-08-14 12:32:22,930 - STREAM b'IDAT' 91 19474
2025-08-14 12:32:23,152 - STREAM b'IHDR' 16 13
2025-08-14 12:32:23,152 - STREAM b'sRGB' 41 1
2025-08-14 12:32:23,152 - STREAM b'gAMA' 54 4
2025-08-14 12:32:23,152 - STREAM b'pHYs' 70 9
2025-08-14 12:32:23,152 - STREAM b'IDAT' 91 65445
2025-08-14 12:32:23,172 - STREAM b'IHDR' 16 13
2025-08-14 12:32:23,172 - STREAM b'sRGB' 41 1
2025-08-14 12:32:23,172 - STREAM b'gAMA' 54 4
2025-08-14 12:32:23,172 - STREAM b'pHYs' 70 9
2025-08-14 12:32:23,172 - STREAM b'IDAT' 91 19474
2025-08-14 12:32:23,359 - STREAM b'IHDR' 16 13
2025-08-14 12:32:23,359 - STREAM b'sRGB' 41 1
2025-08-14 12:32:23,359 - STREAM b'gAMA' 54 4
2025-08-14 12:32:23,359 - STREAM b'pHYs' 70 9
2025-08-14 12:32:23,359 - STREAM b'IDAT' 91 65445
2025-08-14 12:32:23,376 - STREAM b'IHDR' 16 13
2025-08-14 12:32:23,376 - STREAM b'sRGB' 41 1
2025-08-14 12:32:23,376 - STREAM b'gAMA' 54 4
2025-08-14 12:32:23,376 - STREAM b'pHYs' 70 9
2025-08-14 12:32:23,376 - STREAM b'IDAT' 91 19474
2025-08-14 12:32:23,583 - STREAM b'IHDR' 16 13
2025-08-14 12:32:23,583 - STREAM b'sRGB' 41 1
2025-08-14 12:32:23,583 - STREAM b'gAMA' 54 4
2025-08-14 12:32:23,583 - STREAM b'pHYs' 70 9
2025-08-14 12:32:23,583 - STREAM b'IDAT' 91 65445
2025-08-14 12:32:23,600 - STREAM b'IHDR' 16 13
2025-08-14 12:32:23,600 - STREAM b'sRGB' 41 1
2025-08-14 12:32:23,600 - STREAM b'gAMA' 54 4
2025-08-14 12:32:23,600 - STREAM b'pHYs' 70 9
2025-08-14 12:32:23,600 - STREAM b'IDAT' 91 19474
2025-08-14 12:32:23,807 - STREAM b'IHDR' 16 13
2025-08-14 12:32:23,807 - STREAM b'sRGB' 41 1
2025-08-14 12:32:23,807 - STREAM b'gAMA' 54 4
2025-08-14 12:32:23,807 - STREAM b'pHYs' 70 9
2025-08-14 12:32:23,807 - STREAM b'IDAT' 91 65445
2025-08-14 12:32:23,823 - STREAM b'IHDR' 16 13
2025-08-14 12:32:23,823 - STREAM b'sRGB' 41 1
2025-08-14 12:32:23,823 - STREAM b'gAMA' 54 4
2025-08-14 12:32:23,823 - STREAM b'pHYs' 70 9
2025-08-14 12:32:23,823 - STREAM b'IDAT' 91 19474
2025-08-14 12:32:24,038 - STREAM b'IHDR' 16 13
2025-08-14 12:32:24,041 - STREAM b'sRGB' 41 1
2025-08-14 12:32:24,041 - STREAM b'gAMA' 54 4
2025-08-14 12:32:24,041 - STREAM b'pHYs' 70 9
2025-08-14 12:32:24,041 - STREAM b'IDAT' 91 65445
2025-08-14 12:32:24,059 - STREAM b'IHDR' 16 13
2025-08-14 12:32:24,059 - STREAM b'sRGB' 41 1
2025-08-14 12:32:24,059 - STREAM b'gAMA' 54 4
2025-08-14 12:32:24,059 - STREAM b'pHYs' 70 9
2025-08-14 12:32:24,059 - STREAM b'IDAT' 91 19474
2025-08-14 12:32:24,234 - STREAM b'IHDR' 16 13
2025-08-14 12:32:24,234 - STREAM b'sRGB' 41 1
2025-08-14 12:32:24,234 - STREAM b'gAMA' 54 4
2025-08-14 12:32:24,234 - STREAM b'pHYs' 70 9
2025-08-14 12:32:24,234 - STREAM b'IDAT' 91 65445
2025-08-14 12:32:24,253 - STREAM b'IHDR' 16 13
2025-08-14 12:32:24,253 - STREAM b'sRGB' 41 1
2025-08-14 12:32:24,253 - STREAM b'gAMA' 54 4
2025-08-14 12:32:24,253 - STREAM b'pHYs' 70 9
2025-08-14 12:32:24,253 - STREAM b'IDAT' 91 19474
2025-08-14 12:32:24,479 - STREAM b'IHDR' 16 13
2025-08-14 12:32:24,479 - STREAM b'sRGB' 41 1
2025-08-14 12:32:24,479 - STREAM b'gAMA' 54 4
2025-08-14 12:32:24,479 - STREAM b'pHYs' 70 9
2025-08-14 12:32:24,479 - STREAM b'IDAT' 91 65445
2025-08-14 12:32:24,499 - STREAM b'IHDR' 16 13
2025-08-14 12:32:24,499 - STREAM b'sRGB' 41 1
2025-08-14 12:32:24,499 - STREAM b'gAMA' 54 4
2025-08-14 12:32:24,499 - STREAM b'pHYs' 70 9
2025-08-14 12:32:24,499 - STREAM b'IDAT' 91 19474
2025-08-14 12:32:24,686 - STREAM b'IHDR' 16 13
2025-08-14 12:32:24,686 - STREAM b'sRGB' 41 1
2025-08-14 12:32:24,686 - STREAM b'gAMA' 54 4
2025-08-14 12:32:24,686 - STREAM b'pHYs' 70 9
2025-08-14 12:32:24,686 - STREAM b'IDAT' 91 65445
2025-08-14 12:32:24,701 - STREAM b'IHDR' 16 13
2025-08-14 12:32:24,701 - STREAM b'sRGB' 41 1
2025-08-14 12:32:24,701 - STREAM b'gAMA' 54 4
2025-08-14 12:32:24,701 - STREAM b'pHYs' 70 9
2025-08-14 12:32:24,701 - STREAM b'IDAT' 91 19474
2025-08-14 12:32:24,922 - STREAM b'IHDR' 16 13
2025-08-14 12:32:24,922 - STREAM b'sRGB' 41 1
2025-08-14 12:32:24,922 - STREAM b'gAMA' 54 4
2025-08-14 12:32:24,922 - STREAM b'pHYs' 70 9
2025-08-14 12:32:24,922 - STREAM b'IDAT' 91 65445
2025-08-14 12:32:24,938 - STREAM b'IHDR' 16 13
2025-08-14 12:32:24,938 - STREAM b'sRGB' 41 1
2025-08-14 12:32:24,938 - STREAM b'gAMA' 54 4
2025-08-14 12:32:24,938 - STREAM b'pHYs' 70 9
2025-08-14 12:32:24,938 - STREAM b'IDAT' 91 19474
2025-08-14 12:32:25,158 - STREAM b'IHDR' 16 13
2025-08-14 12:32:25,158 - STREAM b'sRGB' 41 1
2025-08-14 12:32:25,158 - STREAM b'gAMA' 54 4
2025-08-14 12:32:25,158 - STREAM b'pHYs' 70 9
2025-08-14 12:32:25,158 - STREAM b'IDAT' 91 65445
2025-08-14 12:32:25,177 - STREAM b'IHDR' 16 13
2025-08-14 12:32:25,177 - STREAM b'sRGB' 41 1
2025-08-14 12:32:25,177 - STREAM b'gAMA' 54 4
2025-08-14 12:32:25,177 - STREAM b'pHYs' 70 9
2025-08-14 12:32:25,177 - STREAM b'IDAT' 91 19474
2025-08-14 12:32:25,396 - STREAM b'IHDR' 16 13
2025-08-14 12:32:25,397 - STREAM b'sRGB' 41 1
2025-08-14 12:32:25,397 - STREAM b'gAMA' 54 4
2025-08-14 12:32:25,397 - STREAM b'pHYs' 70 9
2025-08-14 12:32:25,397 - STREAM b'IDAT' 91 65445
2025-08-14 12:32:25,415 - STREAM b'IHDR' 16 13
2025-08-14 12:32:25,415 - STREAM b'sRGB' 41 1
2025-08-14 12:32:25,415 - STREAM b'gAMA' 54 4
2025-08-14 12:32:25,415 - STREAM b'pHYs' 70 9
2025-08-14 12:32:25,415 - STREAM b'IDAT' 91 19474
2025-08-14 12:32:25,634 - STREAM b'IHDR' 16 13
2025-08-14 12:32:25,634 - STREAM b'sRGB' 41 1
2025-08-14 12:32:25,634 - STREAM b'gAMA' 54 4
2025-08-14 12:32:25,634 - STREAM b'pHYs' 70 9
2025-08-14 12:32:25,634 - STREAM b'IDAT' 91 65445
2025-08-14 12:32:25,652 - STREAM b'IHDR' 16 13
2025-08-14 12:32:25,652 - STREAM b'sRGB' 41 1
2025-08-14 12:32:25,652 - STREAM b'gAMA' 54 4
2025-08-14 12:32:25,652 - STREAM b'pHYs' 70 9
2025-08-14 12:32:25,652 - STREAM b'IDAT' 91 19474
2025-08-14 12:32:25,877 - STREAM b'IHDR' 16 13
2025-08-14 12:32:25,877 - STREAM b'sRGB' 41 1
2025-08-14 12:32:25,877 - STREAM b'gAMA' 54 4
2025-08-14 12:32:25,877 - STREAM b'pHYs' 70 9
2025-08-14 12:32:25,877 - STREAM b'IDAT' 91 65445
2025-08-14 12:32:25,898 - STREAM b'IHDR' 16 13
2025-08-14 12:32:25,898 - STREAM b'sRGB' 41 1
2025-08-14 12:32:25,898 - STREAM b'gAMA' 54 4
2025-08-14 12:32:25,898 - STREAM b'pHYs' 70 9
2025-08-14 12:32:25,898 - STREAM b'IDAT' 91 19474
2025-08-14 12:32:29,497 - STREAM b'IHDR' 16 13
2025-08-14 12:32:29,497 - STREAM b'sRGB' 41 1
2025-08-14 12:32:29,497 - STREAM b'gAMA' 54 4
2025-08-14 12:32:29,497 - STREAM b'pHYs' 70 9
2025-08-14 12:32:29,497 - STREAM b'IDAT' 91 65445
2025-08-14 12:32:29,511 - STREAM b'IHDR' 16 13
2025-08-14 12:32:29,511 - STREAM b'sRGB' 41 1
2025-08-14 12:32:29,511 - STREAM b'gAMA' 54 4
2025-08-14 12:32:29,511 - STREAM b'pHYs' 70 9
2025-08-14 12:32:29,511 - STREAM b'IDAT' 91 19474
2025-08-14 12:32:29,786 - STREAM b'IHDR' 16 13
2025-08-14 12:32:29,786 - STREAM b'sRGB' 41 1
2025-08-14 12:32:29,786 - STREAM b'gAMA' 54 4
2025-08-14 12:32:29,786 - STREAM b'pHYs' 70 9
2025-08-14 12:32:29,786 - STREAM b'IDAT' 91 65445
2025-08-14 12:32:29,805 - STREAM b'IHDR' 16 13
2025-08-14 12:32:29,805 - STREAM b'sRGB' 41 1
2025-08-14 12:32:29,805 - STREAM b'gAMA' 54 4
2025-08-14 12:32:29,805 - STREAM b'pHYs' 70 9
2025-08-14 12:32:29,805 - STREAM b'IDAT' 91 19474
2025-08-14 12:32:30,411 - STREAM b'IHDR' 16 13
2025-08-14 12:32:30,411 - STREAM b'sRGB' 41 1
2025-08-14 12:32:30,411 - STREAM b'gAMA' 54 4
2025-08-14 12:32:30,411 - STREAM b'pHYs' 70 9
2025-08-14 12:32:30,411 - STREAM b'IDAT' 91 65445
2025-08-14 12:32:30,430 - STREAM b'IHDR' 16 13
2025-08-14 12:32:30,430 - STREAM b'sRGB' 41 1
2025-08-14 12:32:30,430 - STREAM b'gAMA' 54 4
2025-08-14 12:32:30,430 - STREAM b'pHYs' 70 9
2025-08-14 12:32:30,430 - STREAM b'IDAT' 91 19474
2025-08-14 12:32:37,441 - STREAM b'IHDR' 16 13
2025-08-14 12:32:37,441 - STREAM b'sRGB' 41 1
2025-08-14 12:32:37,441 - STREAM b'gAMA' 54 4
2025-08-14 12:32:37,441 - STREAM b'pHYs' 70 9
2025-08-14 12:32:37,441 - STREAM b'IDAT' 91 65445
2025-08-14 12:32:37,457 - STREAM b'IHDR' 16 13
2025-08-14 12:32:37,457 - STREAM b'sRGB' 41 1
2025-08-14 12:32:37,457 - STREAM b'gAMA' 54 4
2025-08-14 12:32:37,457 - STREAM b'pHYs' 70 9
2025-08-14 12:32:37,457 - STREAM b'IDAT' 91 19474
2025-08-14 12:32:37,778 - STREAM b'IHDR' 16 13
2025-08-14 12:32:37,778 - STREAM b'sRGB' 41 1
2025-08-14 12:32:37,778 - STREAM b'gAMA' 54 4
2025-08-14 12:32:37,778 - STREAM b'pHYs' 70 9
2025-08-14 12:32:37,778 - STREAM b'IDAT' 91 65445
2025-08-14 12:32:37,794 - STREAM b'IHDR' 16 13
2025-08-14 12:32:37,794 - STREAM b'sRGB' 41 1
2025-08-14 12:32:37,794 - STREAM b'gAMA' 54 4
2025-08-14 12:32:37,794 - STREAM b'pHYs' 70 9
2025-08-14 12:32:37,794 - STREAM b'IDAT' 91 19474
2025-08-14 12:32:38,033 - STREAM b'IHDR' 16 13
2025-08-14 12:32:38,033 - STREAM b'sRGB' 41 1
2025-08-14 12:32:38,033 - STREAM b'gAMA' 54 4
2025-08-14 12:32:38,033 - STREAM b'pHYs' 70 9
2025-08-14 12:32:38,033 - STREAM b'IDAT' 91 65445
2025-08-14 12:32:38,053 - STREAM b'IHDR' 16 13
2025-08-14 12:32:38,053 - STREAM b'sRGB' 41 1
2025-08-14 12:32:38,053 - STREAM b'gAMA' 54 4
2025-08-14 12:32:38,053 - STREAM b'pHYs' 70 9
2025-08-14 12:32:38,053 - STREAM b'IDAT' 91 19474
2025-08-14 12:32:39,518 - STREAM b'IHDR' 16 13
2025-08-14 12:32:39,518 - STREAM b'sRGB' 41 1
2025-08-14 12:32:39,518 - STREAM b'gAMA' 54 4
2025-08-14 12:32:39,518 - STREAM b'pHYs' 70 9
2025-08-14 12:32:39,518 - STREAM b'IDAT' 91 65445
2025-08-14 12:32:39,535 - STREAM b'IHDR' 16 13
2025-08-14 12:32:39,535 - STREAM b'sRGB' 41 1
2025-08-14 12:32:39,535 - STREAM b'gAMA' 54 4
2025-08-14 12:32:39,535 - STREAM b'pHYs' 70 9
2025-08-14 12:32:39,535 - STREAM b'IDAT' 91 19474
2025-08-14 12:32:39,804 - STREAM b'IHDR' 16 13
2025-08-14 12:32:39,804 - STREAM b'sRGB' 41 1
2025-08-14 12:32:39,804 - STREAM b'gAMA' 54 4
2025-08-14 12:32:39,804 - STREAM b'pHYs' 70 9
2025-08-14 12:32:39,804 - STREAM b'IDAT' 91 65445
2025-08-14 12:32:39,825 - STREAM b'IHDR' 16 13
2025-08-14 12:32:39,825 - STREAM b'sRGB' 41 1
2025-08-14 12:32:39,825 - STREAM b'gAMA' 54 4
2025-08-14 12:32:39,825 - STREAM b'pHYs' 70 9
2025-08-14 12:32:39,825 - STREAM b'IDAT' 91 19474
2025-08-14 12:32:40,056 - STREAM b'IHDR' 16 13
2025-08-14 12:32:40,056 - STREAM b'sRGB' 41 1
2025-08-14 12:32:40,056 - STREAM b'gAMA' 54 4
2025-08-14 12:32:40,056 - STREAM b'pHYs' 70 9
2025-08-14 12:32:40,056 - STREAM b'IDAT' 91 65445
2025-08-14 12:32:40,073 - STREAM b'IHDR' 16 13
2025-08-14 12:32:40,073 - STREAM b'sRGB' 41 1
2025-08-14 12:32:40,073 - STREAM b'gAMA' 54 4
2025-08-14 12:32:40,073 - STREAM b'pHYs' 70 9
2025-08-14 12:32:40,073 - STREAM b'IDAT' 91 19474
2025-08-14 12:32:45,124 - STREAM b'IHDR' 16 13
2025-08-14 12:32:45,124 - STREAM b'sRGB' 41 1
2025-08-14 12:32:45,124 - STREAM b'gAMA' 54 4
2025-08-14 12:32:45,124 - STREAM b'pHYs' 70 9
2025-08-14 12:32:45,124 - STREAM b'IDAT' 91 65445
2025-08-14 12:32:45,137 - STREAM b'IHDR' 16 13
2025-08-14 12:32:45,137 - STREAM b'sRGB' 41 1
2025-08-14 12:32:45,137 - STREAM b'gAMA' 54 4
2025-08-14 12:32:45,137 - STREAM b'pHYs' 70 9
2025-08-14 12:32:45,137 - STREAM b'IDAT' 91 19474
2025-08-14 12:32:45,407 - STREAM b'IHDR' 16 13
2025-08-14 12:32:45,407 - STREAM b'sRGB' 41 1
2025-08-14 12:32:45,407 - STREAM b'gAMA' 54 4
2025-08-14 12:32:45,407 - STREAM b'pHYs' 70 9
2025-08-14 12:32:45,407 - STREAM b'IDAT' 91 65445
2025-08-14 12:32:45,425 - STREAM b'IHDR' 16 13
2025-08-14 12:32:45,425 - STREAM b'sRGB' 41 1
2025-08-14 12:32:45,425 - STREAM b'gAMA' 54 4
2025-08-14 12:32:45,425 - STREAM b'pHYs' 70 9
2025-08-14 12:32:45,425 - STREAM b'IDAT' 91 19474
2025-08-14 12:32:45,661 - STREAM b'IHDR' 16 13
2025-08-14 12:32:45,661 - STREAM b'sRGB' 41 1
2025-08-14 12:32:45,661 - STREAM b'gAMA' 54 4
2025-08-14 12:32:45,661 - STREAM b'pHYs' 70 9
2025-08-14 12:32:45,661 - STREAM b'IDAT' 91 65445
2025-08-14 12:32:45,679 - STREAM b'IHDR' 16 13
2025-08-14 12:32:45,679 - STREAM b'sRGB' 41 1
2025-08-14 12:32:45,679 - STREAM b'gAMA' 54 4
2025-08-14 12:32:45,679 - STREAM b'pHYs' 70 9
2025-08-14 12:32:45,679 - STREAM b'IDAT' 91 19474
2025-08-14 12:32:45,947 - STREAM b'IHDR' 16 13
2025-08-14 12:32:45,949 - STREAM b'sRGB' 41 1
2025-08-14 12:32:45,949 - STREAM b'gAMA' 54 4
2025-08-14 12:32:45,949 - STREAM b'pHYs' 70 9
2025-08-14 12:32:45,949 - STREAM b'IDAT' 91 65445
2025-08-14 12:32:45,963 - STREAM b'IHDR' 16 13
2025-08-14 12:32:45,963 - STREAM b'sRGB' 41 1
2025-08-14 12:32:45,963 - STREAM b'gAMA' 54 4
2025-08-14 12:32:45,963 - STREAM b'pHYs' 70 9
2025-08-14 12:32:45,963 - STREAM b'IDAT' 91 19474
2025-08-14 12:33:01,811 - Fade logic - postcards: 2, fade_out_enabled: True
2025-08-14 12:33:01,811 - will_create_manual_transition: True, apply_fade_out: False
2025-08-14 12:33:01,825 - STREAM b'IHDR' 16 13
2025-08-14 12:33:01,825 - STREAM b'sRGB' 41 1
2025-08-14 12:33:01,825 - STREAM b'gAMA' 54 4
2025-08-14 12:33:01,825 - STREAM b'pHYs' 70 9
2025-08-14 12:33:01,825 - STREAM b'IDAT' 91 19474
2025-08-14 12:33:01,842 - Skipping fade out effect (manual transition will be used)
2025-08-14 12:33:01,854 - Creating manual fade transition from start to first postcard
2025-08-14 12:33:01,854 - Creating fade transition: clip1 duration=3.0, transition duration=1.0
2025-08-14 12:33:01,877 - STREAM b'IHDR' 16 13
2025-08-14 12:33:01,877 - STREAM b'sRGB' 41 1
2025-08-14 12:33:01,877 - STREAM b'gAMA' 54 4
2025-08-14 12:33:01,877 - STREAM b'pHYs' 70 9
2025-08-14 12:33:01,877 - STREAM b'IDAT' 91 19474
2025-08-14 12:33:01,881 - Fade transition created with duration=3.0
2025-08-14 12:33:01,881 - Manual transition created, clips now: 3
2025-08-14 12:33:01,917 - STREAM b'IHDR' 16 13
2025-08-14 12:33:01,917 - STREAM b'sRGB' 41 1
2025-08-14 12:33:01,917 - STREAM b'gAMA' 54 4
2025-08-14 12:33:01,917 - STREAM b'pHYs' 70 9
2025-08-14 12:33:01,917 - STREAM b'IDAT' 91 19474
2025-08-14 12:33:01,942 - STREAM b'IHDR' 16 13
2025-08-14 12:33:01,942 - STREAM b'sRGB' 41 1
2025-08-14 12:33:01,942 - STREAM b'gAMA' 54 4
2025-08-14 12:33:01,942 - STREAM b'pHYs' 70 9
2025-08-14 12:33:01,942 - STREAM b'IDAT' 91 19474
2025-08-14 12:33:02,081 - STREAM b'IHDR' 16 13
2025-08-14 12:33:02,083 - STREAM b'sRGB' 41 1
2025-08-14 12:33:02,083 - STREAM b'gAMA' 54 4
2025-08-14 12:33:02,083 - STREAM b'pHYs' 70 9
2025-08-14 12:33:02,083 - STREAM b'IDAT' 91 19474
2025-08-14 12:33:02,085 - Start clip frame at t=0.00 (fades handled by MoviePy)
2025-08-14 12:33:02,120 - STREAM b'IHDR' 16 13
2025-08-14 12:33:02,120 - STREAM b'sRGB' 41 1
2025-08-14 12:33:02,120 - STREAM b'gAMA' 54 4
2025-08-14 12:33:02,120 - STREAM b'pHYs' 70 9
2025-08-14 12:33:02,120 - STREAM b'IDAT' 91 19474
2025-08-14 12:33:02,122 - Start clip frame at t=0.10 (fades handled by MoviePy)
2025-08-14 12:33:02,153 - STREAM b'IHDR' 16 13
2025-08-14 12:33:02,153 - STREAM b'sRGB' 41 1
2025-08-14 12:33:02,153 - STREAM b'gAMA' 54 4
2025-08-14 12:33:02,153 - STREAM b'pHYs' 70 9
2025-08-14 12:33:02,153 - STREAM b'IDAT' 91 19474
2025-08-14 12:33:02,160 - Start clip frame at t=0.20 (fades handled by MoviePy)
2025-08-14 12:33:02,192 - STREAM b'IHDR' 16 13
2025-08-14 12:33:02,192 - STREAM b'sRGB' 41 1
2025-08-14 12:33:02,192 - STREAM b'gAMA' 54 4
2025-08-14 12:33:02,192 - STREAM b'pHYs' 70 9
2025-08-14 12:33:02,192 - STREAM b'IDAT' 91 19474
2025-08-14 12:33:02,196 - Start clip frame at t=0.30 (fades handled by MoviePy)
2025-08-14 12:33:02,225 - STREAM b'IHDR' 16 13
2025-08-14 12:33:02,225 - STREAM b'sRGB' 41 1
2025-08-14 12:33:02,225 - STREAM b'gAMA' 54 4
2025-08-14 12:33:02,225 - STREAM b'pHYs' 70 9
2025-08-14 12:33:02,225 - STREAM b'IDAT' 91 19474
2025-08-14 12:33:02,225 - Start clip frame at t=0.40 (fades handled by MoviePy)
2025-08-14 12:33:02,253 - STREAM b'IHDR' 16 13
2025-08-14 12:33:02,253 - STREAM b'sRGB' 41 1
2025-08-14 12:33:02,253 - STREAM b'gAMA' 54 4
2025-08-14 12:33:02,253 - STREAM b'pHYs' 70 9
2025-08-14 12:33:02,253 - STREAM b'IDAT' 91 19474
2025-08-14 12:33:02,263 - Start clip frame at t=0.50 (fades handled by MoviePy)
2025-08-14 12:33:02,293 - STREAM b'IHDR' 16 13
2025-08-14 12:33:02,293 - STREAM b'sRGB' 41 1
2025-08-14 12:33:02,293 - STREAM b'gAMA' 54 4
2025-08-14 12:33:02,293 - STREAM b'pHYs' 70 9
2025-08-14 12:33:02,293 - STREAM b'IDAT' 91 19474
2025-08-14 12:33:02,296 - Start clip frame at t=0.60 (fades handled by MoviePy)
2025-08-14 12:33:02,327 - STREAM b'IHDR' 16 13
2025-08-14 12:33:02,327 - STREAM b'sRGB' 41 1
2025-08-14 12:33:02,327 - STREAM b'gAMA' 54 4
2025-08-14 12:33:02,327 - STREAM b'pHYs' 70 9
2025-08-14 12:33:02,327 - STREAM b'IDAT' 91 19474
2025-08-14 12:33:02,327 - Start clip frame at t=0.70 (fades handled by MoviePy)
2025-08-14 12:33:02,358 - STREAM b'IHDR' 16 13
2025-08-14 12:33:02,358 - STREAM b'sRGB' 41 1
2025-08-14 12:33:02,358 - STREAM b'gAMA' 54 4
2025-08-14 12:33:02,358 - STREAM b'pHYs' 70 9
2025-08-14 12:33:02,358 - STREAM b'IDAT' 91 19474
2025-08-14 12:33:02,365 - Start clip frame at t=0.80 (fades handled by MoviePy)
2025-08-14 12:33:02,395 - STREAM b'IHDR' 16 13
2025-08-14 12:33:02,395 - STREAM b'sRGB' 41 1
2025-08-14 12:33:02,395 - STREAM b'gAMA' 54 4
2025-08-14 12:33:02,395 - STREAM b'pHYs' 70 9
2025-08-14 12:33:02,395 - STREAM b'IDAT' 91 19474
2025-08-14 12:33:02,398 - Start clip frame at t=0.90 (fades handled by MoviePy)
2025-08-14 12:33:02,426 - STREAM b'IHDR' 16 13
2025-08-14 12:33:02,426 - STREAM b'sRGB' 41 1
2025-08-14 12:33:02,426 - STREAM b'gAMA' 54 4
2025-08-14 12:33:02,426 - STREAM b'pHYs' 70 9
2025-08-14 12:33:02,426 - STREAM b'IDAT' 91 19474
2025-08-14 12:33:02,426 - Start clip frame at t=1.00 (fades handled by MoviePy)
2025-08-14 12:33:02,460 - STREAM b'IHDR' 16 13
2025-08-14 12:33:02,460 - STREAM b'sRGB' 41 1
2025-08-14 12:33:02,460 - STREAM b'gAMA' 54 4
2025-08-14 12:33:02,460 - STREAM b'pHYs' 70 9
2025-08-14 12:33:02,460 - STREAM b'IDAT' 91 19474
2025-08-14 12:33:02,467 - Start clip frame at t=1.10 (fades handled by MoviePy)
2025-08-14 12:33:02,491 - STREAM b'IHDR' 16 13
2025-08-14 12:33:02,491 - STREAM b'sRGB' 41 1
2025-08-14 12:33:02,491 - STREAM b'gAMA' 54 4
2025-08-14 12:33:02,491 - STREAM b'pHYs' 70 9
2025-08-14 12:33:02,491 - STREAM b'IDAT' 91 19474
2025-08-14 12:33:02,497 - Start clip frame at t=1.20 (fades handled by MoviePy)
2025-08-14 12:33:02,531 - STREAM b'IHDR' 16 13
2025-08-14 12:33:02,531 - STREAM b'sRGB' 41 1
2025-08-14 12:33:02,531 - STREAM b'gAMA' 54 4
2025-08-14 12:33:02,531 - STREAM b'pHYs' 70 9
2025-08-14 12:33:02,531 - STREAM b'IDAT' 91 19474
2025-08-14 12:33:02,534 - Start clip frame at t=1.30 (fades handled by MoviePy)
2025-08-14 12:33:02,559 - STREAM b'IHDR' 16 13
2025-08-14 12:33:02,559 - STREAM b'sRGB' 41 1
2025-08-14 12:33:02,559 - STREAM b'gAMA' 54 4
2025-08-14 12:33:02,559 - STREAM b'pHYs' 70 9
2025-08-14 12:33:02,559 - STREAM b'IDAT' 91 19474
2025-08-14 12:33:02,559 - Start clip frame at t=1.40 (fades handled by MoviePy)
2025-08-14 12:33:02,596 - STREAM b'IHDR' 16 13
2025-08-14 12:33:02,596 - STREAM b'sRGB' 41 1
2025-08-14 12:33:02,596 - STREAM b'gAMA' 54 4
2025-08-14 12:33:02,596 - STREAM b'pHYs' 70 9
2025-08-14 12:33:02,596 - STREAM b'IDAT' 91 19474
2025-08-14 12:33:02,599 - Start clip frame at t=1.50 (fades handled by MoviePy)
2025-08-14 12:33:02,631 - STREAM b'IHDR' 16 13
2025-08-14 12:33:02,631 - STREAM b'sRGB' 41 1
2025-08-14 12:33:02,631 - STREAM b'gAMA' 54 4
2025-08-14 12:33:02,631 - STREAM b'pHYs' 70 9
2025-08-14 12:33:02,631 - STREAM b'IDAT' 91 19474
2025-08-14 12:33:02,634 - Start clip frame at t=1.60 (fades handled by MoviePy)
2025-08-14 12:33:02,661 - STREAM b'IHDR' 16 13
2025-08-14 12:33:02,661 - STREAM b'sRGB' 41 1
2025-08-14 12:33:02,661 - STREAM b'gAMA' 54 4
2025-08-14 12:33:02,661 - STREAM b'pHYs' 70 9
2025-08-14 12:33:02,661 - STREAM b'IDAT' 91 19474
2025-08-14 12:33:02,668 - Start clip frame at t=1.70 (fades handled by MoviePy)
2025-08-14 12:33:02,699 - STREAM b'IHDR' 16 13
2025-08-14 12:33:02,699 - STREAM b'sRGB' 41 1
2025-08-14 12:33:02,699 - STREAM b'gAMA' 54 4
2025-08-14 12:33:02,699 - STREAM b'pHYs' 70 9
2025-08-14 12:33:02,699 - STREAM b'IDAT' 91 19474
2025-08-14 12:33:02,702 - Start clip frame at t=1.80 (fades handled by MoviePy)
2025-08-14 12:33:02,732 - STREAM b'IHDR' 16 13
2025-08-14 12:33:02,732 - STREAM b'sRGB' 41 1
2025-08-14 12:33:02,732 - STREAM b'gAMA' 54 4
2025-08-14 12:33:02,732 - STREAM b'pHYs' 70 9
2025-08-14 12:33:02,732 - STREAM b'IDAT' 91 19474
2025-08-14 12:33:02,732 - Start clip frame at t=1.90 (fades handled by MoviePy)
2025-08-14 12:33:02,763 - STREAM b'IHDR' 16 13
2025-08-14 12:33:02,763 - STREAM b'sRGB' 41 1
2025-08-14 12:33:02,763 - STREAM b'gAMA' 54 4
2025-08-14 12:33:02,763 - STREAM b'pHYs' 70 9
2025-08-14 12:33:02,763 - STREAM b'IDAT' 91 19474
2025-08-14 12:33:02,763 - Start clip frame at t=2.00 (fades handled by MoviePy)
2025-08-14 12:33:02,794 - STREAM b'IHDR' 16 13
2025-08-14 12:33:02,794 - STREAM b'sRGB' 41 1
2025-08-14 12:33:02,794 - STREAM b'gAMA' 54 4
2025-08-14 12:33:02,794 - STREAM b'pHYs' 70 9
2025-08-14 12:33:02,794 - STREAM b'IDAT' 91 19474
2025-08-14 12:33:02,804 - Start clip frame at t=2.10 (fades handled by MoviePy)
2025-08-14 12:33:02,832 - STREAM b'IHDR' 16 13
2025-08-14 12:33:02,832 - STREAM b'sRGB' 41 1
2025-08-14 12:33:02,832 - STREAM b'gAMA' 54 4
2025-08-14 12:33:02,832 - STREAM b'pHYs' 70 9
2025-08-14 12:33:02,832 - STREAM b'IDAT' 91 19474
2025-08-14 12:33:02,834 - Start clip frame at t=2.20 (fades handled by MoviePy)
2025-08-14 12:33:02,866 - STREAM b'IHDR' 16 13
2025-08-14 12:33:02,866 - STREAM b'sRGB' 41 1
2025-08-14 12:33:02,866 - STREAM b'gAMA' 54 4
2025-08-14 12:33:02,866 - STREAM b'pHYs' 70 9
2025-08-14 12:33:02,866 - STREAM b'IDAT' 91 19474
2025-08-14 12:33:02,866 - Start clip frame at t=2.30 (fades handled by MoviePy)
2025-08-14 12:33:02,895 - STREAM b'IHDR' 16 13
2025-08-14 12:33:02,895 - STREAM b'sRGB' 41 1
2025-08-14 12:33:02,895 - STREAM b'gAMA' 54 4
2025-08-14 12:33:02,895 - STREAM b'pHYs' 70 9
2025-08-14 12:33:02,895 - STREAM b'IDAT' 91 19474
2025-08-14 12:33:02,905 - Start clip frame at t=2.40 (fades handled by MoviePy)
2025-08-14 12:33:02,936 - STREAM b'IHDR' 16 13
2025-08-14 12:33:02,937 - STREAM b'sRGB' 41 1
2025-08-14 12:33:02,937 - STREAM b'gAMA' 54 4
2025-08-14 12:33:02,937 - STREAM b'pHYs' 70 9
2025-08-14 12:33:02,937 - STREAM b'IDAT' 91 19474
2025-08-14 12:33:02,941 - Start clip frame at t=2.50 (fades handled by MoviePy)
2025-08-14 12:33:02,970 - STREAM b'IHDR' 16 13
2025-08-14 12:33:02,970 - STREAM b'sRGB' 41 1
2025-08-14 12:33:02,970 - STREAM b'gAMA' 54 4
2025-08-14 12:33:02,970 - STREAM b'pHYs' 70 9
2025-08-14 12:33:02,970 - STREAM b'IDAT' 91 19474
2025-08-14 12:33:02,970 - Start clip frame at t=2.60 (fades handled by MoviePy)
2025-08-14 12:33:03,004 - STREAM b'IHDR' 16 13
2025-08-14 12:33:03,004 - STREAM b'sRGB' 41 1
2025-08-14 12:33:03,004 - STREAM b'gAMA' 54 4
2025-08-14 12:33:03,004 - STREAM b'pHYs' 70 9
2025-08-14 12:33:03,004 - STREAM b'IDAT' 91 19474
2025-08-14 12:33:03,008 - Start clip frame at t=2.70 (fades handled by MoviePy)
2025-08-14 12:33:03,039 - STREAM b'IHDR' 16 13
2025-08-14 12:33:03,039 - STREAM b'sRGB' 41 1
2025-08-14 12:33:03,039 - STREAM b'gAMA' 54 4
2025-08-14 12:33:03,039 - STREAM b'pHYs' 70 9
2025-08-14 12:33:03,039 - STREAM b'IDAT' 91 19474
2025-08-14 12:33:03,043 - Start clip frame at t=2.80 (fades handled by MoviePy)
2025-08-14 12:33:03,069 - STREAM b'IHDR' 16 13
2025-08-14 12:33:03,069 - STREAM b'sRGB' 41 1
2025-08-14 12:33:03,069 - STREAM b'gAMA' 54 4
2025-08-14 12:33:03,069 - STREAM b'pHYs' 70 9
2025-08-14 12:33:03,069 - STREAM b'IDAT' 91 19474
2025-08-14 12:33:03,069 - Start clip frame at t=2.90 (fades handled by MoviePy)
2025-08-14 12:33:03,100 - STREAM b'IHDR' 16 13
2025-08-14 12:33:03,100 - STREAM b'sRGB' 41 1
2025-08-14 12:33:03,100 - STREAM b'gAMA' 54 4
2025-08-14 12:33:03,100 - STREAM b'pHYs' 70 9
2025-08-14 12:33:03,100 - STREAM b'IDAT' 91 19474
2025-08-14 12:33:03,140 - STREAM b'IHDR' 16 13
2025-08-14 12:33:03,140 - STREAM b'sRGB' 41 1
2025-08-14 12:33:03,140 - STREAM b'gAMA' 54 4
2025-08-14 12:33:03,140 - STREAM b'pHYs' 70 9
2025-08-14 12:33:03,140 - STREAM b'IDAT' 91 19474
2025-08-14 12:33:03,171 - STREAM b'IHDR' 16 13
2025-08-14 12:33:03,171 - STREAM b'sRGB' 41 1
2025-08-14 12:33:03,171 - STREAM b'gAMA' 54 4
2025-08-14 12:33:03,171 - STREAM b'pHYs' 70 9
2025-08-14 12:33:03,171 - STREAM b'IDAT' 91 19474
2025-08-14 12:33:03,203 - STREAM b'IHDR' 16 13
2025-08-14 12:33:03,203 - STREAM b'sRGB' 41 1
2025-08-14 12:33:03,203 - STREAM b'gAMA' 54 4
2025-08-14 12:33:03,203 - STREAM b'pHYs' 70 9
2025-08-14 12:33:03,203 - STREAM b'IDAT' 91 19474
2025-08-14 12:33:03,233 - STREAM b'IHDR' 16 13
2025-08-14 12:33:03,233 - STREAM b'sRGB' 41 1
2025-08-14 12:33:03,233 - STREAM b'gAMA' 54 4
2025-08-14 12:33:03,233 - STREAM b'pHYs' 70 9
2025-08-14 12:33:03,233 - STREAM b'IDAT' 91 19474
2025-08-14 12:33:03,274 - STREAM b'IHDR' 16 13
2025-08-14 12:33:03,274 - STREAM b'sRGB' 41 1
2025-08-14 12:33:03,274 - STREAM b'gAMA' 54 4
2025-08-14 12:33:03,274 - STREAM b'pHYs' 70 9
2025-08-14 12:33:03,274 - STREAM b'IDAT' 91 19474
2025-08-14 12:33:03,306 - STREAM b'IHDR' 16 13
2025-08-14 12:33:03,306 - STREAM b'sRGB' 41 1
2025-08-14 12:33:03,306 - STREAM b'gAMA' 54 4
2025-08-14 12:33:03,306 - STREAM b'pHYs' 70 9
2025-08-14 12:33:03,306 - STREAM b'IDAT' 91 19474
2025-08-14 12:33:03,335 - STREAM b'IHDR' 16 13
2025-08-14 12:33:03,335 - STREAM b'sRGB' 41 1
2025-08-14 12:33:03,335 - STREAM b'gAMA' 54 4
2025-08-14 12:33:03,335 - STREAM b'pHYs' 70 9
2025-08-14 12:33:03,335 - STREAM b'IDAT' 91 19474
2025-08-14 12:33:03,373 - STREAM b'IHDR' 16 13
2025-08-14 12:33:03,373 - STREAM b'sRGB' 41 1
2025-08-14 12:33:03,376 - STREAM b'gAMA' 54 4
2025-08-14 12:33:03,376 - STREAM b'pHYs' 70 9
2025-08-14 12:33:03,376 - STREAM b'IDAT' 91 19474
2025-08-14 12:33:03,407 - STREAM b'IHDR' 16 13
2025-08-14 12:33:03,407 - STREAM b'sRGB' 41 1
2025-08-14 12:33:03,407 - STREAM b'gAMA' 54 4
2025-08-14 12:33:03,407 - STREAM b'pHYs' 70 9
2025-08-14 12:33:03,407 - STREAM b'IDAT' 91 19474
2025-08-14 12:33:03,438 - STREAM b'IHDR' 16 13
2025-08-14 12:33:03,438 - STREAM b'sRGB' 41 1
2025-08-14 12:33:03,438 - STREAM b'gAMA' 54 4
2025-08-14 12:33:03,438 - STREAM b'pHYs' 70 9
2025-08-14 12:33:03,438 - STREAM b'IDAT' 91 19474
2025-08-14 12:33:03,468 - STREAM b'IHDR' 16 13
2025-08-14 12:33:03,468 - STREAM b'sRGB' 41 1
2025-08-14 12:33:03,468 - STREAM b'gAMA' 54 4
2025-08-14 12:33:03,468 - STREAM b'pHYs' 70 9
2025-08-14 12:33:03,468 - STREAM b'IDAT' 91 19474
2025-08-14 12:33:03,501 - STREAM b'IHDR' 16 13
2025-08-14 12:33:03,501 - STREAM b'sRGB' 41 1
2025-08-14 12:33:03,501 - STREAM b'gAMA' 54 4
2025-08-14 12:33:03,501 - STREAM b'pHYs' 70 9
2025-08-14 12:33:03,501 - STREAM b'IDAT' 91 19474
2025-08-14 12:33:03,535 - STREAM b'IHDR' 16 13
2025-08-14 12:33:03,540 - STREAM b'sRGB' 41 1
2025-08-14 12:33:03,540 - STREAM b'gAMA' 54 4
2025-08-14 12:33:03,540 - STREAM b'pHYs' 70 9
2025-08-14 12:33:03,540 - STREAM b'IDAT' 91 19474
2025-08-14 12:33:03,572 - STREAM b'IHDR' 16 13
2025-08-14 12:33:03,572 - STREAM b'sRGB' 41 1
2025-08-14 12:33:03,572 - STREAM b'gAMA' 54 4
2025-08-14 12:33:03,572 - STREAM b'pHYs' 70 9
2025-08-14 12:33:03,572 - STREAM b'IDAT' 91 19474
2025-08-14 12:33:03,601 - STREAM b'IHDR' 16 13
2025-08-14 12:33:03,601 - STREAM b'sRGB' 41 1
2025-08-14 12:33:03,601 - STREAM b'gAMA' 54 4
2025-08-14 12:33:03,601 - STREAM b'pHYs' 70 9
2025-08-14 12:33:03,601 - STREAM b'IDAT' 91 19474
2025-08-14 12:33:03,634 - STREAM b'IHDR' 16 13
2025-08-14 12:33:03,634 - STREAM b'sRGB' 41 1
2025-08-14 12:33:03,634 - STREAM b'gAMA' 54 4
2025-08-14 12:33:03,634 - STREAM b'pHYs' 70 9
2025-08-14 12:33:03,634 - STREAM b'IDAT' 91 19474
2025-08-14 12:33:03,667 - STREAM b'IHDR' 16 13
2025-08-14 12:33:03,667 - STREAM b'sRGB' 41 1
2025-08-14 12:33:03,667 - STREAM b'gAMA' 54 4
2025-08-14 12:33:03,667 - STREAM b'pHYs' 70 9
2025-08-14 12:33:03,667 - STREAM b'IDAT' 91 19474
2025-08-14 12:33:03,694 - STREAM b'IHDR' 16 13
2025-08-14 12:33:03,694 - STREAM b'sRGB' 41 1
2025-08-14 12:33:03,694 - STREAM b'gAMA' 54 4
2025-08-14 12:33:03,694 - STREAM b'pHYs' 70 9
2025-08-14 12:33:03,694 - STREAM b'IDAT' 91 19474
2025-08-14 12:33:03,734 - STREAM b'IHDR' 16 13
2025-08-14 12:33:03,734 - STREAM b'sRGB' 41 1
2025-08-14 12:33:03,734 - STREAM b'gAMA' 54 4
2025-08-14 12:33:03,734 - STREAM b'pHYs' 70 9
2025-08-14 12:33:03,734 - STREAM b'IDAT' 91 19474
2025-08-14 12:33:03,764 - STREAM b'IHDR' 16 13
2025-08-14 12:33:03,764 - STREAM b'sRGB' 41 1
2025-08-14 12:33:03,764 - STREAM b'gAMA' 54 4
2025-08-14 12:33:03,764 - STREAM b'pHYs' 70 9
2025-08-14 12:33:03,764 - STREAM b'IDAT' 91 19474
2025-08-14 12:33:03,835 - STREAM b'IHDR' 16 13
2025-08-14 12:33:03,835 - STREAM b'sRGB' 41 1
2025-08-14 12:33:03,835 - STREAM b'gAMA' 54 4
2025-08-14 12:33:03,835 - STREAM b'pHYs' 70 9
2025-08-14 12:33:03,835 - STREAM b'IDAT' 91 19474
2025-08-14 12:33:03,906 - STREAM b'IHDR' 16 13
2025-08-14 12:33:03,906 - STREAM b'sRGB' 41 1
2025-08-14 12:33:03,906 - STREAM b'gAMA' 54 4
2025-08-14 12:33:03,906 - STREAM b'pHYs' 70 9
2025-08-14 12:33:03,906 - STREAM b'IDAT' 91 19474
2025-08-14 12:33:03,978 - STREAM b'IHDR' 16 13
2025-08-14 12:33:03,978 - STREAM b'sRGB' 41 1
2025-08-14 12:33:03,978 - STREAM b'gAMA' 54 4
2025-08-14 12:33:03,978 - STREAM b'pHYs' 70 9
2025-08-14 12:33:03,978 - STREAM b'IDAT' 91 19474
2025-08-14 12:33:04,060 - STREAM b'IHDR' 16 13
2025-08-14 12:33:04,060 - STREAM b'sRGB' 41 1
2025-08-14 12:33:04,060 - STREAM b'gAMA' 54 4
2025-08-14 12:33:04,060 - STREAM b'pHYs' 70 9
2025-08-14 12:33:04,060 - STREAM b'IDAT' 91 19474
2025-08-14 12:33:04,140 - STREAM b'IHDR' 16 13
2025-08-14 12:33:04,140 - STREAM b'sRGB' 41 1
2025-08-14 12:33:04,140 - STREAM b'gAMA' 54 4
2025-08-14 12:33:04,140 - STREAM b'pHYs' 70 9
2025-08-14 12:33:04,140 - STREAM b'IDAT' 91 19474
2025-08-14 12:33:04,214 - STREAM b'IHDR' 16 13
2025-08-14 12:33:04,214 - STREAM b'sRGB' 41 1
2025-08-14 12:33:04,214 - STREAM b'gAMA' 54 4
2025-08-14 12:33:04,214 - STREAM b'pHYs' 70 9
2025-08-14 12:33:04,214 - STREAM b'IDAT' 91 19474
2025-08-14 12:33:04,296 - STREAM b'IHDR' 16 13
2025-08-14 12:33:04,296 - STREAM b'sRGB' 41 1
2025-08-14 12:33:04,296 - STREAM b'gAMA' 54 4
2025-08-14 12:33:04,296 - STREAM b'pHYs' 70 9
2025-08-14 12:33:04,296 - STREAM b'IDAT' 91 19474
2025-08-14 12:33:04,368 - STREAM b'IHDR' 16 13
2025-08-14 12:33:04,368 - STREAM b'sRGB' 41 1
2025-08-14 12:33:04,368 - STREAM b'gAMA' 54 4
2025-08-14 12:33:04,368 - STREAM b'pHYs' 70 9
2025-08-14 12:33:04,368 - STREAM b'IDAT' 91 19474
2025-08-14 12:33:04,450 - STREAM b'IHDR' 16 13
2025-08-14 12:33:04,450 - STREAM b'sRGB' 41 1
2025-08-14 12:33:04,450 - STREAM b'gAMA' 54 4
2025-08-14 12:33:04,450 - STREAM b'pHYs' 70 9
2025-08-14 12:33:04,450 - STREAM b'IDAT' 91 19474
2025-08-14 12:33:05,561 - STREAM b'IHDR' 16 13
2025-08-14 12:33:05,561 - STREAM b'sRGB' 41 1
2025-08-14 12:33:05,561 - STREAM b'gAMA' 54 4
2025-08-14 12:33:05,561 - STREAM b'pHYs' 70 9
2025-08-14 12:33:05,561 - STREAM b'IDAT' 91 19474
2025-08-14 12:33:05,660 - STREAM b'IHDR' 16 13
2025-08-14 12:33:05,660 - STREAM b'sRGB' 41 1
2025-08-14 12:33:05,660 - STREAM b'gAMA' 54 4
2025-08-14 12:33:05,660 - STREAM b'pHYs' 70 9
2025-08-14 12:33:05,660 - STREAM b'IDAT' 91 19474
2025-08-14 12:33:05,762 - STREAM b'IHDR' 16 13
2025-08-14 12:33:05,762 - STREAM b'sRGB' 41 1
2025-08-14 12:33:05,762 - STREAM b'gAMA' 54 4
2025-08-14 12:33:05,762 - STREAM b'pHYs' 70 9
2025-08-14 12:33:05,762 - STREAM b'IDAT' 91 19474
2025-08-14 12:33:05,875 - STREAM b'IHDR' 16 13
2025-08-14 12:33:05,875 - STREAM b'sRGB' 41 1
2025-08-14 12:33:05,875 - STREAM b'gAMA' 54 4
2025-08-14 12:33:05,875 - STREAM b'pHYs' 70 9
2025-08-14 12:33:05,875 - STREAM b'IDAT' 91 19474
2025-08-14 12:33:05,967 - STREAM b'IHDR' 16 13
2025-08-14 12:33:05,967 - STREAM b'sRGB' 41 1
2025-08-14 12:33:05,967 - STREAM b'gAMA' 54 4
2025-08-14 12:33:05,967 - STREAM b'pHYs' 70 9
2025-08-14 12:33:05,967 - STREAM b'IDAT' 91 19474
2025-08-14 12:33:06,070 - STREAM b'IHDR' 16 13
2025-08-14 12:33:06,070 - STREAM b'sRGB' 41 1
2025-08-14 12:33:06,070 - STREAM b'gAMA' 54 4
2025-08-14 12:33:06,070 - STREAM b'pHYs' 70 9
2025-08-14 12:33:06,070 - STREAM b'IDAT' 91 19474
2025-08-14 12:33:06,111 - STREAM b'IHDR' 16 13
2025-08-14 12:33:06,111 - STREAM b'sRGB' 41 1
2025-08-14 12:33:06,111 - STREAM b'gAMA' 54 4
2025-08-14 12:33:06,111 - STREAM b'pHYs' 70 9
2025-08-14 12:33:06,111 - STREAM b'IDAT' 91 19474
2025-08-14 12:33:06,142 - STREAM b'IHDR' 16 13
2025-08-14 12:33:06,142 - STREAM b'sRGB' 41 1
2025-08-14 12:33:06,142 - STREAM b'gAMA' 54 4
2025-08-14 12:33:06,142 - STREAM b'pHYs' 70 9
2025-08-14 12:33:06,142 - STREAM b'IDAT' 91 19474
2025-08-14 12:33:06,173 - STREAM b'IHDR' 16 13
2025-08-14 12:33:06,173 - STREAM b'sRGB' 41 1
2025-08-14 12:33:06,173 - STREAM b'gAMA' 54 4
2025-08-14 12:33:06,173 - STREAM b'pHYs' 70 9
2025-08-14 12:33:06,173 - STREAM b'IDAT' 91 19474
2025-08-14 12:33:06,203 - STREAM b'IHDR' 16 13
2025-08-14 12:33:06,203 - STREAM b'sRGB' 41 1
2025-08-14 12:33:06,203 - STREAM b'gAMA' 54 4
2025-08-14 12:33:06,203 - STREAM b'pHYs' 70 9
2025-08-14 12:33:06,203 - STREAM b'IDAT' 91 19474
2025-08-14 12:33:06,233 - STREAM b'IHDR' 16 13
2025-08-14 12:33:06,233 - STREAM b'sRGB' 41 1
2025-08-14 12:33:06,233 - STREAM b'gAMA' 54 4
2025-08-14 12:33:06,233 - STREAM b'pHYs' 70 9
2025-08-14 12:33:06,233 - STREAM b'IDAT' 91 19474
2025-08-14 12:33:06,274 - STREAM b'IHDR' 16 13
2025-08-14 12:33:06,274 - STREAM b'sRGB' 41 1
2025-08-14 12:33:06,274 - STREAM b'gAMA' 54 4
2025-08-14 12:33:06,274 - STREAM b'pHYs' 70 9
2025-08-14 12:33:06,274 - STREAM b'IDAT' 91 19474
2025-08-14 12:33:06,305 - STREAM b'IHDR' 16 13
2025-08-14 12:33:06,305 - STREAM b'sRGB' 41 1
2025-08-14 12:33:06,305 - STREAM b'gAMA' 54 4
2025-08-14 12:33:06,305 - STREAM b'pHYs' 70 9
2025-08-14 12:33:06,305 - STREAM b'IDAT' 91 19474
2025-08-14 12:33:06,336 - STREAM b'IHDR' 16 13
2025-08-14 12:33:06,336 - STREAM b'sRGB' 41 1
2025-08-14 12:33:06,336 - STREAM b'gAMA' 54 4
2025-08-14 12:33:06,336 - STREAM b'pHYs' 70 9
2025-08-14 12:33:06,336 - STREAM b'IDAT' 91 19474
2025-08-14 12:33:06,365 - STREAM b'IHDR' 16 13
2025-08-14 12:33:06,365 - STREAM b'sRGB' 41 1
2025-08-14 12:33:06,365 - STREAM b'gAMA' 54 4
2025-08-14 12:33:06,365 - STREAM b'pHYs' 70 9
2025-08-14 12:33:06,365 - STREAM b'IDAT' 91 19474
2025-08-14 12:33:06,406 - STREAM b'IHDR' 16 13
2025-08-14 12:33:06,406 - STREAM b'sRGB' 41 1
2025-08-14 12:33:06,406 - STREAM b'gAMA' 54 4
2025-08-14 12:33:06,406 - STREAM b'pHYs' 70 9
2025-08-14 12:33:06,406 - STREAM b'IDAT' 91 19474
2025-08-14 12:33:06,437 - STREAM b'IHDR' 16 13
2025-08-14 12:33:06,437 - STREAM b'sRGB' 41 1
2025-08-14 12:33:06,437 - STREAM b'gAMA' 54 4
2025-08-14 12:33:06,437 - STREAM b'pHYs' 70 9
2025-08-14 12:33:06,437 - STREAM b'IDAT' 91 19474
2025-08-14 12:33:06,467 - STREAM b'IHDR' 16 13
2025-08-14 12:33:06,467 - STREAM b'sRGB' 41 1
2025-08-14 12:33:06,467 - STREAM b'gAMA' 54 4
2025-08-14 12:33:06,467 - STREAM b'pHYs' 70 9
2025-08-14 12:33:06,467 - STREAM b'IDAT' 91 19474
2025-08-14 12:33:06,498 - STREAM b'IHDR' 16 13
2025-08-14 12:33:06,498 - STREAM b'sRGB' 41 1
2025-08-14 12:33:06,498 - STREAM b'gAMA' 54 4
2025-08-14 12:33:06,498 - STREAM b'pHYs' 70 9
2025-08-14 12:33:06,498 - STREAM b'IDAT' 91 19474
2025-08-14 12:33:06,537 - STREAM b'IHDR' 16 13
2025-08-14 12:33:06,537 - STREAM b'sRGB' 41 1
2025-08-14 12:33:06,537 - STREAM b'gAMA' 54 4
2025-08-14 12:33:06,537 - STREAM b'pHYs' 70 9
2025-08-14 12:33:06,538 - STREAM b'IDAT' 91 19474
2025-08-14 12:33:06,569 - STREAM b'IHDR' 16 13
2025-08-14 12:33:06,569 - STREAM b'sRGB' 41 1
2025-08-14 12:33:06,569 - STREAM b'gAMA' 54 4
2025-08-14 12:33:06,569 - STREAM b'pHYs' 70 9
2025-08-14 12:33:06,569 - STREAM b'IDAT' 91 19474
2025-08-14 12:33:06,599 - STREAM b'IHDR' 16 13
2025-08-14 12:33:06,599 - STREAM b'sRGB' 41 1
2025-08-14 12:33:06,599 - STREAM b'gAMA' 54 4
2025-08-14 12:33:06,599 - STREAM b'pHYs' 70 9
2025-08-14 12:33:06,599 - STREAM b'IDAT' 91 19474
2025-08-14 12:33:06,630 - STREAM b'IHDR' 16 13
2025-08-14 12:33:06,630 - STREAM b'sRGB' 41 1
2025-08-14 12:33:06,630 - STREAM b'gAMA' 54 4
2025-08-14 12:33:06,630 - STREAM b'pHYs' 70 9
2025-08-14 12:33:06,630 - STREAM b'IDAT' 91 19474
2025-08-14 12:33:06,661 - STREAM b'IHDR' 16 13
2025-08-14 12:33:06,661 - STREAM b'sRGB' 41 1
2025-08-14 12:33:06,661 - STREAM b'gAMA' 54 4
2025-08-14 12:33:06,661 - STREAM b'pHYs' 70 9
2025-08-14 12:33:06,661 - STREAM b'IDAT' 91 19474
2025-08-14 12:33:06,692 - STREAM b'IHDR' 16 13
2025-08-14 12:33:06,692 - STREAM b'sRGB' 41 1
2025-08-14 12:33:06,692 - STREAM b'gAMA' 54 4
2025-08-14 12:33:06,692 - STREAM b'pHYs' 70 9
2025-08-14 12:33:06,692 - STREAM b'IDAT' 91 19474
2025-08-14 12:33:06,733 - STREAM b'IHDR' 16 13
2025-08-14 12:33:06,733 - STREAM b'sRGB' 41 1
2025-08-14 12:33:06,733 - STREAM b'gAMA' 54 4
2025-08-14 12:33:06,733 - STREAM b'pHYs' 70 9
2025-08-14 12:33:06,733 - STREAM b'IDAT' 91 19474
2025-08-14 12:33:06,765 - STREAM b'IHDR' 16 13
2025-08-14 12:33:06,765 - STREAM b'sRGB' 41 1
2025-08-14 12:33:06,765 - STREAM b'gAMA' 54 4
2025-08-14 12:33:06,765 - STREAM b'pHYs' 70 9
2025-08-14 12:33:06,765 - STREAM b'IDAT' 91 19474
2025-08-14 12:33:06,794 - STREAM b'IHDR' 16 13
2025-08-14 12:33:06,794 - STREAM b'sRGB' 41 1
2025-08-14 12:33:06,794 - STREAM b'gAMA' 54 4
2025-08-14 12:33:06,794 - STREAM b'pHYs' 70 9
2025-08-14 12:33:06,794 - STREAM b'IDAT' 91 19474
2025-08-14 12:33:06,825 - STREAM b'IHDR' 16 13
2025-08-14 12:33:06,825 - STREAM b'sRGB' 41 1
2025-08-14 12:33:06,825 - STREAM b'gAMA' 54 4
2025-08-14 12:33:06,825 - STREAM b'pHYs' 70 9
2025-08-14 12:33:06,825 - STREAM b'IDAT' 91 19474
2025-08-14 12:33:06,865 - STREAM b'IHDR' 16 13
2025-08-14 12:33:06,865 - STREAM b'sRGB' 41 1
2025-08-14 12:33:06,865 - STREAM b'gAMA' 54 4
2025-08-14 12:33:06,865 - STREAM b'pHYs' 70 9
2025-08-14 12:33:06,865 - STREAM b'IDAT' 91 19474
2025-08-14 12:33:06,896 - STREAM b'IHDR' 16 13
2025-08-14 12:33:06,896 - STREAM b'sRGB' 41 1
2025-08-14 12:33:06,896 - STREAM b'gAMA' 54 4
2025-08-14 12:33:06,896 - STREAM b'pHYs' 70 9
2025-08-14 12:33:06,896 - STREAM b'IDAT' 91 19474
2025-08-14 12:33:06,926 - STREAM b'IHDR' 16 13
2025-08-14 12:33:06,926 - STREAM b'sRGB' 41 1
2025-08-14 12:33:06,926 - STREAM b'gAMA' 54 4
2025-08-14 12:33:06,926 - STREAM b'pHYs' 70 9
2025-08-14 12:33:06,926 - STREAM b'IDAT' 91 19474
2025-08-14 12:33:06,958 - STREAM b'IHDR' 16 13
2025-08-14 12:33:06,958 - STREAM b'sRGB' 41 1
2025-08-14 12:33:06,958 - STREAM b'gAMA' 54 4
2025-08-14 12:33:06,958 - STREAM b'pHYs' 70 9
2025-08-14 12:33:06,958 - STREAM b'IDAT' 91 19474
2025-08-14 12:33:06,988 - STREAM b'IHDR' 16 13
2025-08-14 12:33:06,988 - STREAM b'sRGB' 41 1
2025-08-14 12:33:06,998 - STREAM b'gAMA' 54 4
2025-08-14 12:33:06,998 - STREAM b'pHYs' 70 9
2025-08-14 12:33:06,998 - STREAM b'IDAT' 91 19474
2025-08-14 12:33:07,031 - STREAM b'IHDR' 16 13
2025-08-14 12:33:07,031 - STREAM b'sRGB' 41 1
2025-08-14 12:33:07,031 - STREAM b'gAMA' 54 4
2025-08-14 12:33:07,031 - STREAM b'pHYs' 70 9
2025-08-14 12:33:07,031 - STREAM b'IDAT' 91 19474
2025-08-14 12:33:07,060 - STREAM b'IHDR' 16 13
2025-08-14 12:33:07,060 - STREAM b'sRGB' 41 1
2025-08-14 12:33:07,060 - STREAM b'gAMA' 54 4
2025-08-14 12:33:07,060 - STREAM b'pHYs' 70 9
2025-08-14 12:33:07,060 - STREAM b'IDAT' 91 19474
2025-08-14 12:33:07,091 - STREAM b'IHDR' 16 13
2025-08-14 12:33:07,091 - STREAM b'sRGB' 41 1
2025-08-14 12:33:07,091 - STREAM b'gAMA' 54 4
2025-08-14 12:33:07,091 - STREAM b'pHYs' 70 9
2025-08-14 12:33:07,091 - STREAM b'IDAT' 91 19474
2025-08-14 12:33:07,121 - STREAM b'IHDR' 16 13
2025-08-14 12:33:07,121 - STREAM b'sRGB' 41 1
2025-08-14 12:33:07,121 - STREAM b'gAMA' 54 4
2025-08-14 12:33:07,121 - STREAM b'pHYs' 70 9
2025-08-14 12:33:07,121 - STREAM b'IDAT' 91 19474
2025-08-14 12:33:07,163 - STREAM b'IHDR' 16 13
2025-08-14 12:33:07,163 - STREAM b'sRGB' 41 1
2025-08-14 12:33:07,163 - STREAM b'gAMA' 54 4
2025-08-14 12:33:07,163 - STREAM b'pHYs' 70 9
2025-08-14 12:33:07,163 - STREAM b'IDAT' 91 19474
2025-08-14 12:33:07,193 - STREAM b'IHDR' 16 13
2025-08-14 12:33:07,193 - STREAM b'sRGB' 41 1
2025-08-14 12:33:07,193 - STREAM b'gAMA' 54 4
2025-08-14 12:33:07,193 - STREAM b'pHYs' 70 9
2025-08-14 12:33:07,193 - STREAM b'IDAT' 91 19474
2025-08-14 12:33:07,224 - STREAM b'IHDR' 16 13
2025-08-14 12:33:07,224 - STREAM b'sRGB' 41 1
2025-08-14 12:33:07,224 - STREAM b'gAMA' 54 4
2025-08-14 12:33:07,224 - STREAM b'pHYs' 70 9
2025-08-14 12:33:07,224 - STREAM b'IDAT' 91 19474
2025-08-14 12:33:07,264 - STREAM b'IHDR' 16 13
2025-08-14 12:33:07,264 - STREAM b'sRGB' 41 1
2025-08-14 12:33:07,264 - STREAM b'gAMA' 54 4
2025-08-14 12:33:07,264 - STREAM b'pHYs' 70 9
2025-08-14 12:33:07,264 - STREAM b'IDAT' 91 19474
2025-08-14 12:33:07,294 - STREAM b'IHDR' 16 13
2025-08-14 12:33:07,294 - STREAM b'sRGB' 41 1
2025-08-14 12:33:07,294 - STREAM b'gAMA' 54 4
2025-08-14 12:33:07,294 - STREAM b'pHYs' 70 9
2025-08-14 12:33:07,294 - STREAM b'IDAT' 91 19474
2025-08-14 12:33:07,325 - STREAM b'IHDR' 16 13
2025-08-14 12:33:07,325 - STREAM b'sRGB' 41 1
2025-08-14 12:33:07,325 - STREAM b'gAMA' 54 4
2025-08-14 12:33:07,325 - STREAM b'pHYs' 70 9
2025-08-14 12:33:07,325 - STREAM b'IDAT' 91 19474
2025-08-14 12:33:07,359 - STREAM b'IHDR' 16 13
2025-08-14 12:33:07,359 - STREAM b'sRGB' 41 1
2025-08-14 12:33:07,359 - STREAM b'gAMA' 54 4
2025-08-14 12:33:07,359 - STREAM b'pHYs' 70 9
2025-08-14 12:33:07,359 - STREAM b'IDAT' 91 19474
2025-08-14 12:33:07,387 - STREAM b'IHDR' 16 13
2025-08-14 12:33:07,387 - STREAM b'sRGB' 41 1
2025-08-14 12:33:07,387 - STREAM b'gAMA' 54 4
2025-08-14 12:33:07,387 - STREAM b'pHYs' 70 9
2025-08-14 12:33:07,387 - STREAM b'IDAT' 91 19474
2025-08-14 12:33:07,428 - STREAM b'IHDR' 16 13
2025-08-14 12:33:07,428 - STREAM b'sRGB' 41 1
2025-08-14 12:33:07,428 - STREAM b'gAMA' 54 4
2025-08-14 12:33:07,428 - STREAM b'pHYs' 70 9
2025-08-14 12:33:07,428 - STREAM b'IDAT' 91 19474
2025-08-14 12:33:07,459 - STREAM b'IHDR' 16 13
2025-08-14 12:33:07,459 - STREAM b'sRGB' 41 1
2025-08-14 12:33:07,459 - STREAM b'gAMA' 54 4
2025-08-14 12:33:07,459 - STREAM b'pHYs' 70 9
2025-08-14 12:33:07,459 - STREAM b'IDAT' 91 19474
2025-08-14 12:33:07,490 - STREAM b'IHDR' 16 13
2025-08-14 12:33:07,490 - STREAM b'sRGB' 41 1
2025-08-14 12:33:07,490 - STREAM b'gAMA' 54 4
2025-08-14 12:33:07,490 - STREAM b'pHYs' 70 9
2025-08-14 12:33:07,490 - STREAM b'IDAT' 91 19474
2025-08-14 12:33:07,520 - STREAM b'IHDR' 16 13
2025-08-14 12:33:07,520 - STREAM b'sRGB' 41 1
2025-08-14 12:33:07,520 - STREAM b'gAMA' 54 4
2025-08-14 12:33:07,520 - STREAM b'pHYs' 70 9
2025-08-14 12:33:07,520 - STREAM b'IDAT' 91 19474
2025-08-14 12:33:07,561 - STREAM b'IHDR' 16 13
2025-08-14 12:33:07,561 - STREAM b'sRGB' 41 1
2025-08-14 12:33:07,561 - STREAM b'gAMA' 54 4
2025-08-14 12:33:07,561 - STREAM b'pHYs' 70 9
2025-08-14 12:33:07,561 - STREAM b'IDAT' 91 19474
2025-08-14 12:33:07,591 - STREAM b'IHDR' 16 13
2025-08-14 12:33:07,591 - STREAM b'sRGB' 41 1
2025-08-14 12:33:07,591 - STREAM b'gAMA' 54 4
2025-08-14 12:33:07,591 - STREAM b'pHYs' 70 9
2025-08-14 12:33:07,591 - STREAM b'IDAT' 91 19474
2025-08-14 12:33:07,622 - STREAM b'IHDR' 16 13
2025-08-14 12:33:07,622 - STREAM b'sRGB' 41 1
2025-08-14 12:33:07,622 - STREAM b'gAMA' 54 4
2025-08-14 12:33:07,622 - STREAM b'pHYs' 70 9
2025-08-14 12:33:07,622 - STREAM b'IDAT' 91 19474
2025-08-14 12:33:07,663 - STREAM b'IHDR' 16 13
2025-08-14 12:33:07,663 - STREAM b'sRGB' 41 1
2025-08-14 12:33:07,663 - STREAM b'gAMA' 54 4
2025-08-14 12:33:07,663 - STREAM b'pHYs' 70 9
2025-08-14 12:33:07,663 - STREAM b'IDAT' 91 19474
2025-08-14 12:33:07,693 - STREAM b'IHDR' 16 13
2025-08-14 12:33:07,693 - STREAM b'sRGB' 41 1
2025-08-14 12:33:07,693 - STREAM b'gAMA' 54 4
2025-08-14 12:33:07,693 - STREAM b'pHYs' 70 9
2025-08-14 12:33:07,693 - STREAM b'IDAT' 91 19474
2025-08-14 12:33:07,723 - STREAM b'IHDR' 16 13
2025-08-14 12:33:07,723 - STREAM b'sRGB' 41 1
2025-08-14 12:33:07,723 - STREAM b'gAMA' 54 4
2025-08-14 12:33:07,723 - STREAM b'pHYs' 70 9
2025-08-14 12:33:07,723 - STREAM b'IDAT' 91 19474
2025-08-14 12:33:07,761 - STREAM b'IHDR' 16 13
2025-08-14 12:33:07,761 - STREAM b'sRGB' 41 1
2025-08-14 12:33:07,761 - STREAM b'gAMA' 54 4
2025-08-14 12:33:07,761 - STREAM b'pHYs' 70 9
2025-08-14 12:33:07,761 - STREAM b'IDAT' 91 19474
2025-08-14 12:33:07,795 - STREAM b'IHDR' 16 13
2025-08-14 12:33:07,795 - STREAM b'sRGB' 41 1
2025-08-14 12:33:07,795 - STREAM b'gAMA' 54 4
2025-08-14 12:33:07,795 - STREAM b'pHYs' 70 9
2025-08-14 12:33:07,795 - STREAM b'IDAT' 91 19474
2025-08-14 12:33:07,826 - STREAM b'IHDR' 16 13
2025-08-14 12:33:07,826 - STREAM b'sRGB' 41 1
2025-08-14 12:33:07,826 - STREAM b'gAMA' 54 4
2025-08-14 12:33:07,826 - STREAM b'pHYs' 70 9
2025-08-14 12:33:07,826 - STREAM b'IDAT' 91 19474
2025-08-14 12:33:07,860 - STREAM b'IHDR' 16 13
2025-08-14 12:33:07,860 - STREAM b'sRGB' 41 1
2025-08-14 12:33:07,860 - STREAM b'gAMA' 54 4
2025-08-14 12:33:07,860 - STREAM b'pHYs' 70 9
2025-08-14 12:33:07,860 - STREAM b'IDAT' 91 19474
2025-08-14 12:33:07,888 - STREAM b'IHDR' 16 13
2025-08-14 12:33:07,888 - STREAM b'sRGB' 41 1
2025-08-14 12:33:07,888 - STREAM b'gAMA' 54 4
2025-08-14 12:33:07,888 - STREAM b'pHYs' 70 9
2025-08-14 12:33:07,888 - STREAM b'IDAT' 91 19474
2025-08-14 12:33:07,924 - STREAM b'IHDR' 16 13
2025-08-14 12:33:07,924 - STREAM b'sRGB' 41 1
2025-08-14 12:33:07,924 - STREAM b'gAMA' 54 4
2025-08-14 12:33:07,924 - STREAM b'pHYs' 70 9
2025-08-14 12:33:07,924 - STREAM b'IDAT' 91 19474
2025-08-14 12:33:07,949 - STREAM b'IHDR' 16 13
2025-08-14 12:33:07,949 - STREAM b'sRGB' 41 1
2025-08-14 12:33:07,959 - STREAM b'gAMA' 54 4
2025-08-14 12:33:07,959 - STREAM b'pHYs' 70 9
2025-08-14 12:33:07,959 - STREAM b'IDAT' 91 19474
2025-08-14 12:33:07,990 - STREAM b'IHDR' 16 13
2025-08-14 12:33:07,990 - STREAM b'sRGB' 41 1
2025-08-14 12:33:07,990 - STREAM b'gAMA' 54 4
2025-08-14 12:33:07,990 - STREAM b'pHYs' 70 9
2025-08-14 12:33:07,990 - STREAM b'IDAT' 91 19474
2025-08-14 12:33:08,020 - STREAM b'IHDR' 16 13
2025-08-14 12:33:08,020 - STREAM b'sRGB' 41 1
2025-08-14 12:33:08,020 - STREAM b'gAMA' 54 4
2025-08-14 12:33:08,020 - STREAM b'pHYs' 70 9
2025-08-14 12:33:08,020 - STREAM b'IDAT' 91 19474
2025-08-14 12:33:08,055 - STREAM b'IHDR' 16 13
2025-08-14 12:33:08,055 - STREAM b'sRGB' 41 1
2025-08-14 12:33:08,059 - STREAM b'gAMA' 54 4
2025-08-14 12:33:08,059 - STREAM b'pHYs' 70 9
2025-08-14 12:33:08,059 - STREAM b'IDAT' 91 19474
2025-08-14 12:33:08,082 - STREAM b'IHDR' 16 13
2025-08-14 12:33:08,082 - STREAM b'sRGB' 41 1
2025-08-14 12:33:08,082 - STREAM b'gAMA' 54 4
2025-08-14 12:33:08,082 - STREAM b'pHYs' 70 9
2025-08-14 12:33:08,082 - STREAM b'IDAT' 91 19474
2025-08-14 12:33:08,123 - STREAM b'IHDR' 16 13
2025-08-14 12:33:08,123 - STREAM b'sRGB' 41 1
2025-08-14 12:33:08,123 - STREAM b'gAMA' 54 4
2025-08-14 12:33:08,123 - STREAM b'pHYs' 70 9
2025-08-14 12:33:08,123 - STREAM b'IDAT' 91 19474
2025-08-14 12:33:08,155 - STREAM b'IHDR' 16 13
2025-08-14 12:33:08,155 - STREAM b'sRGB' 41 1
2025-08-14 12:33:08,155 - STREAM b'gAMA' 54 4
2025-08-14 12:33:08,155 - STREAM b'pHYs' 70 9
2025-08-14 12:33:08,155 - STREAM b'IDAT' 91 19474
2025-08-14 12:33:08,185 - STREAM b'IHDR' 16 13
2025-08-14 12:33:08,185 - STREAM b'sRGB' 41 1
2025-08-14 12:33:08,185 - STREAM b'gAMA' 54 4
2025-08-14 12:33:08,185 - STREAM b'pHYs' 70 9
2025-08-14 12:33:08,185 - STREAM b'IDAT' 91 19474
2025-08-14 12:33:08,216 - STREAM b'IHDR' 16 13
2025-08-14 12:33:08,216 - STREAM b'sRGB' 41 1
2025-08-14 12:33:08,216 - STREAM b'gAMA' 54 4
2025-08-14 12:33:08,216 - STREAM b'pHYs' 70 9
2025-08-14 12:33:08,216 - STREAM b'IDAT' 91 19474
2025-08-14 12:33:08,251 - STREAM b'IHDR' 16 13
2025-08-14 12:33:08,251 - STREAM b'sRGB' 41 1
2025-08-14 12:33:08,251 - STREAM b'gAMA' 54 4
2025-08-14 12:33:08,251 - STREAM b'pHYs' 70 9
2025-08-14 12:33:08,251 - STREAM b'IDAT' 91 19474
2025-08-14 12:33:08,277 - STREAM b'IHDR' 16 13
2025-08-14 12:33:08,277 - STREAM b'sRGB' 41 1
2025-08-14 12:33:08,277 - STREAM b'gAMA' 54 4
2025-08-14 12:33:08,277 - STREAM b'pHYs' 70 9
2025-08-14 12:33:08,277 - STREAM b'IDAT' 91 19474
2025-08-14 12:33:08,309 - STREAM b'IHDR' 16 13
2025-08-14 12:33:08,309 - STREAM b'sRGB' 41 1
2025-08-14 12:33:08,309 - STREAM b'gAMA' 54 4
2025-08-14 12:33:08,309 - STREAM b'pHYs' 70 9
2025-08-14 12:33:08,309 - STREAM b'IDAT' 91 19474
2025-08-14 12:33:08,349 - STREAM b'IHDR' 16 13
2025-08-14 12:33:08,349 - STREAM b'sRGB' 41 1
2025-08-14 12:33:08,349 - STREAM b'gAMA' 54 4
2025-08-14 12:33:08,349 - STREAM b'pHYs' 70 9
2025-08-14 12:33:08,349 - STREAM b'IDAT' 91 19474
2025-08-14 12:33:08,380 - STREAM b'IHDR' 16 13
2025-08-14 12:33:08,380 - STREAM b'sRGB' 41 1
2025-08-14 12:33:08,380 - STREAM b'gAMA' 54 4
2025-08-14 12:33:08,380 - STREAM b'pHYs' 70 9
2025-08-14 12:33:08,380 - STREAM b'IDAT' 91 19474
2025-08-14 12:33:08,411 - STREAM b'IHDR' 16 13
2025-08-14 12:33:08,411 - STREAM b'sRGB' 41 1
2025-08-14 12:33:08,411 - STREAM b'gAMA' 54 4
2025-08-14 12:33:08,411 - STREAM b'pHYs' 70 9
2025-08-14 12:33:08,411 - STREAM b'IDAT' 91 19474
2025-08-14 12:33:08,443 - STREAM b'IHDR' 16 13
2025-08-14 12:33:08,443 - STREAM b'sRGB' 41 1
2025-08-14 12:33:08,443 - STREAM b'gAMA' 54 4
2025-08-14 12:33:08,443 - STREAM b'pHYs' 70 9
2025-08-14 12:33:08,443 - STREAM b'IDAT' 91 19474
2025-08-14 12:33:08,480 - STREAM b'IHDR' 16 13
2025-08-14 12:33:08,480 - STREAM b'sRGB' 41 1
2025-08-14 12:33:08,480 - STREAM b'gAMA' 54 4
2025-08-14 12:33:08,480 - STREAM b'pHYs' 70 9
2025-08-14 12:33:08,480 - STREAM b'IDAT' 91 19474
2025-08-14 12:33:08,513 - STREAM b'IHDR' 16 13
2025-08-14 12:33:08,513 - STREAM b'sRGB' 41 1
2025-08-14 12:33:08,513 - STREAM b'gAMA' 54 4
2025-08-14 12:33:08,513 - STREAM b'pHYs' 70 9
2025-08-14 12:33:08,514 - STREAM b'IDAT' 91 19474
2025-08-14 12:34:33,161 - STREAM b'IHDR' 16 13
2025-08-14 12:34:33,161 - STREAM b'sRGB' 41 1
2025-08-14 12:34:33,161 - STREAM b'gAMA' 54 4
2025-08-14 12:34:33,161 - STREAM b'pHYs' 70 9
2025-08-14 12:34:33,161 - STREAM b'IDAT' 91 65445
2025-08-14 12:34:33,181 - STREAM b'IHDR' 16 13
2025-08-14 12:34:33,181 - STREAM b'sRGB' 41 1
2025-08-14 12:34:33,181 - STREAM b'gAMA' 54 4
2025-08-14 12:34:33,181 - STREAM b'pHYs' 70 9
2025-08-14 12:34:33,181 - STREAM b'IDAT' 91 19474
2025-08-14 12:34:33,181 - STREAM b'IHDR' 16 13
2025-08-14 12:34:33,181 - STREAM b'sRGB' 41 1
2025-08-14 12:34:33,181 - STREAM b'gAMA' 54 4
2025-08-14 12:34:33,181 - STREAM b'pHYs' 70 9
2025-08-14 12:34:33,181 - STREAM b'IDAT' 91 65445
2025-08-14 12:34:33,206 - STREAM b'IHDR' 16 13
2025-08-14 12:34:33,206 - STREAM b'sRGB' 41 1
2025-08-14 12:34:33,206 - STREAM b'gAMA' 54 4
2025-08-14 12:34:33,206 - STREAM b'pHYs' 70 9
2025-08-14 12:34:33,206 - STREAM b'IDAT' 91 19474
2025-08-14 12:34:33,214 - STREAM b'IHDR' 16 13
2025-08-14 12:34:33,214 - STREAM b'sRGB' 41 1
2025-08-14 12:34:33,214 - STREAM b'gAMA' 54 4
2025-08-14 12:34:33,214 - STREAM b'pHYs' 70 9
2025-08-14 12:34:33,214 - STREAM b'IDAT' 91 65445
2025-08-14 12:34:33,228 - STREAM b'IHDR' 16 13
2025-08-14 12:34:33,228 - STREAM b'sRGB' 41 1
2025-08-14 12:34:33,228 - STREAM b'gAMA' 54 4
2025-08-14 12:34:33,228 - STREAM b'pHYs' 70 9
2025-08-14 12:34:33,228 - STREAM b'IDAT' 91 19474
2025-08-14 12:34:37,663 - STREAM b'IHDR' 16 13
2025-08-14 12:34:37,663 - STREAM b'sRGB' 41 1
2025-08-14 12:34:37,663 - STREAM b'gAMA' 54 4
2025-08-14 12:34:37,663 - STREAM b'pHYs' 70 9
2025-08-14 12:34:37,663 - STREAM b'IDAT' 91 65445
2025-08-14 12:34:37,681 - STREAM b'IHDR' 16 13
2025-08-14 12:34:37,681 - STREAM b'sRGB' 41 1
2025-08-14 12:34:37,681 - STREAM b'gAMA' 54 4
2025-08-14 12:34:37,681 - STREAM b'pHYs' 70 9
2025-08-14 12:34:37,681 - STREAM b'IDAT' 91 19474
2025-08-14 12:34:38,316 - STREAM b'IHDR' 16 13
2025-08-14 12:34:38,316 - STREAM b'sRGB' 41 1
2025-08-14 12:34:38,316 - STREAM b'gAMA' 54 4
2025-08-14 12:34:38,316 - STREAM b'pHYs' 70 9
2025-08-14 12:34:38,316 - STREAM b'IDAT' 91 65445
2025-08-14 12:34:38,333 - STREAM b'IHDR' 16 13
2025-08-14 12:34:38,333 - STREAM b'sRGB' 41 1
2025-08-14 12:34:38,333 - STREAM b'gAMA' 54 4
2025-08-14 12:34:38,333 - STREAM b'pHYs' 70 9
2025-08-14 12:34:38,333 - STREAM b'IDAT' 91 19474
